{
    "summary":  {
                    "ground_truth_file":  "windows_attack_log.json",
                    "analysis_timestamp":  "2026-08-10T20:48:41Z",
                    "total_actions":  6,
                    "actions_captured":  6,
                    "capture_rate_percent":  100,
                    "multi_source_detections":  2,
                    "time_window_seconds":  30
                },
    "detection_matrix":  [
                             {
                                 "action_number":  1,
                                 "action":  "Created local user account \u0027support_update\u0027",
                                 "source":  "Security",
                                 "source_short":  "Security",
                                 "event_id":  "4720",
                                 "detail_level":  "Full",
                                 "status":  "CAPTURED",
                                 "key_fields":  {
                                                    "event_id":  4720,
                                                    "provider":  "Microsoft-Windows-Security-Auditing",
                                                    "timestamp":  "2026-08-10T20:37:12Z",
                                                    "message_length":  1008,
                                                    "has_message":  true
                                                },
                                 "timestamp":  "2026-08-10T20:37:12Z",
                                 "mitre_attack":  [
                                                      "T1136.001 - Account Creation: Local Account"
                                                  ]
                             },
                             {
                                 "action_number":  1,
                                 "action":  "Created local user account \u0027support_update\u0027",
                                 "source":  "Security",
                                 "source_short":  "Security",
                                 "event_id":  "4722",
                                 "detail_level":  "Full",
                                 "status":  "CAPTURED",
                                 "key_fields":  {
                                                    "event_id":  4722,
                                                    "provider":  "Microsoft-Windows-Security-Auditing",
                                                    "timestamp":  "2026-08-10T20:37:12Z",
                                                    "message_length":  322,
                                                    "has_message":  true
                                                },
                                 "timestamp":  "2026-08-10T20:37:12Z",
                                 "mitre_attack":  [
                                                      "T1136.001 - Account Creation: Local Account"
                                                  ]
                             },
                             {
                                 "action_number":  1,
                                 "action":  "Created local user account \u0027support_update\u0027",
                                 "source":  "Microsoft-Windows-Sysmon/Operational",
                                 "source_short":  "Sysmon",
                                 "event_id":  "1",
                                 "detail_level":  "Partial",
                                 "status":  "CAPTURED",
                                 "key_fields":  {
                                                    "event_id":  1,
                                                    "provider":  "Microsoft-Windows-Sysmon",
                                                    "timestamp":  "2026-08-10T20:37:13Z",
                                                    "message_length":  1072,
                                                    "has_message":  true
                                                },
                                 "timestamp":  "2026-08-10T20:37:12Z",
                                 "mitre_attack":  [
                                                      "T1136.001 - Account Creation: Local Account"
                                                  ]
                             },
                             {
                                 "action_number":  2,
                                 "action":  "Added user \u0027support_update\u0027 to Administrators group",
                                 "source":  "Security",
                                 "source_short":  "Security",
                                 "event_id":  "4732",
                                 "detail_level":  "Full",
                                 "status":  "CAPTURED",
                                 "key_fields":  {
                                                    "event_id":  4732,
                                                    "provider":  "Microsoft-Windows-Security-Auditing",
                                                    "timestamp":  "2026-08-10T20:37:12Z",
                                                    "message_length":  435,
                                                    "has_message":  true
                                                },
                                 "timestamp":  "2026-08-10T20:37:12Z",
                                 "mitre_attack":  [
                                                      "T1078.001 - Valid Accounts: Domain Admins",
                                                      "T1098 - Account Manipulation"
                                                  ]
                             },
                             {
                                 "action_number":  2,
                                 "action":  "Added user \u0027support_update\u0027 to Administrators group",
                                 "source":  "Security",
                                 "source_short":  "Security",
                                 "event_id":  "-",
                                 "detail_level":  "Missed",
                                 "status":  "MISSING",
                                 "key_fields":  {

                                                },
                                 "timestamp":  "2026-08-10T20:37:12Z",
                                 "mitre_attack":  [
                                                      "T1078.001 - Valid Accounts: Domain Admins",
                                                      "T1098 - Account Manipulation"
                                                  ]
                             },
                             {
                                 "action_number":  2,
                                 "action":  "Added user \u0027support_update\u0027 to Administrators group",
                                 "source":  "Security",
                                 "source_short":  "Security",
                                 "event_id":  "-",
                                 "detail_level":  "Missed",
                                 "status":  "MISSING",
                                 "key_fields":  {

                                                },
                                 "timestamp":  "2026-08-10T20:37:12Z",
                                 "mitre_attack":  [
                                                      "T1078.001 - Valid Accounts: Domain Admins",
                                                      "T1098 - Account Manipulation"
                                                  ]
                             },
                             {
                                 "action_number":  3,
                                 "action":  "Executed encoded PowerShell command (payload: Write-Host \u0027C2 beacon\u0027)",
                                 "source":  "Microsoft-Windows-PowerShell/Operational",
                                 "source_short":  "PS ScriptBlock",
                                 "event_id":  "4104",
                                 "detail_level":  "Partial",
                                 "status":  "CAPTURED",
                                 "key_fields":  {
                                                    "event_id":  4104,
                                                    "provider":  "Microsoft-Windows-PowerShell",
                                                    "timestamp":  "2026-08-10T20:37:27Z",
                                                    "message_length":  107,
                                                    "has_message":  true
                                                },
                                 "timestamp":  "2026-08-10T20:37:12Z",
                                 "mitre_attack":  [
                                                      "T1059.001 - PowerShell",
                                                      "T1140 - Deobfuscate/Decode Files or Information"
                                                  ]
                             },
                             {
                                 "action_number":  3,
                                 "action":  "Executed encoded PowerShell command (payload: Write-Host \u0027C2 beacon\u0027)",
                                 "source":  "Security",
                                 "source_short":  "Security",
                                 "event_id":  "4688",
                                 "detail_level":  "Partial",
                                 "status":  "CAPTURED",
                                 "key_fields":  {
                                                    "event_id":  4688,
                                                    "provider":  "Microsoft-Windows-Security-Auditing",
                                                    "timestamp":  "2026-08-10T20:37:13Z",
                                                    "message_length":  1693,
                                                    "has_message":  true
                                                },
                                 "timestamp":  "2026-08-10T20:37:12Z",
                                 "mitre_attack":  [
                                                      "T1059.001 - PowerShell",
                                                      "T1140 - Deobfuscate/Decode Files or Information"
                                                  ]
                             },
                             {
                                 "action_number":  3,
                                 "action":  "Executed encoded PowerShell command (payload: Write-Host \u0027C2 beacon\u0027)",
                                 "source":  "Microsoft-Windows-Sysmon/Operational",
                                 "source_short":  "Sysmon",
                                 "event_id":  "1",
                                 "detail_level":  "Full",
                                 "status":  "CAPTURED",
                                 "key_fields":  {
                                                    "event_id":  1,
                                                    "provider":  "Microsoft-Windows-Sysmon",
                                                    "timestamp":  "2026-08-10T20:37:13Z",
                                                    "message_length":  1072,
                                                    "has_message":  true
                                                },
                                 "timestamp":  "2026-08-10T20:37:12Z",
                                 "mitre_attack":  [
                                                      "T1059.001 - PowerShell",
                                                      "T1140 - Deobfuscate/Decode Files or Information"
                                                  ]
                             },
                             {
                                 "action_number":  4,
                                 "action":  "Created scheduled task \u0027WinUpdateService_8625b7ff\u0027 for persistence",
                                 "source":  "Microsoft-Windows-Sysmon/Operational",
                                 "source_short":  "Sysmon",
                                 "event_id":  "-",
                                 "detail_level":  "Missed",
                                 "status":  "MISSING",
                                 "key_fields":  {

                                                },
                                 "timestamp":  "2026-08-10T20:37:13Z",
                                 "mitre_attack":  [
                                                      "T1053.005 - Scheduled Task/Job"
                                                  ]
                             },
                             {
                                 "action_number":  4,
                                 "action":  "Created scheduled task \u0027WinUpdateService_8625b7ff\u0027 for persistence",
                                 "source":  "Security",
                                 "source_short":  "Security",
                                 "event_id":  "-",
                                 "detail_level":  "Missed",
                                 "status":  "MISSING",
                                 "key_fields":  {

                                                },
                                 "timestamp":  "2026-08-10T20:37:13Z",
                                 "mitre_attack":  [
                                                      "T1053.005 - Scheduled Task/Job"
                                                  ]
                             },
                             {
                                 "action_number":  4,
                                 "action":  "Created scheduled task \u0027WinUpdateService_8625b7ff\u0027 for persistence",
                                 "source":  "Microsoft-Windows-Sysmon/Operational",
                                 "source_short":  "Sysmon",
                                 "event_id":  "1",
                                 "detail_level":  "Full",
                                 "status":  "CAPTURED",
                                 "key_fields":  {
                                                    "event_id":  1,
                                                    "provider":  "Microsoft-Windows-Sysmon",
                                                    "timestamp":  "2026-08-10T20:37:13Z",
                                                    "message_length":  1072,
                                                    "has_message":  true
                                                },
                                 "timestamp":  "2026-08-10T20:37:13Z",
                                 "mitre_attack":  [
                                                      "T1053.005 - Scheduled Task/Job"
                                                  ]
                             },
                             {
                                 "action_number":  5,
                                 "action":  "Initiated outbound connection to ",
                                 "source":  "Microsoft-Windows-Sysmon/Operational",
                                 "source_short":  "Sysmon",
                                 "event_id":  "3",
                                 "detail_level":  "Full",
                                 "status":  "CAPTURED",
                                 "key_fields":  {
                                                    "event_id":  3,
                                                    "provider":  "Microsoft-Windows-Sysmon",
                                                    "timestamp":  "2026-08-10T20:37:14Z",
                                                    "message_length":  526,
                                                    "has_message":  true
                                                },
                                 "timestamp":  "2026-08-10T20:37:13Z",
                                 "mitre_attack":  [
                                                      "T1071.001 - Application Layer Protocol: Web Protocols"
                                                  ]
                             },
                             {
                                 "action_number":  6,
                                 "action":  "Dropped file \u0027C:\\ProgramData\\Microsoft\\Windows\\Start Menu\\Programs\\StartUp\\update_helper.bat\u0027 in startup directory",
                                 "source":  "Microsoft-Windows-Sysmon/Operational",
                                 "source_short":  "Sysmon",
                                 "event_id":  "11",
                                 "detail_level":  "Full",
                                 "status":  "CAPTURED",
                                 "key_fields":  {
                                                    "event_id":  11,
                                                    "provider":  "Microsoft-Windows-Sysmon",
                                                    "timestamp":  "2026-08-10T20:37:13Z",
                                                    "message_length":  364,
                                                    "has_message":  true
                                                },
                                 "timestamp":  "2026-08-10T20:37:13Z",
                                 "mitre_attack":  [
                                                      "T1547.001 - Boot or Logon Autostart Execution: Registry Run Keys / Startup Folder",
                                                      "T1105 - Ingress Tool Transfer"
                                                  ]
                             }
                         ],
    "ground_truth":  {
                         "value":  [
                                       {
                                           "action_number":  1,
                                           "description":  "Created local user account \u0027support_update\u0027",
                                           "timestamp":  "2026-08-10T20:37:12Z",
                                           "expected_detection_source":  [
                                                                             "Security Event ID 4720"
                                                                         ],
                                           "mitre_attack_technique":  [
                                                                          "T1136.001 - Account Creation: Local Account"
                                                                      ]
                                       },
                                       {
                                           "action_number":  2,
                                           "description":  "Added user \u0027support_update\u0027 to Administrators group",
                                           "timestamp":  "2026-08-10T20:37:12Z",
                                           "expected_detection_source":  [
                                                                             "Security Event ID 4732"
                                                                         ],
                                           "mitre_attack_technique":  [
                                                                          "T1078.001 - Valid Accounts: Domain Admins",
                                                                          "T1098 - Account Manipulation"
                                                                      ]
                                       },
                                       {
                                           "action_number":  3,
                                           "description":  "Executed encoded PowerShell command (payload: Write-Host \u0027C2 beacon\u0027)",
                                           "timestamp":  "2026-08-10T20:37:12Z",
                                           "expected_detection_source":  [
                                                                             "Security Event ID 4688",
                                                                             "PowerShell Event ID 4104",
                                                                             "Sysmon Event ID 1"
                                                                         ],
                                           "mitre_attack_technique":  [
                                                                          "T1059.001 - PowerShell",
                                                                          "T1140 - Deobfuscate/Decode Files or Information"
                                                                      ]
                                       },
                                       {
                                           "action_number":  4,
                                           "description":  "Created scheduled task \u0027WinUpdateService_8625b7ff\u0027 for persistence",
                                           "timestamp":  "2026-08-10T20:37:13Z",
                                           "expected_detection_source":  [
                                                                             "Security Event ID 4698",
                                                                             "Sysmon Event ID 20"
                                                                         ],
                                           "mitre_attack_technique":  [
                                                                          "T1053.005 - Scheduled Task/Job"
                                                                      ]
                                       },
                                       {
                                           "action_number":  5,
                                           "description":  "Initiated outbound connection to ",
                                           "timestamp":  "2026-08-10T20:37:13Z",
                                           "expected_detection_source":  [
                                                                             "Sysmon Event ID 3"
                                                                         ],
                                           "mitre_attack_technique":  [
                                                                          "T1071.001 - Application Layer Protocol: Web Protocols"
                                                                      ]
                                       },
                                       {
                                           "action_number":  6,
                                           "description":  "Dropped file \u0027C:\\ProgramData\\Microsoft\\Windows\\Start Menu\\Programs\\StartUp\\update_helper.bat\u0027 in startup directory",
                                           "timestamp":  "2026-08-10T20:37:13Z",
                                           "expected_detection_source":  [
                                                                             "Sysmon Event ID 11"
                                                                         ],
                                           "mitre_attack_technique":  [
                                                                          "T1547.001 - Boot or Logon Autostart Execution: Registry Run Keys / Startup Folder",
                                                                          "T1105 - Ingress Tool Transfer"
                                                                      ]
                                       }
                                   ],
                         "Count":  6
                     }
}
