{
    "Summary":  {
                    "GroundTruthFile":  "windows_attack_log.json",
                    "AnalysisTimestamp":  "2026-08-10T20:37:27Z",
                    "TotalActions":  6,
                    "ActionsCaptured":  6,
                    "CaptureRatePercent":  100,
                    "MultiSourceDetections":  2,
                    "TimeWindowSeconds":  60
                },
    "DetectionMatrix":  [
                            {
                                "Action":  "Created local user account \u0027support_update\u0027",
                                "Source":  "Security",
                                "SourceShort":  "Security",
                                "EventId":  "4720",
                                "Detail":  "Full",
                                "Status":  "CAPTURED",
                                "KeyFields":  {
                                                  "HasMessage":  true,
                                                  "EventID":  4720,
                                                  "Timestamp":  "2026-08-10T20:37:12Z",
                                                  "MessageLength":  1008,
                                                  "Provider":  "Microsoft-Windows-Security-Auditing"
                                              },
                                "Timestamp":  "2026-08-10T20:37:12Z",
                                "MitreTech":  [
                                                  "T1136.001 - Account Creation: Local Account"
                                              ]
                            },
                            {
                                "Action":  "Created local user account \u0027support_update\u0027",
                                "Source":  "Security",
                                "SourceShort":  "Security",
                                "EventId":  "4722",
                                "Detail":  "Full",
                                "Status":  "CAPTURED",
                                "KeyFields":  {
                                                  "HasMessage":  true,
                                                  "EventID":  4722,
                                                  "Timestamp":  "2026-08-10T20:37:12Z",
                                                  "MessageLength":  322,
                                                  "Provider":  "Microsoft-Windows-Security-Auditing"
                                              },
                                "Timestamp":  "2026-08-10T20:37:12Z",
                                "MitreTech":  [
                                                  "T1136.001 - Account Creation: Local Account"
                                              ]
                            },
                            {
                                "Action":  "Created local user account \u0027support_update\u0027",
                                "Source":  "Microsoft-Windows-Sysmon/Operational",
                                "SourceShort":  "Sysmon",
                                "EventId":  "1",
                                "Detail":  "Partial",
                                "Status":  "CAPTURED",
                                "KeyFields":  {
                                                  "HasMessage":  true,
                                                  "EventID":  1,
                                                  "Timestamp":  "2026-08-10T20:37:13Z",
                                                  "MessageLength":  1072,
                                                  "Provider":  "Microsoft-Windows-Sysmon"
                                              },
                                "Timestamp":  "2026-08-10T20:37:12Z",
                                "MitreTech":  [
                                                  "T1136.001 - Account Creation: Local Account"
                                              ]
                            },
                            {
                                "Action":  "Added user \u0027support_update\u0027 to Administrators group",
                                "Source":  "Security",
                                "SourceShort":  "Security",
                                "EventId":  "4732",
                                "Detail":  "Full",
                                "Status":  "CAPTURED",
                                "KeyFields":  {
                                                  "HasMessage":  true,
                                                  "EventID":  4732,
                                                  "Timestamp":  "2026-08-10T20:37:12Z",
                                                  "MessageLength":  435,
                                                  "Provider":  "Microsoft-Windows-Security-Auditing"
                                              },
                                "Timestamp":  "2026-08-10T20:37:12Z",
                                "MitreTech":  [
                                                  "T1078.001 - Valid Accounts: Domain Admins",
                                                  "T1098 - Account Manipulation"
                                              ]
                            },
                            {
                                "Action":  "Added user \u0027support_update\u0027 to Administrators group",
                                "Source":  "Security",
                                "SourceShort":  "Security",
                                "EventId":  "-",
                                "Detail":  "Missed",
                                "Status":  "MISSING",
                                "KeyFields":  {

                                              },
                                "Timestamp":  "2026-08-10T20:37:12Z",
                                "MitreTech":  [
                                                  "T1078.001 - Valid Accounts: Domain Admins",
                                                  "T1098 - Account Manipulation"
                                              ]
                            },
                            {
                                "Action":  "Added user \u0027support_update\u0027 to Administrators group",
                                "Source":  "Security",
                                "SourceShort":  "Security",
                                "EventId":  "-",
                                "Detail":  "Missed",
                                "Status":  "MISSING",
                                "KeyFields":  {

                                              },
                                "Timestamp":  "2026-08-10T20:37:12Z",
                                "MitreTech":  [
                                                  "T1078.001 - Valid Accounts: Domain Admins",
                                                  "T1098 - Account Manipulation"
                                              ]
                            },
                            {
                                "Action":  "Executed encoded PowerShell command (payload: Write-Host \u0027C2 beacon\u0027)",
                                "Source":  "Microsoft-Windows-PowerShell/Operational",
                                "SourceShort":  "PS ScriptBlock",
                                "EventId":  "4104",
                                "Detail":  "Partial",
                                "Status":  "CAPTURED",
                                "KeyFields":  {
                                                  "HasMessage":  true,
                                                  "EventID":  4104,
                                                  "Timestamp":  "2026-08-10T20:37:13Z",
                                                  "MessageLength":  107,
                                                  "Provider":  "Microsoft-Windows-PowerShell"
                                              },
                                "Timestamp":  "2026-08-10T20:37:12Z",
                                "MitreTech":  [
                                                  "T1059.001 - PowerShell",
                                                  "T1140 - Deobfuscate/Decode Files or Information"
                                              ]
                            },
                            {
                                "Action":  "Executed encoded PowerShell command (payload: Write-Host \u0027C2 beacon\u0027)",
                                "Source":  "Security",
                                "SourceShort":  "Security",
                                "EventId":  "4688",
                                "Detail":  "Partial",
                                "Status":  "CAPTURED",
                                "KeyFields":  {
                                                  "HasMessage":  true,
                                                  "EventID":  4688,
                                                  "Timestamp":  "2026-08-10T20:37:13Z",
                                                  "MessageLength":  1693,
                                                  "Provider":  "Microsoft-Windows-Security-Auditing"
                                              },
                                "Timestamp":  "2026-08-10T20:37:12Z",
                                "MitreTech":  [
                                                  "T1059.001 - PowerShell",
                                                  "T1140 - Deobfuscate/Decode Files or Information"
                                              ]
                            },
                            {
                                "Action":  "Executed encoded PowerShell command (payload: Write-Host \u0027C2 beacon\u0027)",
                                "Source":  "Microsoft-Windows-Sysmon/Operational",
                                "SourceShort":  "Sysmon",
                                "EventId":  "1",
                                "Detail":  "Full",
                                "Status":  "CAPTURED",
                                "KeyFields":  {
                                                  "HasMessage":  true,
                                                  "EventID":  1,
                                                  "Timestamp":  "2026-08-10T20:37:13Z",
                                                  "MessageLength":  1072,
                                                  "Provider":  "Microsoft-Windows-Sysmon"
                                              },
                                "Timestamp":  "2026-08-10T20:37:12Z",
                                "MitreTech":  [
                                                  "T1059.001 - PowerShell",
                                                  "T1140 - Deobfuscate/Decode Files or Information"
                                              ]
                            },
                            {
                                "Action":  "Created scheduled task \u0027WinUpdateService_8625b7ff\u0027 for persistence",
                                "Source":  "Microsoft-Windows-Sysmon/Operational",
                                "SourceShort":  "Sysmon",
                                "EventId":  "-",
                                "Detail":  "Missed",
                                "Status":  "MISSING",
                                "KeyFields":  {

                                              },
                                "Timestamp":  "2026-08-10T20:37:13Z",
                                "MitreTech":  [
                                                  "T1053.005 - Scheduled Task/Job"
                                              ]
                            },
                            {
                                "Action":  "Created scheduled task \u0027WinUpdateService_8625b7ff\u0027 for persistence",
                                "Source":  "Security",
                                "SourceShort":  "Security",
                                "EventId":  "-",
                                "Detail":  "Missed",
                                "Status":  "MISSING",
                                "KeyFields":  {

                                              },
                                "Timestamp":  "2026-08-10T20:37:13Z",
                                "MitreTech":  [
                                                  "T1053.005 - Scheduled Task/Job"
                                              ]
                            },
                            {
                                "Action":  "Created scheduled task \u0027WinUpdateService_8625b7ff\u0027 for persistence",
                                "Source":  "Microsoft-Windows-Sysmon/Operational",
                                "SourceShort":  "Sysmon",
                                "EventId":  "1",
                                "Detail":  "Full",
                                "Status":  "CAPTURED",
                                "KeyFields":  {
                                                  "HasMessage":  true,
                                                  "EventID":  1,
                                                  "Timestamp":  "2026-08-10T20:37:13Z",
                                                  "MessageLength":  1072,
                                                  "Provider":  "Microsoft-Windows-Sysmon"
                                              },
                                "Timestamp":  "2026-08-10T20:37:13Z",
                                "MitreTech":  [
                                                  "T1053.005 - Scheduled Task/Job"
                                              ]
                            },
                            {
                                "Action":  "Initiated outbound connection to ",
                                "Source":  "Microsoft-Windows-Sysmon/Operational",
                                "SourceShort":  "Sysmon",
                                "EventId":  "3",
                                "Detail":  "Full",
                                "Status":  "CAPTURED",
                                "KeyFields":  {
                                                  "HasMessage":  true,
                                                  "EventID":  3,
                                                  "Timestamp":  "2026-08-10T20:37:14Z",
                                                  "MessageLength":  526,
                                                  "Provider":  "Microsoft-Windows-Sysmon"
                                              },
                                "Timestamp":  "2026-08-10T20:37:13Z",
                                "MitreTech":  [
                                                  "T1071.001 - Application Layer Protocol: Web Protocols"
                                              ]
                            },
                            {
                                "Action":  "Dropped file \u0027C:\\ProgramData\\Microsoft\\Windows\\Start Menu\\Programs\\StartUp\\update_helper.bat\u0027 in startup directory",
                                "Source":  "Microsoft-Windows-Sysmon/Operational",
                                "SourceShort":  "Sysmon",
                                "EventId":  "11",
                                "Detail":  "Full",
                                "Status":  "CAPTURED",
                                "KeyFields":  {
                                                  "HasMessage":  true,
                                                  "EventID":  11,
                                                  "Timestamp":  "2026-08-10T20:37:13Z",
                                                  "MessageLength":  364,
                                                  "Provider":  "Microsoft-Windows-Sysmon"
                                              },
                                "Timestamp":  "2026-08-10T20:37:13Z",
                                "MitreTech":  [
                                                  "T1547.001 - Boot or Logon Autostart Execution: Registry Run Keys / Startup Folder",
                                                  "T1105 - Ingress Tool Transfer"
                                              ]
                            }
                        ],
    "GroundTruth":  {
                        "value":  [
                                      {
                                          "action_number":  1,
                                          "description":  "Created local user account \u0027support_update\u0027",
                                          "timestamp":  "2026-08-10T20:37:12Z",
                                          "expected_detection_source":  [
                                                                            "Security Event ID 4720"
                                                                        ],
                                          "mitre_attack_technique":  [
                                                                         "T1136.001 - Account Creation: Local Account"
                                                                     ]
                                      },
                                      {
                                          "action_number":  2,
                                          "description":  "Added user \u0027support_update\u0027 to Administrators group",
                                          "timestamp":  "2026-08-10T20:37:12Z",
                                          "expected_detection_source":  [
                                                                            "Security Event ID 4732"
                                                                        ],
                                          "mitre_attack_technique":  [
                                                                         "T1078.001 - Valid Accounts: Domain Admins",
                                                                         "T1098 - Account Manipulation"
                                                                     ]
                                      },
                                      {
                                          "action_number":  3,
                                          "description":  "Executed encoded PowerShell command (payload: Write-Host \u0027C2 beacon\u0027)",
                                          "timestamp":  "2026-08-10T20:37:12Z",
                                          "expected_detection_source":  [
                                                                            "Security Event ID 4688",
                                                                            "PowerShell Event ID 4104",
                                                                            "Sysmon Event ID 1"
                                                                        ],
                                          "mitre_attack_technique":  [
                                                                         "T1059.001 - PowerShell",
                                                                         "T1140 - Deobfuscate/Decode Files or Information"
                                                                     ]
                                      },
                                      {
                                          "action_number":  4,
                                          "description":  "Created scheduled task \u0027WinUpdateService_8625b7ff\u0027 for persistence",
                                          "timestamp":  "2026-08-10T20:37:13Z",
                                          "expected_detection_source":  [
                                                                            "Security Event ID 4698",
                                                                            "Sysmon Event ID 20"
                                                                        ],
                                          "mitre_attack_technique":  [
                                                                         "T1053.005 - Scheduled Task/Job"
                                                                     ]
                                      },
                                      {
                                          "action_number":  5,
                                          "description":  "Initiated outbound connection to ",
                                          "timestamp":  "2026-08-10T20:37:13Z",
                                          "expected_detection_source":  [
                                                                            "Sysmon Event ID 3"
                                                                        ],
                                          "mitre_attack_technique":  [
                                                                         "T1071.001 - Application Layer Protocol: Web Protocols"
                                                                     ]
                                      },
                                      {
                                          "action_number":  6,
                                          "description":  "Dropped file \u0027C:\\ProgramData\\Microsoft\\Windows\\Start Menu\\Programs\\StartUp\\update_helper.bat\u0027 in startup directory",
                                          "timestamp":  "2026-08-10T20:37:13Z",
                                          "expected_detection_source":  [
                                                                            "Sysmon Event ID 11"
                                                                        ],
                                          "mitre_attack_technique":  [
                                                                         "T1547.001 - Boot or Logon Autostart Execution: Registry Run Keys / Startup Folder",
                                                                         "T1105 - Ingress Tool Transfer"
                                                                     ]
                                      }
                                  ],
                        "Count":  6
                    }
}
