    {
        "timestamp":  "2026-08-21T14:12:48.2318957+02:00",
        "log_source":  "Sysmon",
        "event_id":  1,
        "raw_message":  "Process Create:\r\nRuleName: -\r\nUtcTime: 2026-08-21 12:12:48.229\r\nProcessGuid: {25cfb7e9-40c0-6a88-ff04-000000000400}\r\nProcessId: 3280\r\nImage: C:\\Windows\\System32\\svchost.exe\r\nFileVersion: 10.0.26100.8737 (WinBuild.160101.0800)\r\nDescription: Host Process for Windows Services\r\nProduct: Microsoft® Windows® Operating System\r\nCompany: Microsoft Corporation\r\nOriginalFileName: svchost.exe\r\nCommandLine: C:\\WINDOWS\\system32\\svchost.exe -k LocalService -p -s SstpSvc\r\nCurrentDirectory: C:\\WINDOWS\\system32\\\r\nUser: NT AUTHORITY\\LOCAL SERVICE\r\nLogonGuid: {25cfb7e9-4979-6a87-e503-000000000000}\r\nLogonId: 0x3E5\r\nTerminalSessionId: 0\r\nIntegrityLevel: System\r\nHashes: MD5=07FE1BE55D1049C7B48E270C466502D4,SHA256=1222A44A5FDB4EFDE4DFCB41093648627950E7EC02D8667F1C26CCAE31D922E2,IMPHASH=DE43BD45CC98C143357416C7519ECCFD\r\nParentProcessGuid: {25cfb7e9-4979-6a87-0b00-000000000400}\r\nParentProcessId: 808\r\nParentImage: C:\\Windows\\System32\\services.exe\r\nParentCommandLine: C:\\WINDOWS\\system32\\services.exe\r\nParentUser: NT AUTHORITY\\SYSTEM"
    },
    {
        "timestamp":  "2026-08-21T14:12:48.1264962+02:00",
        "log_source":  "Sysmon",
        "event_id":  1,
        "raw_message":  "Process Create:\r\nRuleName: -\r\nUtcTime: 2026-08-21 12:12:48.125\r\nProcessGuid: {25cfb7e9-40c0-6a88-fd04-000000000400}\r\nProcessId: 10500\r\nImage: C:\\Windows\\System32\\taskhostw.exe\r\nFileVersion: 10.0.26100.8328 (WinBuild.160101.0800)\r\nDescription: Host Process for Windows Tasks\r\nProduct: Microsoft® Windows® Operating System\r\nCompany: Microsoft Corporation\r\nOriginalFileName: taskhostw.exe\r\nCommandLine: taskhostw.exe\r\nCurrentDirectory: C:\\WINDOWS\\system32\\\r\nUser: NT AUTHORITY\\SYSTEM\r\nLogonGuid: {25cfb7e9-4979-6a87-e703-000000000000}\r\nLogonId: 0x3E7\r\nTerminalSessionId: 0\r\nIntegrityLevel: System\r\nHashes: MD5=9E9370331B9D14ABBA21091FFFCD1D1E,SHA256=EA8D441DF237FB3D3B7A27A95FDE186E19C94D58A618F5C29ED5FC13CB155E96,IMPHASH=2196268E7A2880E3ADC74481297D0C4B\r\nParentProcessGuid: {25cfb7e9-497a-6a87-2b00-000000000400}\r\nParentProcessId: 2028\r\nParentImage: C:\\Windows\\System32\\svchost.exe\r\nParentCommandLine: C:\\WINDOWS\\system32\\svchost.exe -k netsvcs -p -s Schedule\r\nParentUser: NT AUTHORITY\\SYSTEM"
    },
    {
        "timestamp":  "2026-08-21T14:12:47.4049614+02:00",
        "log_source":  "Sysmon",
        "event_id":  1,
        "raw_message":  "Process Create:\r\nRuleName: -\r\nUtcTime: 2026-08-21 12:12:47.354\r\nProcessGuid: {25cfb7e9-40bf-6a88-fc04-000000000400}\r\nProcessId: 10048\r\nImage: C:\\Windows\\ImmersiveControlPanel\\SystemSettings.exe\r\nFileVersion: 10.0.26100.8972 (WinBuild.160101.0800)\r\nDescription: Settings\r\nProduct: Microsoft® Windows® Operating System\r\nCompany: Microsoft Corporation\r\nOriginalFileName: SystemSettings.exe\r\nCommandLine: \"C:\\Windows\\ImmersiveControlPanel\\SystemSettings.exe\" -ServerName:microsoft.windows.immersivecontrolpanel\r\nCurrentDirectory: C:\\Windows\\ImmersiveControlPanel\\\r\nUser: HAWTHORNE-ADM-0\\analyst\r\nLogonGuid: {25cfb7e9-4980-6a87-1430-040000000000}\r\nLogonId: 0x43014\r\nTerminalSessionId: 1\r\nIntegrityLevel: Medium\r\nHashes: MD5=FE79EB27A9D8871E875A4CC1989C67AF,SHA256=1ABB5656A1EC562B47ECB9860F1DAFAB6F18AEFA669819F6690C6DCB92D4C43B,IMPHASH=AC97060BFD665F2F8A38B5C8340BDFD0\r\nParentProcessGuid: {25cfb7e9-4979-6a87-0d00-000000000400}\r\nParentProcessId: 956\r\nParentImage: C:\\Windows\\System32\\svchost.exe\r\nParentCommandLine: C:\\WINDOWS\\system32\\svchost.exe -k DcomLaunch -p\r\nParentUser: NT AUTHORITY\\SYSTEM"
    },
    {
        "timestamp":  "2026-08-21T14:11:46.2462384+02:00",
        "log_source":  "Sysmon",
        "event_id":  13,
        "raw_message":  "Registry value set:\r\nRuleName: Context,DeviceConnectedOrUpdated\r\nEventType: SetValue\r\nUtcTime: 2026-08-21 12:11:46.244\r\nProcessGuid: {25cfb7e9-4082-6a88-fa04-000000000400}\r\nProcessId: 7936\r\nImage: C:\\WINDOWS\\System32\\sdbinst.exe\r\nTargetObject: HKLM\\SOFTWARE\\Microsoft\\Windows NT\\CurrentVersion\\AppCompatFlags\\SdbUpdates\\msimain.sdb\\01DA54B25CE0D000.msimain.sdb\\FriendlyName\r\nDetails: Microsoft System Installer Compatibility Database\r\nUser: NT AUTHORITY\\SYSTEM"
    },
    {
        "timestamp":  "2026-08-21T14:11:46.2437460+02:00",
        "log_source":  "Sysmon",
        "event_id":  13,
        "raw_message":  "Registry value set:\r\nRuleName: Context,DeviceConnectedOrUpdated\r\nEventType: SetValue\r\nUtcTime: 2026-08-21 12:11:46.242\r\nProcessGuid: {25cfb7e9-4082-6a88-fa04-000000000400}\r\nProcessId: 7936\r\nImage: C:\\WINDOWS\\System32\\sdbinst.exe\r\nTargetObject: HKLM\\SOFTWARE\\Microsoft\\Windows NT\\CurrentVersion\\AppCompatFlags\\SdbUpdates\\sysmain.sdb\\01DA54B25CE0D000.sysmain.sdb\\FriendlyName\r\nDetails: Microsoft Windows Application Compatibility Fix Database\r\nUser: NT AUTHORITY\\SYSTEM"
    },
    {
        "timestamp":  "2026-08-21T14:11:46.2141263+02:00",
        "log_source":  "Sysmon",
        "event_id":  1,
        "raw_message":  "Process Create:\r\nRuleName: -\r\nUtcTime: 2026-08-21 12:11:46.208\r\nProcessGuid: {25cfb7e9-4082-6a88-fa04-000000000400}\r\nProcessId: 7936\r\nImage: C:\\Windows\\System32\\sdbinst.exe\r\nFileVersion: 10.0.26100.9168 (WinBuild.160101.0800)\r\nDescription: Application Compatibility Database Installer\r\nProduct: Microsoft® Windows® Operating System\r\nCompany: Microsoft Corporation\r\nOriginalFileName: sdbinst.exe\r\nCommandLine: C:\\WINDOWS\\System32\\sdbinst.exe -m -bg\r\nCurrentDirectory: C:\\WINDOWS\\system32\\\r\nUser: NT AUTHORITY\\SYSTEM\r\nLogonGuid: {25cfb7e9-4979-6a87-e703-000000000000}\r\nLogonId: 0x3E7\r\nTerminalSessionId: 0\r\nIntegrityLevel: System\r\nHashes: MD5=8FA471D7C7AD8533DB0FD696C91E0E3F,SHA256=3B05A3EBF55B8847191FCB61F6DC4D3B14F2CA82EAF9329CD66812DBFA0508BD,IMPHASH=1B6EE3C1899EA90A8A3811555E1DA64E\r\nParentProcessGuid: {25cfb7e9-4985-6a87-7c00-000000000400}\r\nParentProcessId: 6348\r\nParentImage: C:\\Windows\\System32\\svchost.exe\r\nParentCommandLine: C:\\WINDOWS\\system32\\svchost.exe -k LocalSystemNetworkRestricted -p -s PcaSvc\r\nParentUser: NT AUTHORITY\\SYSTEM"
    },
    {
        "timestamp":  "2026-08-21T14:11:19.3222150+02:00",
        "log_source":  "Sysmon",
        "event_id":  1,
        "raw_message":  "Process Create:\r\nRuleName: -\r\nUtcTime: 2026-08-21 12:11:19.320\r\nProcessGuid: {25cfb7e9-4067-6a88-f604-000000000400}\r\nProcessId: 4172\r\nImage: C:\\Windows\\System32\\cmd.exe\r\nFileVersion: 10.0.26100.8972 (WinBuild.160101.0800)\r\nDescription: Windows Command Processor\r\nProduct: Microsoft® Windows® Operating System\r\nCompany: Microsoft Corporation\r\nOriginalFileName: Cmd.Exe\r\nCommandLine: \"cmd.exe\" /c echo MedDefense test task\r\nCurrentDirectory: C:\\WINDOWS\\system32\\\r\nUser: NT AUTHORITY\\SYSTEM\r\nLogonGuid: {25cfb7e9-4979-6a87-e703-000000000000}\r\nLogonId: 0x3E7\r\nTerminalSessionId: 0\r\nIntegrityLevel: System\r\nHashes: MD5=E463E36104D22A2479046A7D4F620816,SHA256=8DD1EBB0B969370C70A5EE7F7EE347949AA7046AA5E1A33FCD7B1E9415B21FC3,IMPHASH=010B165E4C37F484601D3DBD700C9423\r\nParentProcessGuid: {25cfb7e9-497a-6a87-2b00-000000000400}\r\nParentProcessId: 2028\r\nParentImage: C:\\Windows\\System32\\svchost.exe\r\nParentCommandLine: C:\\WINDOWS\\system32\\svchost.exe -k netsvcs -p -s Schedule\r\nParentUser: NT AUTHORITY\\SYSTEM"
    },
    {
        "timestamp":  "2026-08-21T14:11:19.2821087+02:00",
        "log_source":  "Sysmon",
        "event_id":  11,
        "raw_message":  "File created:\r\nRuleName: T1053\r\nUtcTime: 2026-08-21 12:11:19.279\r\nProcessGuid: {25cfb7e9-497a-6a87-2b00-000000000400}\r\nProcessId: 2028\r\nImage: C:\\WINDOWS\\system32\\svchost.exe\r\nTargetFilename: C:\\Windows\\System32\\Tasks\\MedDefenseTestTask\r\nCreationUtcTime: 2026-08-21 12:11:19.279\r\nUser: NT AUTHORITY\\SYSTEM"
    },
    {
        "timestamp":  "2026-08-21T14:11:13.6954592+02:00",
        "log_source":  "Sysmon",
        "event_id":  13,
        "raw_message":  "Registry value set:\r\nRuleName: -\r\nEventType: SetValue\r\nUtcTime: 2026-08-21 12:11:13.693\r\nProcessGuid: {25cfb7e9-497a-6a87-2300-000000000400}\r\nProcessId: 1764\r\nImage: C:\\WINDOWS\\System32\\svchost.exe\r\nTargetObject: HKLM\\SOFTWARE\\Microsoft\\Windows\\CurrentVersion\\WINEVT\\Channels\\Microsoft-Windows-Sysmon/Operational\\MaxSizeUpper\r\nDetails: DWORD (0x00000000)\r\nUser: NT AUTHORITY\\LOCAL SERVICE"
    },
    {
        "timestamp":  "2026-08-21T14:11:13.6954056+02:00",
        "log_source":  "Sysmon",
        "event_id":  13,
        "raw_message":  "Registry value set:\r\nRuleName: -\r\nEventType: SetValue\r\nUtcTime: 2026-08-21 12:11:13.693\r\nProcessGuid: {25cfb7e9-497a-6a87-2300-000000000400}\r\nProcessId: 1764\r\nImage: C:\\WINDOWS\\System32\\svchost.exe\r\nTargetObject: HKLM\\SOFTWARE\\Microsoft\\Windows\\CurrentVersion\\WINEVT\\Channels\\Microsoft-Windows-Sysmon/Operational\\MaxSize\r\nDetails: DWORD (0x06400000)\r\nUser: NT AUTHORITY\\LOCAL SERVICE"
    },
    {
        "timestamp":  "2026-08-21T14:11:13.6953438+02:00",
        "log_source":  "Sysmon",
        "event_id":  13,
        "raw_message":  "Registry value set:\r\nRuleName: -\r\nEventType: SetValue\r\nUtcTime: 2026-08-21 12:11:13.693\r\nProcessGuid: {25cfb7e9-497a-6a87-2300-000000000400}\r\nProcessId: 1764\r\nImage: C:\\WINDOWS\\System32\\svchost.exe\r\nTargetObject: HKLM\\SOFTWARE\\Microsoft\\Windows\\CurrentVersion\\WINEVT\\Channels\\Microsoft-Windows-Sysmon/Operational\\Enabled\r\nDetails: DWORD (0x00000001)\r\nUser: NT AUTHORITY\\LOCAL SERVICE"
    },
    {
        "timestamp":  "2026-08-21T14:11:13.6677606+02:00",
        "log_source":  "Sysmon",
        "event_id":  13,
        "raw_message":  "Registry value set:\r\nRuleName: -\r\nEventType: SetValue\r\nUtcTime: 2026-08-21 12:11:13.666\r\nProcessGuid: {25cfb7e9-497a-6a87-2300-000000000400}\r\nProcessId: 1764\r\nImage: C:\\WINDOWS\\System32\\svchost.exe\r\nTargetObject: HKLM\\SOFTWARE\\Microsoft\\Windows\\CurrentVersion\\WINEVT\\Channels\\Microsoft-Windows-PowerShell/Operational\\MaxSizeUpper\r\nDetails: DWORD (0x00000000)\r\nUser: NT AUTHORITY\\LOCAL SERVICE"
    },
    {
        "timestamp":  "2026-08-21T14:11:13.6677174+02:00",
        "log_source":  "Sysmon",
        "event_id":  13,
        "raw_message":  "Registry value set:\r\nRuleName: -\r\nEventType: SetValue\r\nUtcTime: 2026-08-21 12:11:13.666\r\nProcessGuid: {25cfb7e9-497a-6a87-2300-000000000400}\r\nProcessId: 1764\r\nImage: C:\\WINDOWS\\System32\\svchost.exe\r\nTargetObject: HKLM\\SOFTWARE\\Microsoft\\Windows\\CurrentVersion\\WINEVT\\Channels\\Microsoft-Windows-PowerShell/Operational\\MaxSize\r\nDetails: DWORD (0x06400000)\r\nUser: NT AUTHORITY\\LOCAL SERVICE"
    },
    {
        "timestamp":  "2026-08-21T14:11:13.6676680+02:00",
        "log_source":  "Sysmon",
        "event_id":  13,
        "raw_message":  "Registry value set:\r\nRuleName: -\r\nEventType: SetValue\r\nUtcTime: 2026-08-21 12:11:13.666\r\nProcessGuid: {25cfb7e9-497a-6a87-2300-000000000400}\r\nProcessId: 1764\r\nImage: C:\\WINDOWS\\System32\\svchost.exe\r\nTargetObject: HKLM\\SOFTWARE\\Microsoft\\Windows\\CurrentVersion\\WINEVT\\Channels\\Microsoft-Windows-PowerShell/Operational\\Enabled\r\nDetails: DWORD (0x00000001)\r\nUser: NT AUTHORITY\\LOCAL SERVICE"
    },
    {
        "timestamp":  "2026-08-21T14:11:09.9818945+02:00",
        "log_source":  "Sysmon",
        "event_id":  11,
        "raw_message":  "File created:\r\nRuleName: -\r\nUtcTime: 2026-08-21 12:11:09.979\r\nProcessGuid: {25cfb7e9-4981-6a87-6200-000000000400}\r\nProcessId: 4988\r\nImage: C:\\WINDOWS\\Explorer.EXE\r\nTargetFilename: C:\\Users\\analyst\\Script\\5-telemetry_deploy.ps1\r\nCreationUtcTime: 2026-08-21 11:54:36.281\r\nUser: HAWTHORNE-ADM-0\\analyst"
    },
    {
        "timestamp":  "2026-08-21T14:10:49.0619737+02:00",
        "log_source":  "Sysmon",
        "event_id":  1,
        "raw_message":  "Process Create:\r\nRuleName: -\r\nUtcTime: 2026-08-21 12:10:49.059\r\nProcessGuid: {25cfb7e9-4049-6a88-f304-000000000400}\r\nProcessId: 304\r\nImage: C:\\Windows\\System32\\svchost.exe\r\nFileVersion: 10.0.26100.8737 (WinBuild.160101.0800)\r\nDescription: Host Process for Windows Services\r\nProduct: Microsoft® Windows® Operating System\r\nCompany: Microsoft Corporation\r\nOriginalFileName: svchost.exe\r\nCommandLine: C:\\WINDOWS\\System32\\svchost.exe -k CameraMonitor\r\nCurrentDirectory: C:\\WINDOWS\\system32\\\r\nUser: NT AUTHORITY\\SYSTEM\r\nLogonGuid: {25cfb7e9-4979-6a87-e703-000000000000}\r\nLogonId: 0x3E7\r\nTerminalSessionId: 0\r\nIntegrityLevel: System\r\nHashes: MD5=07FE1BE55D1049C7B48E270C466502D4,SHA256=1222A44A5FDB4EFDE4DFCB41093648627950E7EC02D8667F1C26CCAE31D922E2,IMPHASH=DE43BD45CC98C143357416C7519ECCFD\r\nParentProcessGuid: {25cfb7e9-4979-6a87-0b00-000000000400}\r\nParentProcessId: 808\r\nParentImage: C:\\Windows\\System32\\services.exe\r\nParentCommandLine: C:\\WINDOWS\\system32\\services.exe\r\nParentUser: NT AUTHORITY\\SYSTEM"
    },
    {
        "timestamp":  "2026-08-21T14:10:40.3521859+02:00",
        "log_source":  "Sysmon",
        "event_id":  22,
        "raw_message":  "Dns query:\r\nRuleName: -\r\nUtcTime: 2026-08-20 19:36:50.271\r\nProcessGuid: {25cfb7e9-3fd1-6a88-e204-000000000400}\r\nProcessId: 7960\r\nQueryName: HAWTHORNE-ADM-0\r\nQueryStatus: 0\r\nQueryResults: fe80::309d:1ccf:fe53:4afa;::ffff:192.168.10.116;\r\nImage: C:\\WINDOWS\\system32\\wbem\\wmiprvse.exe\r\nUser: NT AUTHORITY\\NETWORK SERVICE"
    },
    {
        "timestamp":  "2026-08-21T14:10:37.4290781+02:00",
        "log_source":  "Sysmon",
        "event_id":  11,
        "raw_message":  "File created:\r\nRuleName: -\r\nUtcTime: 2026-08-21 12:10:37.427\r\nProcessGuid: {25cfb7e9-403d-6a88-f004-000000000400}\r\nProcessId: 4448\r\nImage: C:\\WINDOWS\\System32\\WindowsPowerShell\\v1.0\\powershell.exe\r\nTargetFilename: C:\\Windows\\SystemTemp\\__PSScriptPolicyTest_z1p2szgd.fyh.ps1\r\nCreationUtcTime: 2026-08-21 12:10:37.427\r\nUser: NT AUTHORITY\\SYSTEM"
    },
    {
        "timestamp":  "2026-08-21T14:10:37.3395891+02:00",
        "log_source":  "Sysmon",
        "event_id":  1,
        "raw_message":  "Process Create:\r\nRuleName: -\r\nUtcTime: 2026-08-21 12:10:37.334\r\nProcessGuid: {25cfb7e9-403d-6a88-f004-000000000400}\r\nProcessId: 4448\r\nImage: C:\\Windows\\System32\\WindowsPowerShell\\v1.0\\powershell.exe\r\nFileVersion: 10.0.26100.8875 (WinBuild.160101.0800)\r\nDescription: Windows PowerShell\r\nProduct: Microsoft® Windows® Operating System\r\nCompany: Microsoft Corporation\r\nOriginalFileName: PowerShell.EXE\r\nCommandLine: powershell.exe -ExecutionPolicy Restricted -Command Write-Host \u0027Final result: 1\u0027;\r\nCurrentDirectory: C:\\WINDOWS\\system32\\\r\nUser: NT AUTHORITY\\SYSTEM\r\nLogonGuid: {25cfb7e9-4979-6a87-e703-000000000000}\r\nLogonId: 0x3E7\r\nTerminalSessionId: 0\r\nIntegrityLevel: System\r\nHashes: MD5=E65ECCA3754249C00F50A035202F7591,SHA256=7600FFE12DA441FE89D035B13801E8E91D064BC544A27B19A5CF49F6AB8B18F5,IMPHASH=AFACF6DC9041114B198160AAB4D0AE77\r\nParentProcessGuid: {25cfb7e9-400b-6a88-e904-000000000400}\r\nParentProcessId: 4812\r\nParentImage: C:\\Windows\\System32\\CompatTelRunner.exe\r\nParentCommandLine: C:\\WINDOWS\\system32\\compattelrunner.exe -cv:lKHFRXg8KUCFJWAC.0.6 -wce:0000000000000000  -fullsync -m:appraiser.dll -f:DoScheduledTelemetryRun \r\nParentUser: NT AUTHORITY\\SYSTEM"
    },
    {
        "timestamp":  "2026-08-21T14:10:35.4351716+02:00",
        "log_source":  "Sysmon",
        "event_id":  11,
        "raw_message":  "File created:\r\nRuleName: -\r\nUtcTime: 2026-08-21 12:10:35.430\r\nProcessGuid: {25cfb7e9-403b-6a88-ee04-000000000400}\r\nProcessId: 11112\r\nImage: C:\\WINDOWS\\System32\\WindowsPowerShell\\v1.0\\powershell.exe\r\nTargetFilename: C:\\Windows\\SystemTemp\\__PSScriptPolicyTest_xj40pfhe.2xs.ps1\r\nCreationUtcTime: 2026-08-21 12:10:35.430\r\nUser: NT AUTHORITY\\SYSTEM"
    },
    {
        "timestamp":  "2026-08-21T14:10:35.2445208+02:00",
        "log_source":  "Sysmon",
        "event_id":  1,
        "raw_message":  "Process Create:\r\nRuleName: -\r\nUtcTime: 2026-08-21 12:10:35.232\r\nProcessGuid: {25cfb7e9-403b-6a88-ee04-000000000400}\r\nProcessId: 11112\r\nImage: C:\\Windows\\System32\\WindowsPowerShell\\v1.0\\powershell.exe\r\nFileVersion: 10.0.26100.8875 (WinBuild.160101.0800)\r\nDescription: Windows PowerShell\r\nProduct: Microsoft® Windows® Operating System\r\nCompany: Microsoft Corporation\r\nOriginalFileName: PowerShell.EXE\r\nCommandLine: powershell.exe -ExecutionPolicy Restricted -Command \n                        $Res = 0\n                        $InboxIMEs = (@(\n                          \u0027{0000897b-83df-4b96-be07-0fb58b01c4a4}\u0027,\u0027{03b5835f-f03c-411b-9ce2-aa23e1171e36}\u0027,\n                          \u0027{531fdebf-9b4c-4a43-a2aa-960e8fcdc732}\u0027,\u0027{6a498709-e00b-4c45-a018-8f9e4081ae40}\u0027,\n                          \u0027{7c472071-36a7-4709-88cc-859513e583a9}\u0027,\u0027{81d4e9c9-1d3b-41bc-9e6c-4b40bf79e35e}\u0027,\n                          \u0027{81ea0a17-aa39-455b-ba20-ea79a8f98966}\u0027,\u0027{8613e14c-d0c0-4161-ac0f-1dd2563286bc}\u0027,\n                          \u0027{a028ae76-01b1-46c2-99c4-acd9858ae02f}\u0027,\u0027{a1e2b86b-924a-4d43-80f6-8a820df7190f}\u0027,\n                          \u0027{b115690a-ea02-48d5-a231-e3578d2fdf80}\u0027,\u0027{c2cb2cf0-af47-413e-9780-8bc3a3c16068}\u0027,\n                          \u0027{dcbd6fa8-032f-11d3-b5b1-00c04fc324a1}\u0027,\u0027{e429b25a-e5d3-4d1f-9be3-0c608477e3a1}\u0027,\n                          \u0027{f25e9f57-2fc8-4eb3-a41a-cce5f08541e6}\u0027,\u0027{fa445657-9379-11d6-b41a-00065b83ee53}\u0027\n                        ) | ForEach-Object { [regex]::Escape($_) }) -join \u0027|\u0027\n                        $InboxPattern = \u0027TIP\\\\(?:\u0027 + $InboxIMEs + \u0027)\u0027\n                        $LanguageProfiles = Get-Item \u0027HKLM:\\SOFTWARE\\Microsoft\\CTF\\TIP\\{????????-????-????-????-????????????}\\LanguageProfile\\0x*\\{????????-????-????-????-????????????}\u0027 -EA SilentlyContinue\n                        foreach ($prof in @($LanguageProfiles)) {\n                          if ($prof.PSPath -match $InboxPattern) { continue }\n                          $pp = Get-ItemProperty $prof.PSPath -EA SilentlyContinue\n       "
    },
    {
        "timestamp":  "2026-08-21T14:09:50.6818745+02:00",
        "log_source":  "Sysmon",
        "event_id":  1,
        "raw_message":  "Process Create:\r\nRuleName: -\r\nUtcTime: 2026-08-21 12:09:50.677\r\nProcessGuid: {25cfb7e9-400e-6a88-ec04-000000000400}\r\nProcessId: 10456\r\nImage: C:\\Windows\\WinSxS\\amd64_microsoft-windows-servicingstack_31bf3856ad364e35_10.0.26100.9156_none_a546383f7734e5e5\\TiWorker.exe\r\nFileVersion: 10.0.26100.9156 (WinBuild.160101.0800)\r\nDescription: Windows Modules Installer Worker\r\nProduct: Microsoft® Windows® Operating System\r\nCompany: Microsoft Corporation\r\nOriginalFileName: TiWorker.exe\r\nCommandLine: C:\\WINDOWS\\winsxs\\amd64_microsoft-windows-servicingstack_31bf3856ad364e35_10.0.26100.9156_none_a546383f7734e5e5\\TiWorker.exe -Embedding\r\nCurrentDirectory: C:\\WINDOWS\\system32\\\r\nUser: NT AUTHORITY\\SYSTEM\r\nLogonGuid: {25cfb7e9-4979-6a87-e703-000000000000}\r\nLogonId: 0x3E7\r\nTerminalSessionId: 0\r\nIntegrityLevel: System\r\nHashes: MD5=3C1B9CE5F76E99F8E8D85DDC5CF739D8,SHA256=F46E2736394159BEC3BF617CFDACC4C37FDE3809044610DDB6848B43BF7CAFC8,IMPHASH=8138F313B2ED787DAD307B2ECE1400E5\r\nParentProcessGuid: {25cfb7e9-4979-6a87-0d00-000000000400}\r\nParentProcessId: 956\r\nParentImage: C:\\Windows\\System32\\svchost.exe\r\nParentCommandLine: C:\\WINDOWS\\system32\\svchost.exe -k DcomLaunch -p\r\nParentUser: NT AUTHORITY\\SYSTEM"
    },
    {
        "timestamp":  "2026-08-21T14:09:50.6624234+02:00",
        "log_source":  "Sysmon",
        "event_id":  1,
        "raw_message":  "Process Create:\r\nRuleName: -\r\nUtcTime: 2026-08-21 12:09:50.657\r\nProcessGuid: {25cfb7e9-400e-6a88-eb04-000000000400}\r\nProcessId: 6368\r\nImage: C:\\Windows\\servicing\\TrustedInstaller.exe\r\nFileVersion: 10.0.26100.9168 (WinBuild.160101.0800)\r\nDescription: Windows Modules Installer\r\nProduct: Microsoft® Windows® Operating System\r\nCompany: Microsoft Corporation\r\nOriginalFileName: TrustedInstaller.exe\r\nCommandLine: C:\\WINDOWS\\servicing\\TrustedInstaller.exe\r\nCurrentDirectory: C:\\WINDOWS\\system32\\\r\nUser: NT AUTHORITY\\SYSTEM\r\nLogonGuid: {25cfb7e9-4979-6a87-e703-000000000000}\r\nLogonId: 0x3E7\r\nTerminalSessionId: 0\r\nIntegrityLevel: System\r\nHashes: MD5=06E9C91E4DF1C28FD8BBA61F9664125D,SHA256=DF13F27D5E606D064C3CD0583174DE69798D2A404BD172C5F9B3AA1AABB2B17F,IMPHASH=3538EC2894B99A7F12D731CC5A7B69B6\r\nParentProcessGuid: {25cfb7e9-4979-6a87-0b00-000000000400}\r\nParentProcessId: 808\r\nParentImage: C:\\Windows\\System32\\services.exe\r\nParentCommandLine: C:\\WINDOWS\\system32\\services.exe\r\nParentUser: NT AUTHORITY\\SYSTEM"
    },
    {
        "timestamp":  "2026-08-21T14:09:49.5920982+02:00",
        "log_source":  "Sysmon",
        "event_id":  22,
        "raw_message":  "Dns query:\r\nRuleName: -\r\nUtcTime: 2026-08-20 19:35:59.858\r\nProcessGuid: {25cfb7e9-400b-6a88-e904-000000000400}\r\nProcessId: 4812\r\nQueryName: hawthorne-adm-0\r\nQueryStatus: 0\r\nQueryResults: fe80::309d:1ccf:fe53:4afa;::ffff:192.168.10.116;\r\nImage: C:\\WINDOWS\\system32\\compattelrunner.exe\r\nUser: NT AUTHORITY\\SYSTEM"
    },
    {
        "timestamp":  "2026-08-21T14:09:17.6378014+02:00",
        "log_source":  "Sysmon",
        "event_id":  1,
        "raw_message":  "Process Create:\r\nRuleName: -\r\nUtcTime: 2026-08-21 12:09:17.635\r\nProcessGuid: {25cfb7e9-3fed-6a88-e804-000000000400}\r\nProcessId: 9948\r\nImage: C:\\Windows\\System32\\taskhostw.exe\r\nFileVersion: 10.0.26100.8328 (WinBuild.160101.0800)\r\nDescription: Host Process for Windows Tasks\r\nProduct: Microsoft® Windows® Operating System\r\nCompany: Microsoft Corporation\r\nOriginalFileName: taskhostw.exe\r\nCommandLine: taskhostw.exe\r\nCurrentDirectory: C:\\WINDOWS\\system32\\\r\nUser: NT AUTHORITY\\SYSTEM\r\nLogonGuid: {25cfb7e9-4979-6a87-e703-000000000000}\r\nLogonId: 0x3E7\r\nTerminalSessionId: 0\r\nIntegrityLevel: System\r\nHashes: MD5=9E9370331B9D14ABBA21091FFFCD1D1E,SHA256=EA8D441DF237FB3D3B7A27A95FDE186E19C94D58A618F5C29ED5FC13CB155E96,IMPHASH=2196268E7A2880E3ADC74481297D0C4B\r\nParentProcessGuid: {25cfb7e9-497a-6a87-2b00-000000000400}\r\nParentProcessId: 2028\r\nParentImage: C:\\Windows\\System32\\svchost.exe\r\nParentCommandLine: C:\\WINDOWS\\system32\\svchost.exe -k netsvcs -p -s Schedule\r\nParentUser: NT AUTHORITY\\SYSTEM"
    },
    {
        "timestamp":  "2026-08-21T14:08:56.6696689+02:00",
        "log_source":  "Sysmon",
        "event_id":  1,
        "raw_message":  "Process Create:\r\nRuleName: -\r\nUtcTime: 2026-08-21 12:08:56.668\r\nProcessGuid: {25cfb7e9-3fd8-6a88-e704-000000000400}\r\nProcessId: 10268\r\nImage: C:\\Windows\\System32\\smartscreen.exe\r\nFileVersion: 10.0.26100.8972 (WinBuild.160101.0800)\r\nDescription: Windows Defender SmartScreen\r\nProduct: Microsoft® Windows® Operating System\r\nCompany: Microsoft Corporation\r\nOriginalFileName: smartscreen.exe\r\nCommandLine: C:\\Windows\\System32\\smartscreen.exe -Embedding\r\nCurrentDirectory: C:\\WINDOWS\\system32\\\r\nUser: HAWTHORNE-ADM-0\\analyst\r\nLogonGuid: {25cfb7e9-4980-6a87-1430-040000000000}\r\nLogonId: 0x43014\r\nTerminalSessionId: 1\r\nIntegrityLevel: Medium\r\nHashes: MD5=8C82BDA3ED4D8963EF65D91A0CECCBC1,SHA256=2AF496C24C1DEF94006DA19E6E5940715067BA8AFD482FE4C7C944E882EC43A3,IMPHASH=3D967AE398FD13D8BAF1933856991799\r\nParentProcessGuid: {25cfb7e9-4979-6a87-0d00-000000000400}\r\nParentProcessId: 956\r\nParentImage: C:\\Windows\\System32\\svchost.exe\r\nParentCommandLine: C:\\WINDOWS\\system32\\svchost.exe -k DcomLaunch -p\r\nParentUser: NT AUTHORITY\\SYSTEM"
    },
    {
        "timestamp":  "2026-08-21T14:08:56.6297451+02:00",
        "log_source":  "Sysmon",
        "event_id":  1,
        "raw_message":  "Process Create:\r\nRuleName: -\r\nUtcTime: 2026-08-21 12:08:56.627\r\nProcessGuid: {25cfb7e9-3fd8-6a88-e604-000000000400}\r\nProcessId: 2444\r\nImage: C:\\Windows\\System32\\taskhostw.exe\r\nFileVersion: 10.0.26100.8328 (WinBuild.160101.0800)\r\nDescription: Host Process for Windows Tasks\r\nProduct: Microsoft® Windows® Operating System\r\nCompany: Microsoft Corporation\r\nOriginalFileName: taskhostw.exe\r\nCommandLine: taskhostw.exe\r\nCurrentDirectory: C:\\WINDOWS\\system32\\\r\nUser: NT AUTHORITY\\SYSTEM\r\nLogonGuid: {25cfb7e9-4979-6a87-e703-000000000000}\r\nLogonId: 0x3E7\r\nTerminalSessionId: 0\r\nIntegrityLevel: System\r\nHashes: MD5=9E9370331B9D14ABBA21091FFFCD1D1E,SHA256=EA8D441DF237FB3D3B7A27A95FDE186E19C94D58A618F5C29ED5FC13CB155E96,IMPHASH=2196268E7A2880E3ADC74481297D0C4B\r\nParentProcessGuid: {25cfb7e9-497a-6a87-2b00-000000000400}\r\nParentProcessId: 2028\r\nParentImage: C:\\Windows\\System32\\svchost.exe\r\nParentCommandLine: C:\\WINDOWS\\system32\\svchost.exe -k netsvcs -p -s Schedule\r\nParentUser: NT AUTHORITY\\SYSTEM"
    },
    {
        "timestamp":  "2026-08-21T14:08:53.1704131+02:00",
        "log_source":  "Sysmon",
        "event_id":  22,
        "raw_message":  "Dns query:\r\nRuleName: -\r\nUtcTime: 2026-08-20 19:35:03.077\r\nProcessGuid: {25cfb7e9-3fd1-6a88-e204-000000000400}\r\nProcessId: 7960\r\nQueryName: HAWTHORNE-ADM-0\r\nQueryStatus: 0\r\nQueryResults: fe80::309d:1ccf:fe53:4afa;::ffff:192.168.10.116;\r\nImage: C:\\WINDOWS\\system32\\wbem\\wmiprvse.exe\r\nUser: NT AUTHORITY\\NETWORK SERVICE"
    },
    {
        "timestamp":  "2026-08-21T14:08:50.6436874+02:00",
        "log_source":  "Sysmon",
        "event_id":  1,
        "raw_message":  "Process Create:\r\nRuleName: -\r\nUtcTime: 2026-08-21 12:08:50.641\r\nProcessGuid: {25cfb7e9-3fd2-6a88-e304-000000000400}\r\nProcessId: 9460\r\nImage: C:\\Windows\\System32\\svchost.exe\r\nFileVersion: 10.0.26100.8737 (WinBuild.160101.0800)\r\nDescription: Host Process for Windows Services\r\nProduct: Microsoft® Windows® Operating System\r\nCompany: Microsoft Corporation\r\nOriginalFileName: svchost.exe\r\nCommandLine: C:\\WINDOWS\\System32\\svchost.exe -k smphost\r\nCurrentDirectory: C:\\WINDOWS\\system32\\\r\nUser: NT AUTHORITY\\NETWORK SERVICE\r\nLogonGuid: {25cfb7e9-4979-6a87-e403-000000000000}\r\nLogonId: 0x3E4\r\nTerminalSessionId: 0\r\nIntegrityLevel: System\r\nHashes: MD5=07FE1BE55D1049C7B48E270C466502D4,SHA256=1222A44A5FDB4EFDE4DFCB41093648627950E7EC02D8667F1C26CCAE31D922E2,IMPHASH=DE43BD45CC98C143357416C7519ECCFD\r\nParentProcessGuid: {25cfb7e9-4979-6a87-0b00-000000000400}\r\nParentProcessId: 808\r\nParentImage: C:\\Windows\\System32\\services.exe\r\nParentCommandLine: C:\\WINDOWS\\system32\\services.exe\r\nParentUser: NT AUTHORITY\\SYSTEM"
    },
    {
        "timestamp":  "2026-08-21T14:08:17.4111965+02:00",
        "log_source":  "Sysmon",
        "event_id":  1,
        "raw_message":  "Process Create:\r\nRuleName: -\r\nUtcTime: 2026-08-21 12:08:17.382\r\nProcessGuid: {25cfb7e9-3fb1-6a88-dd04-000000000400}\r\nProcessId: 9764\r\nImage: C:\\Windows\\UUS\\amd64\\MoUsoCoreWorker.exe\r\nFileVersion: 1509.2607.1012.0\r\nDescription: MoUSO Core Worker Process\r\nProduct: Microsoft® Windows® Operating System\r\nCompany: Microsoft Corporation\r\nOriginalFileName: MoUSOCoreWorker.exe\r\nCommandLine: \"C:\\WINDOWS\\uus\\AMD64\\MoUsoCoreWorker.exe\" useprivatenamespaces\r\nCurrentDirectory: C:\\WINDOWS\\system32\\\r\nUser: NT AUTHORITY\\SYSTEM\r\nLogonGuid: {25cfb7e9-4979-6a87-e703-000000000000}\r\nLogonId: 0x3E7\r\nTerminalSessionId: 0\r\nIntegrityLevel: System\r\nHashes: MD5=620BAE4C8BF599F2289B71E1CDCDD009,SHA256=D74C055552ADB882BBE57D746B5659A75A20552F09D715D904B8A8D82B76E5B8,IMPHASH=6022CD9CBE0FB37CB87DD6C459CEDFA7\r\nParentProcessGuid: {25cfb7e9-49b2-6a87-cc00-000000000400}\r\nParentProcessId: 9516\r\nParentImage: C:\\Windows\\System32\\svchost.exe\r\nParentCommandLine: C:\\WINDOWS\\system32\\svchost.exe -k netsvcs -p -s UsoSvc\r\nParentUser: NT AUTHORITY\\SYSTEM"
    },
    {
        "timestamp":  "2026-08-21T14:08:10.9479003+02:00",
        "log_source":  "Sysmon",
        "event_id":  1,
        "raw_message":  "Process Create:\r\nRuleName: -\r\nUtcTime: 2026-08-21 12:08:10.946\r\nProcessGuid: {25cfb7e9-3faa-6a88-dc04-000000000400}\r\nProcessId: 7448\r\nImage: C:\\Windows\\System32\\svchost.exe\r\nFileVersion: 10.0.26100.8737 (WinBuild.160101.0800)\r\nDescription: Host Process for Windows Services\r\nProduct: Microsoft® Windows® Operating System\r\nCompany: Microsoft Corporation\r\nOriginalFileName: svchost.exe\r\nCommandLine: C:\\WINDOWS\\system32\\svchost.exe -k GPSvcGroup\r\nCurrentDirectory: C:\\WINDOWS\\system32\\\r\nUser: NT AUTHORITY\\SYSTEM\r\nLogonGuid: {25cfb7e9-4979-6a87-e703-000000000000}\r\nLogonId: 0x3E7\r\nTerminalSessionId: 0\r\nIntegrityLevel: System\r\nHashes: MD5=07FE1BE55D1049C7B48E270C466502D4,SHA256=1222A44A5FDB4EFDE4DFCB41093648627950E7EC02D8667F1C26CCAE31D922E2,IMPHASH=DE43BD45CC98C143357416C7519ECCFD\r\nParentProcessGuid: {25cfb7e9-4979-6a87-0b00-000000000400}\r\nParentProcessId: 808\r\nParentImage: C:\\Windows\\System32\\services.exe\r\nParentCommandLine: C:\\WINDOWS\\system32\\services.exe\r\nParentUser: NT AUTHORITY\\SYSTEM"
    },
    {
        "timestamp":  "2026-08-21T14:03:57.5326513+02:00",
        "log_source":  "Sysmon",
        "event_id":  1,
        "raw_message":  "Process Create:\r\nRuleName: -\r\nUtcTime: 2026-08-21 12:03:57.531\r\nProcessGuid: {25cfb7e9-3ead-6a88-da04-000000000400}\r\nProcessId: 4156\r\nImage: C:\\Windows\\System32\\cmd.exe\r\nFileVersion: 10.0.26100.8972 (WinBuild.160101.0800)\r\nDescription: Windows Command Processor\r\nProduct: Microsoft® Windows® Operating System\r\nCompany: Microsoft Corporation\r\nOriginalFileName: Cmd.Exe\r\nCommandLine: \"cmd.exe\" /c echo MedDefense test task\r\nCurrentDirectory: C:\\WINDOWS\\system32\\\r\nUser: NT AUTHORITY\\SYSTEM\r\nLogonGuid: {25cfb7e9-4979-6a87-e703-000000000000}\r\nLogonId: 0x3E7\r\nTerminalSessionId: 0\r\nIntegrityLevel: System\r\nHashes: MD5=E463E36104D22A2479046A7D4F620816,SHA256=8DD1EBB0B969370C70A5EE7F7EE347949AA7046AA5E1A33FCD7B1E9415B21FC3,IMPHASH=010B165E4C37F484601D3DBD700C9423\r\nParentProcessGuid: {25cfb7e9-497a-6a87-2b00-000000000400}\r\nParentProcessId: 2028\r\nParentImage: C:\\Windows\\System32\\svchost.exe\r\nParentCommandLine: C:\\WINDOWS\\system32\\svchost.exe -k netsvcs -p -s Schedule\r\nParentUser: NT AUTHORITY\\SYSTEM"
    },
    {
        "timestamp":  "2026-08-21T14:03:57.5044014+02:00",
        "log_source":  "Sysmon",
        "event_id":  11,
        "raw_message":  "File created:\r\nRuleName: T1053\r\nUtcTime: 2026-08-21 12:03:57.502\r\nProcessGuid: {25cfb7e9-497a-6a87-2b00-000000000400}\r\nProcessId: 2028\r\nImage: C:\\WINDOWS\\system32\\svchost.exe\r\nTargetFilename: C:\\Windows\\System32\\Tasks\\MedDefenseTestTask\r\nCreationUtcTime: 2026-08-21 12:03:57.502\r\nUser: NT AUTHORITY\\SYSTEM"
    },
    {
        "timestamp":  "2026-08-21T14:03:53.2240645+02:00",
        "log_source":  "Sysmon",
        "event_id":  11,
        "raw_message":  "File created:\r\nRuleName: -\r\nUtcTime: 2026-08-21 12:03:53.221\r\nProcessGuid: {25cfb7e9-4981-6a87-6200-000000000400}\r\nProcessId: 4988\r\nImage: C:\\WINDOWS\\Explorer.EXE\r\nTargetFilename: C:\\Users\\analyst\\Script\\5-telemetry_deploy.ps1\r\nCreationUtcTime: 2026-08-21 11:54:36.281\r\nUser: HAWTHORNE-ADM-0\\analyst"
    },
    {
        "timestamp":  "2026-08-21T14:02:36.2936485+02:00",
        "log_source":  "Sysmon",
        "event_id":  1,
        "raw_message":  "Process Create:\r\nRuleName: -\r\nUtcTime: 2026-08-21 12:02:36.291\r\nProcessGuid: {25cfb7e9-3e5c-6a88-d604-000000000400}\r\nProcessId: 10548\r\nImage: C:\\Windows\\System32\\wermgr.exe\r\nFileVersion: 10.0.26100.8972 (WinBuild.160101.0800)\r\nDescription: Windows Problem Reporting\r\nProduct: Microsoft® Windows® Operating System\r\nCompany: Microsoft Corporation\r\nOriginalFileName: WerMgr\r\nCommandLine: \"C:\\WINDOWS\\system32\\wermgr.exe\" -upload\r\nCurrentDirectory: C:\\WINDOWS\\system32\\\r\nUser: NT AUTHORITY\\SYSTEM\r\nLogonGuid: {25cfb7e9-4979-6a87-e703-000000000000}\r\nLogonId: 0x3E7\r\nTerminalSessionId: 0\r\nIntegrityLevel: System\r\nHashes: MD5=7FAEBCBFE326A04DE4A4803BA7EE7DEF,SHA256=50BD23D3C29088A31DD1229F9B01268A7BED7BA96912FFA4E45697882A116CC3,IMPHASH=0663EFB87019D0AFFBAD3D2E9FE1CD61\r\nParentProcessGuid: {25cfb7e9-497a-6a87-2b00-000000000400}\r\nParentProcessId: 2028\r\nParentImage: C:\\Windows\\System32\\svchost.exe\r\nParentCommandLine: C:\\WINDOWS\\system32\\svchost.exe -k netsvcs -p -s Schedule\r\nParentUser: NT AUTHORITY\\SYSTEM"
    },
    {
        "timestamp":  "2026-08-21T14:01:25.1339027+02:00",
        "log_source":  "Sysmon",
        "event_id":  1,
        "raw_message":  "Process Create:\r\nRuleName: -\r\nUtcTime: 2026-08-21 12:01:25.127\r\nProcessGuid: {25cfb7e9-3e15-6a88-d304-000000000400}\r\nProcessId: 9420\r\nImage: C:\\Windows\\System32\\cmd.exe\r\nFileVersion: 10.0.26100.8972 (WinBuild.160101.0800)\r\nDescription: Windows Command Processor\r\nProduct: Microsoft® Windows® Operating System\r\nCompany: Microsoft Corporation\r\nOriginalFileName: Cmd.Exe\r\nCommandLine: \"cmd.exe\" /c echo MedDefense test task\r\nCurrentDirectory: C:\\WINDOWS\\system32\\\r\nUser: NT AUTHORITY\\SYSTEM\r\nLogonGuid: {25cfb7e9-4979-6a87-e703-000000000000}\r\nLogonId: 0x3E7\r\nTerminalSessionId: 0\r\nIntegrityLevel: System\r\nHashes: MD5=E463E36104D22A2479046A7D4F620816,SHA256=8DD1EBB0B969370C70A5EE7F7EE347949AA7046AA5E1A33FCD7B1E9415B21FC3,IMPHASH=010B165E4C37F484601D3DBD700C9423\r\nParentProcessGuid: {25cfb7e9-497a-6a87-2b00-000000000400}\r\nParentProcessId: 2028\r\nParentImage: C:\\Windows\\System32\\svchost.exe\r\nParentCommandLine: C:\\WINDOWS\\system32\\svchost.exe -k netsvcs -p -s Schedule\r\nParentUser: NT AUTHORITY\\SYSTEM"
    },
    {
        "timestamp":  "2026-08-21T14:01:25.0863827+02:00",
        "log_source":  "Sysmon",
        "event_id":  11,
        "raw_message":  "File created:\r\nRuleName: T1053\r\nUtcTime: 2026-08-21 12:01:25.084\r\nProcessGuid: {25cfb7e9-497a-6a87-2b00-000000000400}\r\nProcessId: 2028\r\nImage: C:\\WINDOWS\\system32\\svchost.exe\r\nTargetFilename: C:\\Windows\\System32\\Tasks\\MedDefenseTestTask\r\nCreationUtcTime: 2026-08-21 12:01:25.084\r\nUser: NT AUTHORITY\\SYSTEM"
    },
    {
        "timestamp":  "2026-08-21T14:01:19.1922010+02:00",
        "log_source":  "Sysmon",
        "event_id":  11,
        "raw_message":  "File created:\r\nRuleName: -\r\nUtcTime: 2026-08-21 12:01:19.190\r\nProcessGuid: {25cfb7e9-4981-6a87-6200-000000000400}\r\nProcessId: 4988\r\nImage: C:\\WINDOWS\\Explorer.EXE\r\nTargetFilename: C:\\Users\\analyst\\Script\\5-telemetry_deploy.ps1\r\nCreationUtcTime: 2026-08-21 11:54:36.281\r\nUser: HAWTHORNE-ADM-0\\analyst"
    },
    {
        "timestamp":  "2026-08-21T14:01:01.2748487+02:00",
        "log_source":  "Sysmon",
        "event_id":  1,
        "raw_message":  "Process Create:\r\nRuleName: -\r\nUtcTime: 2026-08-21 12:01:01.272\r\nProcessGuid: {25cfb7e9-3dfd-6a88-cf04-000000000400}\r\nProcessId: 11176\r\nImage: C:\\Windows\\SystemApps\\MicrosoftWindows.Client.CBS_cw5n1h2txyewy\\SoftLandingTask\\SoftLandingTask.exe\r\nFileVersion: 2606.26002.200.0\r\nDescription: -\r\nProduct: Microsoft® Windows® Operating System\r\nCompany: Microsoft Corporation\r\nOriginalFileName: SoftLandingTask.exe\r\nCommandLine: \"C:\\WINDOWS\\SystemApps\\MicrosoftWindows.Client.CBS_cw5n1h2txyewy\\SoftLandingTask\\SoftLandingTask.exe\" -Embedding\r\nCurrentDirectory: C:\\WINDOWS\\system32\\\r\nUser: HAWTHORNE-ADM-0\\analyst\r\nLogonGuid: {25cfb7e9-4980-6a87-1430-040000000000}\r\nLogonId: 0x43014\r\nTerminalSessionId: 1\r\nIntegrityLevel: Medium\r\nHashes: MD5=17D4AA311B9A22E65689973D02B86CDE,SHA256=90E82F585D2D46996A3E2060095E56D727C76DBFBF8E5DBAFA36A11C7569FD48,IMPHASH=41FAA649D6771CE7D2A185A37249990B\r\nParentProcessGuid: {25cfb7e9-4979-6a87-0d00-000000000400}\r\nParentProcessId: 956\r\nParentImage: C:\\Windows\\System32\\svchost.exe\r\nParentCommandLine: C:\\WINDOWS\\system32\\svchost.exe -k DcomLaunch -p\r\nParentUser: NT AUTHORITY\\SYSTEM"
    },
    {
        "timestamp":  "2026-08-21T14:01:01.2505668+02:00",
        "log_source":  "Sysmon",
        "event_id":  1,
        "raw_message":  "Process Create:\r\nRuleName: -\r\nUtcTime: 2026-08-21 12:01:01.248\r\nProcessGuid: {25cfb7e9-3dfd-6a88-ce04-000000000400}\r\nProcessId: 3644\r\nImage: C:\\Windows\\System32\\taskhostw.exe\r\nFileVersion: 10.0.26100.8328 (WinBuild.160101.0800)\r\nDescription: Host Process for Windows Tasks\r\nProduct: Microsoft® Windows® Operating System\r\nCompany: Microsoft Corporation\r\nOriginalFileName: taskhostw.exe\r\nCommandLine: taskhostw.exe CreativeId:18=128000000001615609;CourtesyOverrideRuleName:4=none;\r\nCurrentDirectory: C:\\WINDOWS\\system32\\\r\nUser: HAWTHORNE-ADM-0\\analyst\r\nLogonGuid: {25cfb7e9-4980-6a87-1430-040000000000}\r\nLogonId: 0x43014\r\nTerminalSessionId: 1\r\nIntegrityLevel: Medium\r\nHashes: MD5=9E9370331B9D14ABBA21091FFFCD1D1E,SHA256=EA8D441DF237FB3D3B7A27A95FDE186E19C94D58A618F5C29ED5FC13CB155E96,IMPHASH=2196268E7A2880E3ADC74481297D0C4B\r\nParentProcessGuid: {25cfb7e9-497a-6a87-2b00-000000000400}\r\nParentProcessId: 2028\r\nParentImage: C:\\Windows\\System32\\svchost.exe\r\nParentCommandLine: C:\\WINDOWS\\system32\\svchost.exe -k netsvcs -p -s Schedule\r\nParentUser: NT AUTHORITY\\SYSTEM"
    },
    {
        "timestamp":  "2026-08-21T14:30:37.3276056+02:00",
        "log_source":  "PowerShell",
        "event_id":  4104,
        "raw_message":  "Creating Scriptblock text (1 of 1):\r\n# Name: 5-telemetry_deploy.ps1\n# Purpose: Deploy telemetry (Sysmon + Script Block Logging), run controlled test sequences, verify coverage, and export evidence.\n# Author: Stephen Reilly\n# Exit Codes: 0=Success, 1=Control Failure (verification failed), 2=Environment Error (missing deps/files)\n\nSet-StrictMode -Version Latest\n$ErrorActionPreference = \u0027Stop\u0027\n\n# --- Configuration ---\n$LogDir = \"capstone\\telemetry\"\n$WindowsEventsJson = Join-Path $PWD \"$LogDir\\windows_events.json\"\n$WindowsCoverageJson = Join-Path $PWD \"$LogDir\\windows_coverage.json\"\n$TestUser = \"TestAuditUser\"\n$ScheduledTaskName = \"MedDefenseTestTask\"\n$TestServiceName = \"BITS\"\n\n# Coverage tracking hashtable\n$coverageStatus = [ordered]@{\n    \"user_creation\"      = \"pending\"\n    \"scheduled_task\"     = \"pending\"\n    \"service_start_stop\" = \"pending\"\n    \"powershell_command\" = \"pending\"\n}\n\n# --- Logging Helpers ---\nfunction Write-LogStep {\n    param([string]$Message)\n    $timestamp = Get-Date -Format \"yyyy-MM-dd HH:mm:ss\"\n    Write-Host \"[INFO] $timestamp - $Message\"\n}\n\nfunction Write-FailExit {\n    param([string]$Message)\n    Write-LogStep \"FAILURE: $Message\"\n    exit 1\n}\n\nfunction Write-EnvError {\n    param([string]$Message)\n    Write-LogStep \"ENVIRONMENT ERROR: $Message\"\n    exit 2\n}\n\n# --- Pre-flight Checks ---\n\nWrite-LogStep \"Checking environment dependencies...\"\n\n# Check if running as Administrator\n$isAdmin = ([Security.Principal.WindowsPrincipal][Security.Principal.WindowsIdentity]::GetCurrent()).IsInRole([Security.Principal.WindowsBuiltInRole]::Administrator)\nif (-not $isAdmin) {\n    Write-EnvError \"This script must be run as Administrator.\"\n}\n\n# Check if Sysmon is installed\n$sysmonService = Get-Service -Name \"Sysmon64\" -ErrorAction SilentlyContinue\nif ($null -eq $sysmonService) {\n    $sysmonService = Get-Service -Name \"Sysmon\" -ErrorAction SilentlyContinue\n}\n\nif ($null -eq $sysmonService) {\n    $sysmonPaths = @(\n        \"$env:SystemRoot\\Sysmon64.exe\",\n        \"$env:"
    },
    {
        "timestamp":  "2026-08-21T14:24:35.7204742+02:00",
        "log_source":  "PowerShell",
        "event_id":  4104,
        "raw_message":  "Creating Scriptblock text (1 of 1):\r\n# Name: 5-telemetry_deploy.ps1\n# Purpose: Deploy telemetry (Sysmon + Script Block Logging), run controlled test sequences, verify coverage, and export evidence.\n# Author: Stephen Reilly\n# Exit Codes: 0=Success, 1=Control Failure (verification failed), 2=Environment Error (missing deps/files)\n\nSet-StrictMode -Version Latest\n$ErrorActionPreference = \u0027Stop\u0027\n\n# --- Configuration ---\n$LogDir = \"capstone\\telemetry\"\n$WindowsEventsJson = Join-Path $PWD \"$LogDir\\windows_events.json\"\n$WindowsCoverageJson = Join-Path $PWD \"$LogDir\\windows_coverage.json\"\n$TestUser = \"TestAuditUser\"\n$ScheduledTaskName = \"MedDefenseTestTask\"\n$TestServiceName = \"BITS\"\n\n# Coverage tracking hashtable\n$coverageStatus = [ordered]@{\n    \"user_creation\"      = \"pending\"\n    \"scheduled_task\"     = \"pending\"\n    \"service_start_stop\" = \"pending\"\n    \"powershell_command\" = \"pending\"\n}\n\n# --- Logging Helpers ---\nfunction Write-LogStep {\n    param([string]$Message)\n    $timestamp = Get-Date -Format \"yyyy-MM-dd HH:mm:ss\"\n    Write-Host \"[INFO] $timestamp - $Message\"\n}\n\nfunction Write-FailExit {\n    param([string]$Message)\n    Write-LogStep \"FAILURE: $Message\"\n    exit 1\n}\n\nfunction Write-EnvError {\n    param([string]$Message)\n    Write-LogStep \"ENVIRONMENT ERROR: $Message\"\n    exit 2\n}\n\n# --- Pre-flight Checks ---\n\nWrite-LogStep \"Checking environment dependencies...\"\n\n# Check if running as Administrator\n$isAdmin = ([Security.Principal.WindowsPrincipal][Security.Principal.WindowsIdentity]::GetCurrent()).IsInRole([Security.Principal.WindowsBuiltInRole]::Administrator)\nif (-not $isAdmin) {\n    Write-EnvError \"This script must be run as Administrator.\"\n}\n\n# Check if Sysmon is installed\n$sysmonService = Get-Service -Name \"Sysmon64\" -ErrorAction SilentlyContinue\nif ($null -eq $sysmonService) {\n    $sysmonService = Get-Service -Name \"Sysmon\" -ErrorAction SilentlyContinue\n}\n\nif ($null -eq $sysmonService) {\n    $sysmonPaths = @(\n        \"$env:SystemRoot\\Sysmon64.exe\",\n        \"$env:"
    },
    {
        "timestamp":  "2026-08-21T14:22:23.6375199+02:00",
        "log_source":  "PowerShell",
        "event_id":  4100,
        "raw_message":  "Error Message = System error.\r\n\r\n\r\nContext:\r\n        Severity = Warning\r\n        Host Name = ConsoleHost\r\n        Host Version = 5.1.26100.9168\r\n        Host ID = 2c022520-354d-4e2a-b62a-d599d6346246\r\n        Host Application = C:\\Windows\\System32\\WindowsPowerShell\\v1.0\\powershell.exe\r\n        Engine Version = 5.1.26100.9168\r\n        Runspace ID = d836a06c-ae70-4cf9-a2de-b123194f3db3\r\n        Pipeline ID = 140\r\n        Command Name = \r\n        Command Type = \r\n        Script Name = \r\n        Command Path = \r\n        Sequence Number = 46\r\n        User = HAWTHORNE-ADM-0\\analyst\r\n        Connected User = \r\n        Shell ID = Microsoft.PowerShell\r\n\r\n\r\nUser Data:\r\n\r\n"
    },
    {
        "timestamp":  "2026-08-21T14:22:00.4015803+02:00",
        "log_source":  "PowerShell",
        "event_id":  4104,
        "raw_message":  "Creating Scriptblock text (1 of 1):\r\n# Name: 5-telemetry_deploy.ps1\n# Purpose: Deploy telemetry (Sysmon + Script Block Logging), run controlled test sequences, verify coverage, and export evidence.\n# Author: Stephen Reilly\n# Exit Codes: 0=Success, 1=Control Failure (verification failed), 2=Environment Error (missing deps/files)\n\nSet-StrictMode -Version Latest\n$ErrorActionPreference = \u0027Stop\u0027\n\n# --- Configuration ---\n$LogDir = \"capstone\\telemetry\"\n$WindowsEventsJson = Join-Path $PWD \"$LogDir\\windows_events.json\"\n$WindowsCoverageJson = Join-Path $PWD \"$LogDir\\windows_coverage.json\"\n$TestUser = \"TestAuditUser\"\n$ScheduledTaskName = \"MedDefenseTestTask\"\n$TestServiceName = \"BITS\"\n\n# Coverage tracking hashtable\n$coverageStatus = [ordered]@{\n    \"user_creation\"      = \"pending\"\n    \"scheduled_task\"     = \"pending\"\n    \"service_start_stop\" = \"pending\"\n    \"powershell_command\" = \"pending\"\n}\n\n# --- Logging Helpers ---\nfunction Write-LogStep {\n    param([string]$Message)\n    $timestamp = Get-Date -Format \"yyyy-MM-dd HH:mm:ss\"\n    Write-Host \"[INFO] $timestamp - $Message\"\n}\n\nfunction Write-FailExit {\n    param([string]$Message)\n    Write-LogStep \"FAILURE: $Message\"\n    exit 1\n}\n\nfunction Write-EnvError {\n    param([string]$Message)\n    Write-LogStep \"ENVIRONMENT ERROR: $Message\"\n    exit 2\n}\n\n# --- Pre-flight Checks ---\n\nWrite-LogStep \"Checking environment dependencies...\"\n\n# Check if running as Administrator\n$isAdmin = ([Security.Principal.WindowsPrincipal][Security.Principal.WindowsIdentity]::GetCurrent()).IsInRole([Security.Principal.WindowsBuiltInRole]::Administrator)\nif (-not $isAdmin) {\n    Write-EnvError \"This script must be run as Administrator.\"\n}\n\n# Check if Sysmon is installed\n$sysmonService = Get-Service -Name \"Sysmon64\" -ErrorAction SilentlyContinue\nif ($null -eq $sysmonService) {\n    $sysmonService = Get-Service -Name \"Sysmon\" -ErrorAction SilentlyContinue\n}\n\nif ($null -eq $sysmonService) {\n    $sysmonPaths = @(\n        \"$env:SystemRoot\\Sysmon64.exe\",\n        \"$env:"
    },
    {
        "timestamp":  "2026-08-21T14:17:14.3175694+02:00",
        "log_source":  "PowerShell",
        "event_id":  4100,
        "raw_message":  "Error Message = System error.\r\n\r\n\r\nContext:\r\n        Severity = Warning\r\n        Host Name = ConsoleHost\r\n        Host Version = 5.1.26100.9168\r\n        Host ID = 2c022520-354d-4e2a-b62a-d599d6346246\r\n        Host Application = C:\\Windows\\System32\\WindowsPowerShell\\v1.0\\powershell.exe\r\n        Engine Version = 5.1.26100.9168\r\n        Runspace ID = d836a06c-ae70-4cf9-a2de-b123194f3db3\r\n        Pipeline ID = 131\r\n        Command Name = \r\n        Command Type = \r\n        Script Name = \r\n        Command Path = \r\n        Sequence Number = 45\r\n        User = HAWTHORNE-ADM-0\\analyst\r\n        Connected User = \r\n        Shell ID = Microsoft.PowerShell\r\n\r\n\r\nUser Data:\r\n\r\n"
    },
    {
        "timestamp":  "2026-08-21T14:16:51.0270530+02:00",
        "log_source":  "PowerShell",
        "event_id":  4104,
        "raw_message":  "Creating Scriptblock text (1 of 1):\r\n# Name: 5-telemetry_deploy.ps1\n# Purpose: Deploy telemetry (Sysmon + Script Block Logging), run controlled test sequences, verify coverage, and export evidence.\n# Author: Stephen Reilly\n# Exit Codes: 0=Success, 1=Control Failure (verification failed), 2=Environment Error (missing deps/files)\n\nSet-StrictMode -Version Latest\n$ErrorActionPreference = \u0027Stop\u0027\n\n# --- Configuration ---\n$LogDir = \"capstone\\telemetry\"\n$WindowsEventsJson = Join-Path $PWD \"$LogDir\\windows_events.json\"\n$WindowsCoverageJson = Join-Path $PWD \"$LogDir\\windows_coverage.json\"\n$TestUser = \"TestAuditUser\"\n$ScheduledTaskName = \"MedDefenseTestTask\"\n$TestServiceName = \"BITS\"\n\n# Coverage tracking hashtable\n$coverageStatus = [ordered]@{\n    \"user_creation\"      = \"pending\"\n    \"scheduled_task\"     = \"pending\"\n    \"service_start_stop\" = \"pending\"\n    \"powershell_command\" = \"pending\"\n}\n\n# --- Logging Helpers ---\nfunction Write-LogStep {\n    param([string]$Message)\n    $timestamp = Get-Date -Format \"yyyy-MM-dd HH:mm:ss\"\n    Write-Host \"[INFO] $timestamp - $Message\"\n}\n\nfunction Write-FailExit {\n    param([string]$Message)\n    Write-LogStep \"FAILURE: $Message\"\n    exit 1\n}\n\nfunction Write-EnvError {\n    param([string]$Message)\n    Write-LogStep \"ENVIRONMENT ERROR: $Message\"\n    exit 2\n}\n\n# --- Pre-flight Checks ---\n\nWrite-LogStep \"Checking environment dependencies...\"\n\n# Check if running as Administrator\n$isAdmin = ([Security.Principal.WindowsPrincipal][Security.Principal.WindowsIdentity]::GetCurrent()).IsInRole([Security.Principal.WindowsBuiltInRole]::Administrator)\nif (-not $isAdmin) {\n    Write-EnvError \"This script must be run as Administrator.\"\n}\n\n# Check if Sysmon is installed\n$sysmonService = Get-Service -Name \"Sysmon64\" -ErrorAction SilentlyContinue\nif ($null -eq $sysmonService) {\n    $sysmonService = Get-Service -Name \"Sysmon\" -ErrorAction SilentlyContinue\n}\n\nif ($null -eq $sysmonService) {\n    $sysmonPaths = @(\n        \"$env:SystemRoot\\Sysmon64.exe\",\n        \"$env:"
    },
    {
        "timestamp":  "2026-08-21T14:14:16.0315335+02:00",
        "log_source":  "PowerShell",
        "event_id":  4100,
        "raw_message":  "Error Message = System error.\r\n\r\n\r\nContext:\r\n        Severity = Warning\r\n        Host Name = ConsoleHost\r\n        Host Version = 5.1.26100.9168\r\n        Host ID = 2c022520-354d-4e2a-b62a-d599d6346246\r\n        Host Application = C:\\Windows\\System32\\WindowsPowerShell\\v1.0\\powershell.exe\r\n        Engine Version = 5.1.26100.9168\r\n        Runspace ID = d836a06c-ae70-4cf9-a2de-b123194f3db3\r\n        Pipeline ID = 128\r\n        Command Name = \r\n        Command Type = \r\n        Script Name = \r\n        Command Path = \r\n        Sequence Number = 44\r\n        User = HAWTHORNE-ADM-0\\analyst\r\n        Connected User = \r\n        Shell ID = Microsoft.PowerShell\r\n\r\n\r\nUser Data:\r\n\r\n"
    },
