[
    {
        "timestamp":  "2026-08-21T14:30:53.0168831+02:00",
        "log_source":  "Sysmon",
        "event_id":  1,
        "raw_message":  "Process Create:\r\nRuleName: -\r\nUtcTime: 2026-08-21 12:30:53.014\r\nProcessGuid: {25cfb7e9-44fd-6a88-3105-000000000400}\r\nProcessId: 4048\r\nImage: C:\\Windows\\System32\\sc.exe\r\nFileVersion: 10.0.26100.4484 (WinBuild.160101.0800)\r\nDescription: Service Control Manager Configuration Tool\r\nProduct: Microsoft® Windows® Operating System\r\nCompany: Microsoft Corporation\r\nOriginalFileName: sc.exe\r\nCommandLine: \"C:\\WINDOWS\\system32\\sc.exe\" stop BITS\r\nCurrentDirectory: C:\\Users\\analyst\\Script\\\r\nUser: HAWTHORNE-ADM-0\\analyst\r\nLogonGuid: {25cfb7e9-4980-6a87-db2f-040000000000}\r\nLogonId: 0x42FDB\r\nTerminalSessionId: 1\r\nIntegrityLevel: High\r\nHashes: MD5=C8F632A326219F85927B3F33A13F7C7D,SHA256=A452BFCB6000D03942DDFADDCDA5A7EB121447ED99B1BA090446B4A989F1F7AE,IMPHASH=42DADBD60BBC453DD1773FDC089E19B7\r\nParentProcessGuid: {25cfb7e9-4a27-6a87-5e01-000000000400}\r\nParentProcessId: 6236\r\nParentImage: C:\\Windows\\System32\\WindowsPowerShell\\v1.0\\powershell.exe\r\nParentCommandLine: \"C:\\Windows\\System32\\WindowsPowerShell\\v1.0\\powershell.exe\" \r\nParentUser: HAWTHORNE-ADM-0\\analyst"
    },
    {
        "timestamp":  "2026-08-21T14:30:47.9849231+02:00",
        "log_source":  "Sysmon",
        "event_id":  1,
        "raw_message":  "Process Create:\r\nRuleName: -\r\nUtcTime: 2026-08-21 12:30:47.983\r\nProcessGuid: {25cfb7e9-44f7-6a88-2f05-000000000400}\r\nProcessId: 10980\r\nImage: C:\\Windows\\System32\\sc.exe\r\nFileVersion: 10.0.26100.4484 (WinBuild.160101.0800)\r\nDescription: Service Control Manager Configuration Tool\r\nProduct: Microsoft® Windows® Operating System\r\nCompany: Microsoft Corporation\r\nOriginalFileName: sc.exe\r\nCommandLine: \"C:\\WINDOWS\\system32\\sc.exe\" start BITS\r\nCurrentDirectory: C:\\Users\\analyst\\Script\\\r\nUser: HAWTHORNE-ADM-0\\analyst\r\nLogonGuid: {25cfb7e9-4980-6a87-db2f-040000000000}\r\nLogonId: 0x42FDB\r\nTerminalSessionId: 1\r\nIntegrityLevel: High\r\nHashes: MD5=C8F632A326219F85927B3F33A13F7C7D,SHA256=A452BFCB6000D03942DDFADDCDA5A7EB121447ED99B1BA090446B4A989F1F7AE,IMPHASH=42DADBD60BBC453DD1773FDC089E19B7\r\nParentProcessGuid: {25cfb7e9-4a27-6a87-5e01-000000000400}\r\nParentProcessId: 6236\r\nParentImage: C:\\Windows\\System32\\WindowsPowerShell\\v1.0\\powershell.exe\r\nParentCommandLine: \"C:\\Windows\\System32\\WindowsPowerShell\\v1.0\\powershell.exe\" \r\nParentUser: HAWTHORNE-ADM-0\\analyst"
    },
    {
        "timestamp":  "2026-08-21T14:30:42.9805136+02:00",
        "log_source":  "Sysmon",
        "event_id":  1,
        "raw_message":  "Process Create:\r\nRuleName: -\r\nUtcTime: 2026-08-21 12:30:42.979\r\nProcessGuid: {25cfb7e9-44f2-6a88-2d05-000000000400}\r\nProcessId: 10740\r\nImage: C:\\Windows\\System32\\cmd.exe\r\nFileVersion: 10.0.26100.8972 (WinBuild.160101.0800)\r\nDescription: Windows Command Processor\r\nProduct: Microsoft® Windows® Operating System\r\nCompany: Microsoft Corporation\r\nOriginalFileName: Cmd.Exe\r\nCommandLine: \"cmd.exe\" /c echo MedDefense test task\r\nCurrentDirectory: C:\\WINDOWS\\system32\\\r\nUser: NT AUTHORITY\\SYSTEM\r\nLogonGuid: {25cfb7e9-4979-6a87-e703-000000000000}\r\nLogonId: 0x3E7\r\nTerminalSessionId: 0\r\nIntegrityLevel: System\r\nHashes: MD5=E463E36104D22A2479046A7D4F620816,SHA256=8DD1EBB0B969370C70A5EE7F7EE347949AA7046AA5E1A33FCD7B1E9415B21FC3,IMPHASH=010B165E4C37F484601D3DBD700C9423\r\nParentProcessGuid: {25cfb7e9-497a-6a87-2b00-000000000400}\r\nParentProcessId: 2028\r\nParentImage: C:\\Windows\\System32\\svchost.exe\r\nParentCommandLine: C:\\WINDOWS\\system32\\svchost.exe -k netsvcs -p -s Schedule\r\nParentUser: NT AUTHORITY\\SYSTEM"
    },
    {
        "timestamp":  "2026-08-21T14:30:42.9514089+02:00",
        "log_source":  "Sysmon",
        "event_id":  11,
        "raw_message":  "File created:\r\nRuleName: T1053\r\nUtcTime: 2026-08-21 12:30:42.950\r\nProcessGuid: {25cfb7e9-497a-6a87-2b00-000000000400}\r\nProcessId: 2028\r\nImage: C:\\WINDOWS\\system32\\svchost.exe\r\nTargetFilename: C:\\Windows\\System32\\Tasks\\MedDefenseTestTask\r\nCreationUtcTime: 2026-08-21 12:30:42.948\r\nUser: NT AUTHORITY\\SYSTEM"
    },
    {
        "timestamp":  "2026-08-21T14:30:37.3651685+02:00",
        "log_source":  "Sysmon",
        "event_id":  13,
        "raw_message":  "Registry value set:\r\nRuleName: -\r\nEventType: SetValue\r\nUtcTime: 2026-08-21 12:30:37.363\r\nProcessGuid: {25cfb7e9-497a-6a87-2300-000000000400}\r\nProcessId: 1764\r\nImage: C:\\WINDOWS\\System32\\svchost.exe\r\nTargetObject: HKLM\\SOFTWARE\\Microsoft\\Windows\\CurrentVersion\\WINEVT\\Channels\\Microsoft-Windows-Sysmon/Operational\\MaxSizeUpper\r\nDetails: DWORD (0x00000000)\r\nUser: NT AUTHORITY\\LOCAL SERVICE"
    },
    {
        "timestamp":  "2026-08-21T14:30:37.3651253+02:00",
        "log_source":  "Sysmon",
        "event_id":  13,
        "raw_message":  "Registry value set:\r\nRuleName: -\r\nEventType: SetValue\r\nUtcTime: 2026-08-21 12:30:37.363\r\nProcessGuid: {25cfb7e9-497a-6a87-2300-000000000400}\r\nProcessId: 1764\r\nImage: C:\\WINDOWS\\System32\\svchost.exe\r\nTargetObject: HKLM\\SOFTWARE\\Microsoft\\Windows\\CurrentVersion\\WINEVT\\Channels\\Microsoft-Windows-Sysmon/Operational\\MaxSize\r\nDetails: DWORD (0x06400000)\r\nUser: NT AUTHORITY\\LOCAL SERVICE"
    },
    {
        "timestamp":  "2026-08-21T14:30:37.3650833+02:00",
        "log_source":  "Sysmon",
        "event_id":  13,
        "raw_message":  "Registry value set:\r\nRuleName: -\r\nEventType: SetValue\r\nUtcTime: 2026-08-21 12:30:37.363\r\nProcessGuid: {25cfb7e9-497a-6a87-2300-000000000400}\r\nProcessId: 1764\r\nImage: C:\\WINDOWS\\System32\\svchost.exe\r\nTargetObject: HKLM\\SOFTWARE\\Microsoft\\Windows\\CurrentVersion\\WINEVT\\Channels\\Microsoft-Windows-Sysmon/Operational\\Enabled\r\nDetails: DWORD (0x00000001)\r\nUser: NT AUTHORITY\\LOCAL SERVICE"
    },
    {
        "timestamp":  "2026-08-21T14:30:37.3521282+02:00",
        "log_source":  "Sysmon",
        "event_id":  13,
        "raw_message":  "Registry value set:\r\nRuleName: -\r\nEventType: SetValue\r\nUtcTime: 2026-08-21 12:30:37.351\r\nProcessGuid: {25cfb7e9-497a-6a87-2300-000000000400}\r\nProcessId: 1764\r\nImage: C:\\WINDOWS\\System32\\svchost.exe\r\nTargetObject: HKLM\\SOFTWARE\\Microsoft\\Windows\\CurrentVersion\\WINEVT\\Channels\\Microsoft-Windows-PowerShell/Operational\\MaxSizeUpper\r\nDetails: DWORD (0x00000000)\r\nUser: NT AUTHORITY\\LOCAL SERVICE"
    },
    {
        "timestamp":  "2026-08-21T14:30:37.3520754+02:00",
        "log_source":  "Sysmon",
        "event_id":  13,
        "raw_message":  "Registry value set:\r\nRuleName: -\r\nEventType: SetValue\r\nUtcTime: 2026-08-21 12:30:37.351\r\nProcessGuid: {25cfb7e9-497a-6a87-2300-000000000400}\r\nProcessId: 1764\r\nImage: C:\\WINDOWS\\System32\\svchost.exe\r\nTargetObject: HKLM\\SOFTWARE\\Microsoft\\Windows\\CurrentVersion\\WINEVT\\Channels\\Microsoft-Windows-PowerShell/Operational\\MaxSize\r\nDetails: DWORD (0x06400000)\r\nUser: NT AUTHORITY\\LOCAL SERVICE"
    },
    {
        "timestamp":  "2026-08-21T14:30:37.3520207+02:00",
        "log_source":  "Sysmon",
        "event_id":  13,
        "raw_message":  "Registry value set:\r\nRuleName: -\r\nEventType: SetValue\r\nUtcTime: 2026-08-21 12:30:37.351\r\nProcessGuid: {25cfb7e9-497a-6a87-2300-000000000400}\r\nProcessId: 1764\r\nImage: C:\\WINDOWS\\System32\\svchost.exe\r\nTargetObject: HKLM\\SOFTWARE\\Microsoft\\Windows\\CurrentVersion\\WINEVT\\Channels\\Microsoft-Windows-PowerShell/Operational\\Enabled\r\nDetails: DWORD (0x00000001)\r\nUser: NT AUTHORITY\\LOCAL SERVICE"
    },
    {
        "timestamp":  "2026-08-21T14:30:34.0890202+02:00",
        "log_source":  "Sysmon",
        "event_id":  11,
        "raw_message":  "File created:\r\nRuleName: -\r\nUtcTime: 2026-08-21 12:30:34.086\r\nProcessGuid: {25cfb7e9-4981-6a87-6200-000000000400}\r\nProcessId: 4988\r\nImage: C:\\WINDOWS\\Explorer.EXE\r\nTargetFilename: C:\\Users\\analyst\\Script\\5-telemetry_deploy.ps1\r\nCreationUtcTime: 2026-08-21 11:54:36.281\r\nUser: HAWTHORNE-ADM-0\\analyst"
    },
    {
        "timestamp":  "2026-08-21T14:30:15.4536637+02:00",
        "log_source":  "Sysmon",
        "event_id":  1,
        "raw_message":  "Process Create:\r\nRuleName: -\r\nUtcTime: 2026-08-21 12:30:15.451\r\nProcessGuid: {25cfb7e9-44d7-6a88-2905-000000000400}\r\nProcessId: 7932\r\nImage: C:\\Windows\\UUS\\amd64\\MoUsoCoreWorker.exe\r\nFileVersion: 1509.2607.1012.0\r\nDescription: MoUSO Core Worker Process\r\nProduct: Microsoft® Windows® Operating System\r\nCompany: Microsoft Corporation\r\nOriginalFileName: MoUSOCoreWorker.exe\r\nCommandLine: \"C:\\WINDOWS\\uus\\AMD64\\MoUsoCoreWorker.exe\" useprivatenamespaces\r\nCurrentDirectory: C:\\WINDOWS\\system32\\\r\nUser: NT AUTHORITY\\SYSTEM\r\nLogonGuid: {25cfb7e9-4979-6a87-e703-000000000000}\r\nLogonId: 0x3E7\r\nTerminalSessionId: 0\r\nIntegrityLevel: System\r\nHashes: MD5=620BAE4C8BF599F2289B71E1CDCDD009,SHA256=D74C055552ADB882BBE57D746B5659A75A20552F09D715D904B8A8D82B76E5B8,IMPHASH=6022CD9CBE0FB37CB87DD6C459CEDFA7\r\nParentProcessGuid: {25cfb7e9-49b2-6a87-cc00-000000000400}\r\nParentProcessId: 9516\r\nParentImage: C:\\Windows\\System32\\svchost.exe\r\nParentCommandLine: C:\\WINDOWS\\system32\\svchost.exe -k netsvcs -p -s UsoSvc\r\nParentUser: NT AUTHORITY\\SYSTEM"
    },
    {
        "timestamp":  "2026-08-21T14:29:34.8014419+02:00",
        "log_source":  "Sysmon",
        "event_id":  1,
        "raw_message":  "Process Create:\r\nRuleName: -\r\nUtcTime: 2026-08-21 12:29:34.798\r\nProcessGuid: {25cfb7e9-44ae-6a88-2805-000000000400}\r\nProcessId: 5384\r\nImage: C:\\Program Files (x86)\\Microsoft\\EdgeUpdate\\MicrosoftEdgeUpdate.exe\r\nFileVersion: 1.3.257.13\r\nDescription: Microsoft Edge Update\r\nProduct: Microsoft Edge Update\r\nCompany: Microsoft Corporation\r\nOriginalFileName: MicrosoftEdgeUpdate.exe\r\nCommandLine: \"C:\\Program Files (x86)\\Microsoft\\EdgeUpdate\\MicrosoftEdgeUpdate.exe\" /ua /installsource core\r\nCurrentDirectory: C:\\Program Files (x86)\\Microsoft\\EdgeUpdate\\1.3.259.11\\\r\nUser: NT AUTHORITY\\SYSTEM\r\nLogonGuid: {25cfb7e9-4979-6a87-e703-000000000000}\r\nLogonId: 0x3E7\r\nTerminalSessionId: 0\r\nIntegrityLevel: System\r\nHashes: MD5=33FC26D2C54A2CC4486F7CEF2FEFC43A,SHA256=02019D96F55FC9036E5403E79132CBD8AFD955C14C469172694C2B38E7939134,IMPHASH=CD3B2D99C6655A5D4A14E30E380F5BF9\r\nParentProcessGuid: {25cfb7e9-178c-6a88-e501-000000000400}\r\nParentProcessId: 8588\r\nParentImage: C:\\Program Files (x86)\\Microsoft\\EdgeUpdate\\MicrosoftEdgeUpdate.exe\r\nParentCommandLine: \"C:\\Program Files (x86)\\Microsoft\\EdgeUpdate\\MicrosoftEdgeUpdate.exe\" /c\r\nParentUser: NT AUTHORITY\\SYSTEM"
    },
    {
        "timestamp":  "2026-08-21T14:24:51.4132458+02:00",
        "log_source":  "Sysmon",
        "event_id":  1,
        "raw_message":  "Process Create:\r\nRuleName: -\r\nUtcTime: 2026-08-21 12:24:51.410\r\nProcessGuid: {25cfb7e9-4393-6a88-2505-000000000400}\r\nProcessId: 3732\r\nImage: C:\\Windows\\System32\\sc.exe\r\nFileVersion: 10.0.26100.4484 (WinBuild.160101.0800)\r\nDescription: Service Control Manager Configuration Tool\r\nProduct: Microsoft® Windows® Operating System\r\nCompany: Microsoft Corporation\r\nOriginalFileName: sc.exe\r\nCommandLine: \"C:\\WINDOWS\\system32\\sc.exe\" stop BITS\r\nCurrentDirectory: C:\\Users\\analyst\\Script\\\r\nUser: HAWTHORNE-ADM-0\\analyst\r\nLogonGuid: {25cfb7e9-4980-6a87-db2f-040000000000}\r\nLogonId: 0x42FDB\r\nTerminalSessionId: 1\r\nIntegrityLevel: High\r\nHashes: MD5=C8F632A326219F85927B3F33A13F7C7D,SHA256=A452BFCB6000D03942DDFADDCDA5A7EB121447ED99B1BA090446B4A989F1F7AE,IMPHASH=42DADBD60BBC453DD1773FDC089E19B7\r\nParentProcessGuid: {25cfb7e9-4a27-6a87-5e01-000000000400}\r\nParentProcessId: 6236\r\nParentImage: C:\\Windows\\System32\\WindowsPowerShell\\v1.0\\powershell.exe\r\nParentCommandLine: \"C:\\Windows\\System32\\WindowsPowerShell\\v1.0\\powershell.exe\" \r\nParentUser: HAWTHORNE-ADM-0\\analyst"
    },
    {
        "timestamp":  "2026-08-21T14:24:47.7040659+02:00",
        "log_source":  "Sysmon",
        "event_id":  1,
        "raw_message":  "Process Create:\r\nRuleName: -\r\nUtcTime: 2026-08-21 12:24:47.702\r\nProcessGuid: {25cfb7e9-438f-6a88-2405-000000000400}\r\nProcessId: 7344\r\nImage: C:\\Windows\\System32\\taskhostw.exe\r\nFileVersion: 10.0.26100.8328 (WinBuild.160101.0800)\r\nDescription: Host Process for Windows Tasks\r\nProduct: Microsoft® Windows® Operating System\r\nCompany: Microsoft Corporation\r\nOriginalFileName: taskhostw.exe\r\nCommandLine: taskhostw.exe\r\nCurrentDirectory: C:\\WINDOWS\\system32\\\r\nUser: NT AUTHORITY\\SYSTEM\r\nLogonGuid: {25cfb7e9-4979-6a87-e703-000000000000}\r\nLogonId: 0x3E7\r\nTerminalSessionId: 0\r\nIntegrityLevel: System\r\nHashes: MD5=9E9370331B9D14ABBA21091FFFCD1D1E,SHA256=EA8D441DF237FB3D3B7A27A95FDE186E19C94D58A618F5C29ED5FC13CB155E96,IMPHASH=2196268E7A2880E3ADC74481297D0C4B\r\nParentProcessGuid: {25cfb7e9-497a-6a87-2b00-000000000400}\r\nParentProcessId: 2028\r\nParentImage: C:\\Windows\\System32\\svchost.exe\r\nParentCommandLine: C:\\WINDOWS\\system32\\svchost.exe -k netsvcs -p -s Schedule\r\nParentUser: NT AUTHORITY\\SYSTEM"
    },
    {
        "timestamp":  "2026-08-21T14:24:46.3912965+02:00",
        "log_source":  "Sysmon",
        "event_id":  1,
        "raw_message":  "Process Create:\r\nRuleName: -\r\nUtcTime: 2026-08-21 12:24:46.386\r\nProcessGuid: {25cfb7e9-438e-6a88-2205-000000000400}\r\nProcessId: 5032\r\nImage: C:\\Windows\\System32\\sc.exe\r\nFileVersion: 10.0.26100.4484 (WinBuild.160101.0800)\r\nDescription: Service Control Manager Configuration Tool\r\nProduct: Microsoft® Windows® Operating System\r\nCompany: Microsoft Corporation\r\nOriginalFileName: sc.exe\r\nCommandLine: \"C:\\WINDOWS\\system32\\sc.exe\" start BITS\r\nCurrentDirectory: C:\\Users\\analyst\\Script\\\r\nUser: HAWTHORNE-ADM-0\\analyst\r\nLogonGuid: {25cfb7e9-4980-6a87-db2f-040000000000}\r\nLogonId: 0x42FDB\r\nTerminalSessionId: 1\r\nIntegrityLevel: High\r\nHashes: MD5=C8F632A326219F85927B3F33A13F7C7D,SHA256=A452BFCB6000D03942DDFADDCDA5A7EB121447ED99B1BA090446B4A989F1F7AE,IMPHASH=42DADBD60BBC453DD1773FDC089E19B7\r\nParentProcessGuid: {25cfb7e9-4a27-6a87-5e01-000000000400}\r\nParentProcessId: 6236\r\nParentImage: C:\\Windows\\System32\\WindowsPowerShell\\v1.0\\powershell.exe\r\nParentCommandLine: \"C:\\Windows\\System32\\WindowsPowerShell\\v1.0\\powershell.exe\" \r\nParentUser: HAWTHORNE-ADM-0\\analyst"
    },
    {
        "timestamp":  "2026-08-21T14:24:41.3824115+02:00",
        "log_source":  "Sysmon",
        "event_id":  1,
        "raw_message":  "Process Create:\r\nRuleName: -\r\nUtcTime: 2026-08-21 12:24:41.381\r\nProcessGuid: {25cfb7e9-4389-6a88-2005-000000000400}\r\nProcessId: 10608\r\nImage: C:\\Windows\\System32\\cmd.exe\r\nFileVersion: 10.0.26100.8972 (WinBuild.160101.0800)\r\nDescription: Windows Command Processor\r\nProduct: Microsoft® Windows® Operating System\r\nCompany: Microsoft Corporation\r\nOriginalFileName: Cmd.Exe\r\nCommandLine: \"cmd.exe\" /c echo MedDefense test task\r\nCurrentDirectory: C:\\WINDOWS\\system32\\\r\nUser: NT AUTHORITY\\SYSTEM\r\nLogonGuid: {25cfb7e9-4979-6a87-e703-000000000000}\r\nLogonId: 0x3E7\r\nTerminalSessionId: 0\r\nIntegrityLevel: System\r\nHashes: MD5=E463E36104D22A2479046A7D4F620816,SHA256=8DD1EBB0B969370C70A5EE7F7EE347949AA7046AA5E1A33FCD7B1E9415B21FC3,IMPHASH=010B165E4C37F484601D3DBD700C9423\r\nParentProcessGuid: {25cfb7e9-497a-6a87-2b00-000000000400}\r\nParentProcessId: 2028\r\nParentImage: C:\\Windows\\System32\\svchost.exe\r\nParentCommandLine: C:\\WINDOWS\\system32\\svchost.exe -k netsvcs -p -s Schedule\r\nParentUser: NT AUTHORITY\\SYSTEM"
    },
    {
        "timestamp":  "2026-08-21T14:24:41.3541793+02:00",
        "log_source":  "Sysmon",
        "event_id":  11,
        "raw_message":  "File created:\r\nRuleName: T1053\r\nUtcTime: 2026-08-21 12:24:41.351\r\nProcessGuid: {25cfb7e9-497a-6a87-2b00-000000000400}\r\nProcessId: 2028\r\nImage: C:\\WINDOWS\\system32\\svchost.exe\r\nTargetFilename: C:\\Windows\\System32\\Tasks\\MedDefenseTestTask\r\nCreationUtcTime: 2026-08-21 12:24:41.351\r\nUser: NT AUTHORITY\\SYSTEM"
    },
    {
        "timestamp":  "2026-08-21T14:24:35.7476561+02:00",
        "log_source":  "Sysmon",
        "event_id":  13,
        "raw_message":  "Registry value set:\r\nRuleName: -\r\nEventType: SetValue\r\nUtcTime: 2026-08-21 12:24:35.747\r\nProcessGuid: {25cfb7e9-497a-6a87-2300-000000000400}\r\nProcessId: 1764\r\nImage: C:\\WINDOWS\\System32\\svchost.exe\r\nTargetObject: HKLM\\SOFTWARE\\Microsoft\\Windows\\CurrentVersion\\WINEVT\\Channels\\Microsoft-Windows-Sysmon/Operational\\MaxSizeUpper\r\nDetails: DWORD (0x00000000)\r\nUser: NT AUTHORITY\\LOCAL SERVICE"
    },
    {
        "timestamp":  "2026-08-21T14:24:35.7476056+02:00",
        "log_source":  "Sysmon",
        "event_id":  13,
        "raw_message":  "Registry value set:\r\nRuleName: -\r\nEventType: SetValue\r\nUtcTime: 2026-08-21 12:24:35.747\r\nProcessGuid: {25cfb7e9-497a-6a87-2300-000000000400}\r\nProcessId: 1764\r\nImage: C:\\WINDOWS\\System32\\svchost.exe\r\nTargetObject: HKLM\\SOFTWARE\\Microsoft\\Windows\\CurrentVersion\\WINEVT\\Channels\\Microsoft-Windows-Sysmon/Operational\\MaxSize\r\nDetails: DWORD (0x06400000)\r\nUser: NT AUTHORITY\\LOCAL SERVICE"
    },
    {
        "timestamp":  "2026-08-21T14:24:35.7475528+02:00",
        "log_source":  "Sysmon",
        "event_id":  13,
        "raw_message":  "Registry value set:\r\nRuleName: -\r\nEventType: SetValue\r\nUtcTime: 2026-08-21 12:24:35.747\r\nProcessGuid: {25cfb7e9-497a-6a87-2300-000000000400}\r\nProcessId: 1764\r\nImage: C:\\WINDOWS\\System32\\svchost.exe\r\nTargetObject: HKLM\\SOFTWARE\\Microsoft\\Windows\\CurrentVersion\\WINEVT\\Channels\\Microsoft-Windows-Sysmon/Operational\\Enabled\r\nDetails: DWORD (0x00000001)\r\nUser: NT AUTHORITY\\LOCAL SERVICE"
    },
    {
        "timestamp":  "2026-08-21T14:24:35.7358713+02:00",
        "log_source":  "Sysmon",
        "event_id":  13,
        "raw_message":  "Registry value set:\r\nRuleName: -\r\nEventType: SetValue\r\nUtcTime: 2026-08-21 12:24:35.735\r\nProcessGuid: {25cfb7e9-497a-6a87-2300-000000000400}\r\nProcessId: 1764\r\nImage: C:\\WINDOWS\\System32\\svchost.exe\r\nTargetObject: HKLM\\SOFTWARE\\Microsoft\\Windows\\CurrentVersion\\WINEVT\\Channels\\Microsoft-Windows-PowerShell/Operational\\MaxSizeUpper\r\nDetails: DWORD (0x00000000)\r\nUser: NT AUTHORITY\\LOCAL SERVICE"
    },
    {
        "timestamp":  "2026-08-21T14:24:35.7358182+02:00",
        "log_source":  "Sysmon",
        "event_id":  13,
        "raw_message":  "Registry value set:\r\nRuleName: -\r\nEventType: SetValue\r\nUtcTime: 2026-08-21 12:24:35.735\r\nProcessGuid: {25cfb7e9-497a-6a87-2300-000000000400}\r\nProcessId: 1764\r\nImage: C:\\WINDOWS\\System32\\svchost.exe\r\nTargetObject: HKLM\\SOFTWARE\\Microsoft\\Windows\\CurrentVersion\\WINEVT\\Channels\\Microsoft-Windows-PowerShell/Operational\\MaxSize\r\nDetails: DWORD (0x06400000)\r\nUser: NT AUTHORITY\\LOCAL SERVICE"
    },
    {
        "timestamp":  "2026-08-21T14:24:35.7357572+02:00",
        "log_source":  "Sysmon",
        "event_id":  13,
        "raw_message":  "Registry value set:\r\nRuleName: -\r\nEventType: SetValue\r\nUtcTime: 2026-08-21 12:24:35.735\r\nProcessGuid: {25cfb7e9-497a-6a87-2300-000000000400}\r\nProcessId: 1764\r\nImage: C:\\WINDOWS\\System32\\svchost.exe\r\nTargetObject: HKLM\\SOFTWARE\\Microsoft\\Windows\\CurrentVersion\\WINEVT\\Channels\\Microsoft-Windows-PowerShell/Operational\\Enabled\r\nDetails: DWORD (0x00000001)\r\nUser: NT AUTHORITY\\LOCAL SERVICE"
    },
    {
        "timestamp":  "2026-08-21T14:24:31.8219891+02:00",
        "log_source":  "Sysmon",
        "event_id":  11,
        "raw_message":  "File created:\r\nRuleName: -\r\nUtcTime: 2026-08-21 12:24:31.820\r\nProcessGuid: {25cfb7e9-4981-6a87-6200-000000000400}\r\nProcessId: 4988\r\nImage: C:\\WINDOWS\\Explorer.EXE\r\nTargetFilename: C:\\Users\\analyst\\Script\\5-telemetry_deploy.ps1\r\nCreationUtcTime: 2026-08-21 11:54:36.281\r\nUser: HAWTHORNE-ADM-0\\analyst"
    },
    {
        "timestamp":  "2026-08-21T14:23:11.0177947+02:00",
        "log_source":  "Sysmon",
        "event_id":  1,
        "raw_message":  "Process Create:\r\nRuleName: -\r\nUtcTime: 2026-08-21 12:23:11.015\r\nProcessGuid: {25cfb7e9-432f-6a88-1c05-000000000400}\r\nProcessId: 10948\r\nImage: C:\\Windows\\System32\\svchost.exe\r\nFileVersion: 10.0.26100.8737 (WinBuild.160101.0800)\r\nDescription: Host Process for Windows Services\r\nProduct: Microsoft® Windows® Operating System\r\nCompany: Microsoft Corporation\r\nOriginalFileName: svchost.exe\r\nCommandLine: C:\\WINDOWS\\system32\\svchost.exe -k GPSvcGroup\r\nCurrentDirectory: C:\\WINDOWS\\system32\\\r\nUser: NT AUTHORITY\\SYSTEM\r\nLogonGuid: {25cfb7e9-4979-6a87-e703-000000000000}\r\nLogonId: 0x3E7\r\nTerminalSessionId: 0\r\nIntegrityLevel: System\r\nHashes: MD5=07FE1BE55D1049C7B48E270C466502D4,SHA256=1222A44A5FDB4EFDE4DFCB41093648627950E7EC02D8667F1C26CCAE31D922E2,IMPHASH=DE43BD45CC98C143357416C7519ECCFD\r\nParentProcessGuid: {25cfb7e9-4979-6a87-0b00-000000000400}\r\nParentProcessId: 808\r\nParentImage: C:\\Windows\\System32\\services.exe\r\nParentCommandLine: C:\\WINDOWS\\system32\\services.exe\r\nParentUser: NT AUTHORITY\\SYSTEM"
    },
    {
        "timestamp":  "2026-08-21T14:22:06.0424113+02:00",
        "log_source":  "Sysmon",
        "event_id":  1,
        "raw_message":  "Process Create:\r\nRuleName: -\r\nUtcTime: 2026-08-21 12:22:06.041\r\nProcessGuid: {25cfb7e9-42ee-6a88-1905-000000000400}\r\nProcessId: 7520\r\nImage: C:\\Windows\\System32\\cmd.exe\r\nFileVersion: 10.0.26100.8972 (WinBuild.160101.0800)\r\nDescription: Windows Command Processor\r\nProduct: Microsoft® Windows® Operating System\r\nCompany: Microsoft Corporation\r\nOriginalFileName: Cmd.Exe\r\nCommandLine: \"cmd.exe\" /c echo MedDefense test task\r\nCurrentDirectory: C:\\WINDOWS\\system32\\\r\nUser: NT AUTHORITY\\SYSTEM\r\nLogonGuid: {25cfb7e9-4979-6a87-e703-000000000000}\r\nLogonId: 0x3E7\r\nTerminalSessionId: 0\r\nIntegrityLevel: System\r\nHashes: MD5=E463E36104D22A2479046A7D4F620816,SHA256=8DD1EBB0B969370C70A5EE7F7EE347949AA7046AA5E1A33FCD7B1E9415B21FC3,IMPHASH=010B165E4C37F484601D3DBD700C9423\r\nParentProcessGuid: {25cfb7e9-497a-6a87-2b00-000000000400}\r\nParentProcessId: 2028\r\nParentImage: C:\\Windows\\System32\\svchost.exe\r\nParentCommandLine: C:\\WINDOWS\\system32\\svchost.exe -k netsvcs -p -s Schedule\r\nParentUser: NT AUTHORITY\\SYSTEM"
    },
    {
        "timestamp":  "2026-08-21T14:22:06.0135201+02:00",
        "log_source":  "Sysmon",
        "event_id":  11,
        "raw_message":  "File created:\r\nRuleName: T1053\r\nUtcTime: 2026-08-21 12:22:06.012\r\nProcessGuid: {25cfb7e9-497a-6a87-2b00-000000000400}\r\nProcessId: 2028\r\nImage: C:\\WINDOWS\\system32\\svchost.exe\r\nTargetFilename: C:\\Windows\\System32\\Tasks\\MedDefenseTestTask\r\nCreationUtcTime: 2026-08-21 12:22:06.012\r\nUser: NT AUTHORITY\\SYSTEM"
    },
    {
        "timestamp":  "2026-08-21T14:22:00.4295357+02:00",
        "log_source":  "Sysmon",
        "event_id":  13,
        "raw_message":  "Registry value set:\r\nRuleName: -\r\nEventType: SetValue\r\nUtcTime: 2026-08-21 12:22:00.429\r\nProcessGuid: {25cfb7e9-497a-6a87-2300-000000000400}\r\nProcessId: 1764\r\nImage: C:\\WINDOWS\\System32\\svchost.exe\r\nTargetObject: HKLM\\SOFTWARE\\Microsoft\\Windows\\CurrentVersion\\WINEVT\\Channels\\Microsoft-Windows-Sysmon/Operational\\MaxSizeUpper\r\nDetails: DWORD (0x00000000)\r\nUser: NT AUTHORITY\\LOCAL SERVICE"
    },
    {
        "timestamp":  "2026-08-21T14:22:00.4294890+02:00",
        "log_source":  "Sysmon",
        "event_id":  13,
        "raw_message":  "Registry value set:\r\nRuleName: -\r\nEventType: SetValue\r\nUtcTime: 2026-08-21 12:22:00.429\r\nProcessGuid: {25cfb7e9-497a-6a87-2300-000000000400}\r\nProcessId: 1764\r\nImage: C:\\WINDOWS\\System32\\svchost.exe\r\nTargetObject: HKLM\\SOFTWARE\\Microsoft\\Windows\\CurrentVersion\\WINEVT\\Channels\\Microsoft-Windows-Sysmon/Operational\\MaxSize\r\nDetails: DWORD (0x06400000)\r\nUser: NT AUTHORITY\\LOCAL SERVICE"
    },
    {
        "timestamp":  "2026-08-21T14:22:00.4294366+02:00",
        "log_source":  "Sysmon",
        "event_id":  13,
        "raw_message":  "Registry value set:\r\nRuleName: -\r\nEventType: SetValue\r\nUtcTime: 2026-08-21 12:22:00.429\r\nProcessGuid: {25cfb7e9-497a-6a87-2300-000000000400}\r\nProcessId: 1764\r\nImage: C:\\WINDOWS\\System32\\svchost.exe\r\nTargetObject: HKLM\\SOFTWARE\\Microsoft\\Windows\\CurrentVersion\\WINEVT\\Channels\\Microsoft-Windows-Sysmon/Operational\\Enabled\r\nDetails: DWORD (0x00000001)\r\nUser: NT AUTHORITY\\LOCAL SERVICE"
    },
    {
        "timestamp":  "2026-08-21T14:22:00.4181801+02:00",
        "log_source":  "Sysmon",
        "event_id":  13,
        "raw_message":  "Registry value set:\r\nRuleName: -\r\nEventType: SetValue\r\nUtcTime: 2026-08-21 12:22:00.417\r\nProcessGuid: {25cfb7e9-497a-6a87-2300-000000000400}\r\nProcessId: 1764\r\nImage: C:\\WINDOWS\\System32\\svchost.exe\r\nTargetObject: HKLM\\SOFTWARE\\Microsoft\\Windows\\CurrentVersion\\WINEVT\\Channels\\Microsoft-Windows-PowerShell/Operational\\MaxSizeUpper\r\nDetails: DWORD (0x00000000)\r\nUser: NT AUTHORITY\\LOCAL SERVICE"
    },
    {
        "timestamp":  "2026-08-21T14:22:00.4181332+02:00",
        "log_source":  "Sysmon",
        "event_id":  13,
        "raw_message":  "Registry value set:\r\nRuleName: -\r\nEventType: SetValue\r\nUtcTime: 2026-08-21 12:22:00.417\r\nProcessGuid: {25cfb7e9-497a-6a87-2300-000000000400}\r\nProcessId: 1764\r\nImage: C:\\WINDOWS\\System32\\svchost.exe\r\nTargetObject: HKLM\\SOFTWARE\\Microsoft\\Windows\\CurrentVersion\\WINEVT\\Channels\\Microsoft-Windows-PowerShell/Operational\\MaxSize\r\nDetails: DWORD (0x06400000)\r\nUser: NT AUTHORITY\\LOCAL SERVICE"
    },
    {
        "timestamp":  "2026-08-21T14:22:00.4180803+02:00",
        "log_source":  "Sysmon",
        "event_id":  13,
        "raw_message":  "Registry value set:\r\nRuleName: -\r\nEventType: SetValue\r\nUtcTime: 2026-08-21 12:22:00.417\r\nProcessGuid: {25cfb7e9-497a-6a87-2300-000000000400}\r\nProcessId: 1764\r\nImage: C:\\WINDOWS\\System32\\svchost.exe\r\nTargetObject: HKLM\\SOFTWARE\\Microsoft\\Windows\\CurrentVersion\\WINEVT\\Channels\\Microsoft-Windows-PowerShell/Operational\\Enabled\r\nDetails: DWORD (0x00000001)\r\nUser: NT AUTHORITY\\LOCAL SERVICE"
    },
    {
        "timestamp":  "2026-08-21T14:22:00.0840164+02:00",
        "log_source":  "Sysmon",
        "event_id":  1,
        "raw_message":  "Process Create:\r\nRuleName: -\r\nUtcTime: 2026-08-21 12:22:00.082\r\nProcessGuid: {25cfb7e9-42e8-6a88-1705-000000000400}\r\nProcessId: 3368\r\nImage: C:\\Program Files (x86)\\Microsoft\\EdgeUpdate\\MicrosoftEdgeUpdate.exe\r\nFileVersion: 1.3.257.13\r\nDescription: Microsoft Edge Update\r\nProduct: Microsoft Edge Update\r\nCompany: Microsoft Corporation\r\nOriginalFileName: MicrosoftEdgeUpdate.exe\r\nCommandLine: \"C:\\Program Files (x86)\\Microsoft\\EdgeUpdate\\MicrosoftEdgeUpdate.exe\" /ua /installsource scheduler\r\nCurrentDirectory: C:\\WINDOWS\\system32\\\r\nUser: NT AUTHORITY\\SYSTEM\r\nLogonGuid: {25cfb7e9-4979-6a87-e703-000000000000}\r\nLogonId: 0x3E7\r\nTerminalSessionId: 0\r\nIntegrityLevel: System\r\nHashes: MD5=33FC26D2C54A2CC4486F7CEF2FEFC43A,SHA256=02019D96F55FC9036E5403E79132CBD8AFD955C14C469172694C2B38E7939134,IMPHASH=CD3B2D99C6655A5D4A14E30E380F5BF9\r\nParentProcessGuid: {25cfb7e9-497a-6a87-2b00-000000000400}\r\nParentProcessId: 2028\r\nParentImage: C:\\Windows\\System32\\svchost.exe\r\nParentCommandLine: C:\\WINDOWS\\system32\\svchost.exe -k netsvcs -p -s Schedule\r\nParentUser: NT AUTHORITY\\SYSTEM"
    },
    {
        "timestamp":  "2026-08-21T14:21:55.3212447+02:00",
        "log_source":  "Sysmon",
        "event_id":  11,
        "raw_message":  "File created:\r\nRuleName: -\r\nUtcTime: 2026-08-21 12:21:55.319\r\nProcessGuid: {25cfb7e9-4981-6a87-6200-000000000400}\r\nProcessId: 4988\r\nImage: C:\\WINDOWS\\Explorer.EXE\r\nTargetFilename: C:\\Users\\analyst\\Script\\5-telemetry_deploy.ps1\r\nCreationUtcTime: 2026-08-21 11:54:36.281\r\nUser: HAWTHORNE-ADM-0\\analyst"
    },
    {
        "timestamp":  "2026-08-21T14:16:56.7318740+02:00",
        "log_source":  "Sysmon",
        "event_id":  1,
        "raw_message":  "Process Create:\r\nRuleName: -\r\nUtcTime: 2026-08-21 12:16:56.730\r\nProcessGuid: {25cfb7e9-41b8-6a88-1205-000000000400}\r\nProcessId: 11188\r\nImage: C:\\Windows\\System32\\cmd.exe\r\nFileVersion: 10.0.26100.8972 (WinBuild.160101.0800)\r\nDescription: Windows Command Processor\r\nProduct: Microsoft® Windows® Operating System\r\nCompany: Microsoft Corporation\r\nOriginalFileName: Cmd.Exe\r\nCommandLine: \"cmd.exe\" /c echo MedDefense test task\r\nCurrentDirectory: C:\\WINDOWS\\system32\\\r\nUser: NT AUTHORITY\\SYSTEM\r\nLogonGuid: {25cfb7e9-4979-6a87-e703-000000000000}\r\nLogonId: 0x3E7\r\nTerminalSessionId: 0\r\nIntegrityLevel: System\r\nHashes: MD5=E463E36104D22A2479046A7D4F620816,SHA256=8DD1EBB0B969370C70A5EE7F7EE347949AA7046AA5E1A33FCD7B1E9415B21FC3,IMPHASH=010B165E4C37F484601D3DBD700C9423\r\nParentProcessGuid: {25cfb7e9-497a-6a87-2b00-000000000400}\r\nParentProcessId: 2028\r\nParentImage: C:\\Windows\\System32\\svchost.exe\r\nParentCommandLine: C:\\WINDOWS\\system32\\svchost.exe -k netsvcs -p -s Schedule\r\nParentUser: NT AUTHORITY\\SYSTEM"
    },
    {
        "timestamp":  "2026-08-21T14:16:56.7015346+02:00",
        "log_source":  "Sysmon",
        "event_id":  11,
        "raw_message":  "File created:\r\nRuleName: T1053\r\nUtcTime: 2026-08-21 12:16:56.699\r\nProcessGuid: {25cfb7e9-497a-6a87-2b00-000000000400}\r\nProcessId: 2028\r\nImage: C:\\WINDOWS\\system32\\svchost.exe\r\nTargetFilename: C:\\Windows\\System32\\Tasks\\MedDefenseTestTask\r\nCreationUtcTime: 2026-08-21 12:16:56.699\r\nUser: NT AUTHORITY\\SYSTEM"
    },
    {
        "timestamp":  "2026-08-21T14:16:51.0748250+02:00",
        "log_source":  "Sysmon",
        "event_id":  13,
        "raw_message":  "Registry value set:\r\nRuleName: -\r\nEventType: SetValue\r\nUtcTime: 2026-08-21 12:16:51.072\r\nProcessGuid: {25cfb7e9-497a-6a87-2300-000000000400}\r\nProcessId: 1764\r\nImage: C:\\WINDOWS\\System32\\svchost.exe\r\nTargetObject: HKLM\\SOFTWARE\\Microsoft\\Windows\\CurrentVersion\\WINEVT\\Channels\\Microsoft-Windows-TaskScheduler/Operational\\Enabled\r\nDetails: DWORD (0x00000001)\r\nUser: NT AUTHORITY\\LOCAL SERVICE"
    },
    {
        "timestamp":  "2026-08-21T14:16:51.0627082+02:00",
        "log_source":  "Sysmon",
        "event_id":  13,
        "raw_message":  "Registry value set:\r\nRuleName: -\r\nEventType: SetValue\r\nUtcTime: 2026-08-21 12:16:51.061\r\nProcessGuid: {25cfb7e9-497a-6a87-2300-000000000400}\r\nProcessId: 1764\r\nImage: C:\\WINDOWS\\System32\\svchost.exe\r\nTargetObject: HKLM\\SOFTWARE\\Microsoft\\Windows\\CurrentVersion\\WINEVT\\Channels\\Microsoft-Windows-Sysmon/Operational\\MaxSizeUpper\r\nDetails: DWORD (0x00000000)\r\nUser: NT AUTHORITY\\LOCAL SERVICE"
    },
    {
        "timestamp":  "2026-08-21T14:16:51.0626694+02:00",
        "log_source":  "Sysmon",
        "event_id":  13,
        "raw_message":  "Registry value set:\r\nRuleName: -\r\nEventType: SetValue\r\nUtcTime: 2026-08-21 12:16:51.061\r\nProcessGuid: {25cfb7e9-497a-6a87-2300-000000000400}\r\nProcessId: 1764\r\nImage: C:\\WINDOWS\\System32\\svchost.exe\r\nTargetObject: HKLM\\SOFTWARE\\Microsoft\\Windows\\CurrentVersion\\WINEVT\\Channels\\Microsoft-Windows-Sysmon/Operational\\MaxSize\r\nDetails: DWORD (0x06400000)\r\nUser: NT AUTHORITY\\LOCAL SERVICE"
    },
    {
        "timestamp":  "2026-08-21T14:16:51.0626258+02:00",
        "log_source":  "Sysmon",
        "event_id":  13,
        "raw_message":  "Registry value set:\r\nRuleName: -\r\nEventType: SetValue\r\nUtcTime: 2026-08-21 12:16:51.061\r\nProcessGuid: {25cfb7e9-497a-6a87-2300-000000000400}\r\nProcessId: 1764\r\nImage: C:\\WINDOWS\\System32\\svchost.exe\r\nTargetObject: HKLM\\SOFTWARE\\Microsoft\\Windows\\CurrentVersion\\WINEVT\\Channels\\Microsoft-Windows-Sysmon/Operational\\Enabled\r\nDetails: DWORD (0x00000001)\r\nUser: NT AUTHORITY\\LOCAL SERVICE"
    },
    {
        "timestamp":  "2026-08-21T14:16:51.0507235+02:00",
        "log_source":  "Sysmon",
        "event_id":  13,
        "raw_message":  "Registry value set:\r\nRuleName: -\r\nEventType: SetValue\r\nUtcTime: 2026-08-21 12:16:51.048\r\nProcessGuid: {25cfb7e9-497a-6a87-2300-000000000400}\r\nProcessId: 1764\r\nImage: C:\\WINDOWS\\System32\\svchost.exe\r\nTargetObject: HKLM\\SOFTWARE\\Microsoft\\Windows\\CurrentVersion\\WINEVT\\Channels\\Microsoft-Windows-PowerShell/Operational\\MaxSizeUpper\r\nDetails: DWORD (0x00000000)\r\nUser: NT AUTHORITY\\LOCAL SERVICE"
    },
    {
        "timestamp":  "2026-08-21T14:16:51.0506726+02:00",
        "log_source":  "Sysmon",
        "event_id":  13,
        "raw_message":  "Registry value set:\r\nRuleName: -\r\nEventType: SetValue\r\nUtcTime: 2026-08-21 12:16:51.048\r\nProcessGuid: {25cfb7e9-497a-6a87-2300-000000000400}\r\nProcessId: 1764\r\nImage: C:\\WINDOWS\\System32\\svchost.exe\r\nTargetObject: HKLM\\SOFTWARE\\Microsoft\\Windows\\CurrentVersion\\WINEVT\\Channels\\Microsoft-Windows-PowerShell/Operational\\MaxSize\r\nDetails: DWORD (0x06400000)\r\nUser: NT AUTHORITY\\LOCAL SERVICE"
    },
    {
        "timestamp":  "2026-08-21T14:16:51.0506206+02:00",
        "log_source":  "Sysmon",
        "event_id":  13,
        "raw_message":  "Registry value set:\r\nRuleName: -\r\nEventType: SetValue\r\nUtcTime: 2026-08-21 12:16:51.048\r\nProcessGuid: {25cfb7e9-497a-6a87-2300-000000000400}\r\nProcessId: 1764\r\nImage: C:\\WINDOWS\\System32\\svchost.exe\r\nTargetObject: HKLM\\SOFTWARE\\Microsoft\\Windows\\CurrentVersion\\WINEVT\\Channels\\Microsoft-Windows-PowerShell/Operational\\Enabled\r\nDetails: DWORD (0x00000001)\r\nUser: NT AUTHORITY\\LOCAL SERVICE"
    },
    {
        "timestamp":  "2026-08-21T14:16:47.7207115+02:00",
        "log_source":  "Sysmon",
        "event_id":  11,
        "raw_message":  "File created:\r\nRuleName: -\r\nUtcTime: 2026-08-21 12:16:47.718\r\nProcessGuid: {25cfb7e9-4981-6a87-6200-000000000400}\r\nProcessId: 4988\r\nImage: C:\\WINDOWS\\Explorer.EXE\r\nTargetFilename: C:\\Users\\analyst\\Script\\5-telemetry_deploy.ps1\r\nCreationUtcTime: 2026-08-21 11:54:36.281\r\nUser: HAWTHORNE-ADM-0\\analyst"
    },
    {
        "timestamp":  "2026-08-21T14:16:29.9227922+02:00",
        "log_source":  "Sysmon",
        "event_id":  1,
        "raw_message":  "Process Create:\r\nRuleName: -\r\nUtcTime: 2026-08-21 12:16:29.921\r\nProcessGuid: {25cfb7e9-419d-6a88-0e05-000000000400}\r\nProcessId: 4728\r\nImage: C:\\Windows\\System32\\taskhostw.exe\r\nFileVersion: 10.0.26100.8328 (WinBuild.160101.0800)\r\nDescription: Host Process for Windows Tasks\r\nProduct: Microsoft® Windows® Operating System\r\nCompany: Microsoft Corporation\r\nOriginalFileName: taskhostw.exe\r\nCommandLine: taskhostw.exe\r\nCurrentDirectory: C:\\WINDOWS\\system32\\\r\nUser: NT AUTHORITY\\SYSTEM\r\nLogonGuid: {25cfb7e9-4979-6a87-e703-000000000000}\r\nLogonId: 0x3E7\r\nTerminalSessionId: 0\r\nIntegrityLevel: System\r\nHashes: MD5=9E9370331B9D14ABBA21091FFFCD1D1E,SHA256=EA8D441DF237FB3D3B7A27A95FDE186E19C94D58A618F5C29ED5FC13CB155E96,IMPHASH=2196268E7A2880E3ADC74481297D0C4B\r\nParentProcessGuid: {25cfb7e9-497a-6a87-2b00-000000000400}\r\nParentProcessId: 2028\r\nParentImage: C:\\Windows\\System32\\svchost.exe\r\nParentCommandLine: C:\\WINDOWS\\system32\\svchost.exe -k netsvcs -p -s Schedule\r\nParentUser: NT AUTHORITY\\SYSTEM"
    },
    {
        "timestamp":  "2026-08-21T14:16:01.2864910+02:00",
        "log_source":  "Sysmon",
        "event_id":  1,
        "raw_message":  "Process Create:\r\nRuleName: -\r\nUtcTime: 2026-08-21 12:16:01.284\r\nProcessGuid: {25cfb7e9-4181-6a88-0d05-000000000400}\r\nProcessId: 4120\r\nImage: C:\\Windows\\SystemApps\\MicrosoftWindows.Client.CBS_cw5n1h2txyewy\\SoftLandingTask\\SoftLandingTask.exe\r\nFileVersion: 2606.26002.200.0\r\nDescription: -\r\nProduct: Microsoft® Windows® Operating System\r\nCompany: Microsoft Corporation\r\nOriginalFileName: SoftLandingTask.exe\r\nCommandLine: \"C:\\WINDOWS\\SystemApps\\MicrosoftWindows.Client.CBS_cw5n1h2txyewy\\SoftLandingTask\\SoftLandingTask.exe\" -Embedding\r\nCurrentDirectory: C:\\WINDOWS\\system32\\\r\nUser: HAWTHORNE-ADM-0\\analyst\r\nLogonGuid: {25cfb7e9-4980-6a87-1430-040000000000}\r\nLogonId: 0x43014\r\nTerminalSessionId: 1\r\nIntegrityLevel: Medium\r\nHashes: MD5=17D4AA311B9A22E65689973D02B86CDE,SHA256=90E82F585D2D46996A3E2060095E56D727C76DBFBF8E5DBAFA36A11C7569FD48,IMPHASH=41FAA649D6771CE7D2A185A37249990B\r\nParentProcessGuid: {25cfb7e9-4979-6a87-0d00-000000000400}\r\nParentProcessId: 956\r\nParentImage: C:\\Windows\\System32\\svchost.exe\r\nParentCommandLine: C:\\WINDOWS\\system32\\svchost.exe -k DcomLaunch -p\r\nParentUser: NT AUTHORITY\\SYSTEM"
    },
    {
        "timestamp":  "2026-08-21T14:16:01.2614980+02:00",
        "log_source":  "Sysmon",
        "event_id":  1,
        "raw_message":  "Process Create:\r\nRuleName: -\r\nUtcTime: 2026-08-21 12:16:01.259\r\nProcessGuid: {25cfb7e9-4181-6a88-0c05-000000000400}\r\nProcessId: 4784\r\nImage: C:\\Windows\\System32\\taskhostw.exe\r\nFileVersion: 10.0.26100.8328 (WinBuild.160101.0800)\r\nDescription: Host Process for Windows Tasks\r\nProduct: Microsoft® Windows® Operating System\r\nCompany: Microsoft Corporation\r\nOriginalFileName: taskhostw.exe\r\nCommandLine: taskhostw.exe CreativeId:18=128000000001615609;CourtesyOverrideRuleName:4=none;\r\nCurrentDirectory: C:\\WINDOWS\\system32\\\r\nUser: HAWTHORNE-ADM-0\\analyst\r\nLogonGuid: {25cfb7e9-4980-6a87-1430-040000000000}\r\nLogonId: 0x43014\r\nTerminalSessionId: 1\r\nIntegrityLevel: Medium\r\nHashes: MD5=9E9370331B9D14ABBA21091FFFCD1D1E,SHA256=EA8D441DF237FB3D3B7A27A95FDE186E19C94D58A618F5C29ED5FC13CB155E96,IMPHASH=2196268E7A2880E3ADC74481297D0C4B\r\nParentProcessGuid: {25cfb7e9-497a-6a87-2b00-000000000400}\r\nParentProcessId: 2028\r\nParentImage: C:\\Windows\\System32\\svchost.exe\r\nParentCommandLine: C:\\WINDOWS\\system32\\svchost.exe -k netsvcs -p -s Schedule\r\nParentUser: NT AUTHORITY\\SYSTEM"
    },
    {
        "timestamp":  "2026-08-21T14:13:58.4175309+02:00",
        "log_source":  "Sysmon",
        "event_id":  1,
        "raw_message":  "Process Create:\r\nRuleName: -\r\nUtcTime: 2026-08-21 12:13:58.415\r\nProcessGuid: {25cfb7e9-4106-6a88-0805-000000000400}\r\nProcessId: 2868\r\nImage: C:\\Windows\\System32\\cmd.exe\r\nFileVersion: 10.0.26100.8972 (WinBuild.160101.0800)\r\nDescription: Windows Command Processor\r\nProduct: Microsoft® Windows® Operating System\r\nCompany: Microsoft Corporation\r\nOriginalFileName: Cmd.Exe\r\nCommandLine: \"cmd.exe\" /c echo MedDefense test task\r\nCurrentDirectory: C:\\WINDOWS\\system32\\\r\nUser: NT AUTHORITY\\SYSTEM\r\nLogonGuid: {25cfb7e9-4979-6a87-e703-000000000000}\r\nLogonId: 0x3E7\r\nTerminalSessionId: 0\r\nIntegrityLevel: System\r\nHashes: MD5=E463E36104D22A2479046A7D4F620816,SHA256=8DD1EBB0B969370C70A5EE7F7EE347949AA7046AA5E1A33FCD7B1E9415B21FC3,IMPHASH=010B165E4C37F484601D3DBD700C9423\r\nParentProcessGuid: {25cfb7e9-497a-6a87-2b00-000000000400}\r\nParentProcessId: 2028\r\nParentImage: C:\\Windows\\System32\\svchost.exe\r\nParentCommandLine: C:\\WINDOWS\\system32\\svchost.exe -k netsvcs -p -s Schedule\r\nParentUser: NT AUTHORITY\\SYSTEM"
    },
    {
        "timestamp":  "2026-08-21T14:13:58.3856761+02:00",
        "log_source":  "Sysmon",
        "event_id":  11,
        "raw_message":  "File created:\r\nRuleName: T1053\r\nUtcTime: 2026-08-21 12:13:58.382\r\nProcessGuid: {25cfb7e9-497a-6a87-2b00-000000000400}\r\nProcessId: 2028\r\nImage: C:\\WINDOWS\\system32\\svchost.exe\r\nTargetFilename: C:\\Windows\\System32\\Tasks\\MedDefenseTestTask\r\nCreationUtcTime: 2026-08-21 12:13:58.382\r\nUser: NT AUTHORITY\\SYSTEM"
    },
    {
        "timestamp":  "2026-08-21T14:13:52.8006039+02:00",
        "log_source":  "Sysmon",
        "event_id":  13,
        "raw_message":  "Registry value set:\r\nRuleName: -\r\nEventType: SetValue\r\nUtcTime: 2026-08-21 12:13:52.798\r\nProcessGuid: {25cfb7e9-497a-6a87-2300-000000000400}\r\nProcessId: 1764\r\nImage: C:\\WINDOWS\\System32\\svchost.exe\r\nTargetObject: HKLM\\SOFTWARE\\Microsoft\\Windows\\CurrentVersion\\WINEVT\\Channels\\Microsoft-Windows-Sysmon/Operational\\MaxSizeUpper\r\nDetails: DWORD (0x00000000)\r\nUser: NT AUTHORITY\\LOCAL SERVICE"
    },
    {
        "timestamp":  "2026-08-21T14:13:52.8005539+02:00",
        "log_source":  "Sysmon",
        "event_id":  13,
        "raw_message":  "Registry value set:\r\nRuleName: -\r\nEventType: SetValue\r\nUtcTime: 2026-08-21 12:13:52.798\r\nProcessGuid: {25cfb7e9-497a-6a87-2300-000000000400}\r\nProcessId: 1764\r\nImage: C:\\WINDOWS\\System32\\svchost.exe\r\nTargetObject: HKLM\\SOFTWARE\\Microsoft\\Windows\\CurrentVersion\\WINEVT\\Channels\\Microsoft-Windows-Sysmon/Operational\\MaxSize\r\nDetails: DWORD (0x06400000)\r\nUser: NT AUTHORITY\\LOCAL SERVICE"
    },
    {
        "timestamp":  "2026-08-21T14:13:52.8005022+02:00",
        "log_source":  "Sysmon",
        "event_id":  13,
        "raw_message":  "Registry value set:\r\nRuleName: -\r\nEventType: SetValue\r\nUtcTime: 2026-08-21 12:13:52.798\r\nProcessGuid: {25cfb7e9-497a-6a87-2300-000000000400}\r\nProcessId: 1764\r\nImage: C:\\WINDOWS\\System32\\svchost.exe\r\nTargetObject: HKLM\\SOFTWARE\\Microsoft\\Windows\\CurrentVersion\\WINEVT\\Channels\\Microsoft-Windows-Sysmon/Operational\\Enabled\r\nDetails: DWORD (0x00000001)\r\nUser: NT AUTHORITY\\LOCAL SERVICE"
    },
    {
        "timestamp":  "2026-08-21T14:13:52.7887535+02:00",
        "log_source":  "Sysmon",
        "event_id":  13,
        "raw_message":  "Registry value set:\r\nRuleName: -\r\nEventType: SetValue\r\nUtcTime: 2026-08-21 12:13:52.786\r\nProcessGuid: {25cfb7e9-497a-6a87-2300-000000000400}\r\nProcessId: 1764\r\nImage: C:\\WINDOWS\\System32\\svchost.exe\r\nTargetObject: HKLM\\SOFTWARE\\Microsoft\\Windows\\CurrentVersion\\WINEVT\\Channels\\Microsoft-Windows-PowerShell/Operational\\MaxSizeUpper\r\nDetails: DWORD (0x00000000)\r\nUser: NT AUTHORITY\\LOCAL SERVICE"
    },
    {
        "timestamp":  "2026-08-21T14:13:52.7887120+02:00",
        "log_source":  "Sysmon",
        "event_id":  13,
        "raw_message":  "Registry value set:\r\nRuleName: -\r\nEventType: SetValue\r\nUtcTime: 2026-08-21 12:13:52.786\r\nProcessGuid: {25cfb7e9-497a-6a87-2300-000000000400}\r\nProcessId: 1764\r\nImage: C:\\WINDOWS\\System32\\svchost.exe\r\nTargetObject: HKLM\\SOFTWARE\\Microsoft\\Windows\\CurrentVersion\\WINEVT\\Channels\\Microsoft-Windows-PowerShell/Operational\\MaxSize\r\nDetails: DWORD (0x06400000)\r\nUser: NT AUTHORITY\\LOCAL SERVICE"
    },
    {
        "timestamp":  "2026-08-21T14:13:52.7886687+02:00",
        "log_source":  "Sysmon",
        "event_id":  13,
        "raw_message":  "Registry value set:\r\nRuleName: -\r\nEventType: SetValue\r\nUtcTime: 2026-08-21 12:13:52.786\r\nProcessGuid: {25cfb7e9-497a-6a87-2300-000000000400}\r\nProcessId: 1764\r\nImage: C:\\WINDOWS\\System32\\svchost.exe\r\nTargetObject: HKLM\\SOFTWARE\\Microsoft\\Windows\\CurrentVersion\\WINEVT\\Channels\\Microsoft-Windows-PowerShell/Operational\\Enabled\r\nDetails: DWORD (0x00000001)\r\nUser: NT AUTHORITY\\LOCAL SERVICE"
    },
    {
        "timestamp":  "2026-08-21T14:13:49.4968464+02:00",
        "log_source":  "Sysmon",
        "event_id":  11,
        "raw_message":  "File created:\r\nRuleName: -\r\nUtcTime: 2026-08-21 12:13:49.496\r\nProcessGuid: {25cfb7e9-4981-6a87-6200-000000000400}\r\nProcessId: 4988\r\nImage: C:\\WINDOWS\\Explorer.EXE\r\nTargetFilename: C:\\Users\\analyst\\Script\\5-telemetry_deploy.ps1\r\nCreationUtcTime: 2026-08-21 11:54:36.281\r\nUser: HAWTHORNE-ADM-0\\analyst"
    },
    {
        "timestamp":  "2026-08-21T14:12:49.5856854+02:00",
        "log_source":  "Sysmon",
        "event_id":  1,
        "raw_message":  "Process Create:\r\nRuleName: -\r\nUtcTime: 2026-08-21 12:12:49.584\r\nProcessGuid: {25cfb7e9-40c1-6a88-0405-000000000400}\r\nProcessId: 384\r\nImage: C:\\Windows\\System32\\taskhostw.exe\r\nFileVersion: 10.0.26100.8328 (WinBuild.160101.0800)\r\nDescription: Host Process for Windows Tasks\r\nProduct: Microsoft® Windows® Operating System\r\nCompany: Microsoft Corporation\r\nOriginalFileName: taskhostw.exe\r\nCommandLine: taskhostw.exe\r\nCurrentDirectory: C:\\WINDOWS\\system32\\\r\nUser: NT AUTHORITY\\SYSTEM\r\nLogonGuid: {25cfb7e9-4979-6a87-e703-000000000000}\r\nLogonId: 0x3E7\r\nTerminalSessionId: 0\r\nIntegrityLevel: System\r\nHashes: MD5=9E9370331B9D14ABBA21091FFFCD1D1E,SHA256=EA8D441DF237FB3D3B7A27A95FDE186E19C94D58A618F5C29ED5FC13CB155E96,IMPHASH=2196268E7A2880E3ADC74481297D0C4B\r\nParentProcessGuid: {25cfb7e9-497a-6a87-2b00-000000000400}\r\nParentProcessId: 2028\r\nParentImage: C:\\Windows\\System32\\svchost.exe\r\nParentCommandLine: C:\\WINDOWS\\system32\\svchost.exe -k netsvcs -p -s Schedule\r\nParentUser: NT AUTHORITY\\SYSTEM"
    },
    {
        "timestamp":  "2026-08-21T14:12:49.4418749+02:00",
        "log_source":  "Sysmon",
        "event_id":  1,
        "raw_message":  "Process Create:\r\nRuleName: -\r\nUtcTime: 2026-08-21 12:12:49.440\r\nProcessGuid: {25cfb7e9-40c1-6a88-0305-000000000400}\r\nProcessId: 6912\r\nImage: C:\\Windows\\System32\\taskhostw.exe\r\nFileVersion: 10.0.26100.8328 (WinBuild.160101.0800)\r\nDescription: Host Process for Windows Tasks\r\nProduct: Microsoft® Windows® Operating System\r\nCompany: Microsoft Corporation\r\nOriginalFileName: taskhostw.exe\r\nCommandLine: taskhostw.exe\r\nCurrentDirectory: C:\\WINDOWS\\system32\\\r\nUser: NT AUTHORITY\\SYSTEM\r\nLogonGuid: {25cfb7e9-4979-6a87-e703-000000000000}\r\nLogonId: 0x3E7\r\nTerminalSessionId: 0\r\nIntegrityLevel: System\r\nHashes: MD5=9E9370331B9D14ABBA21091FFFCD1D1E,SHA256=EA8D441DF237FB3D3B7A27A95FDE186E19C94D58A618F5C29ED5FC13CB155E96,IMPHASH=2196268E7A2880E3ADC74481297D0C4B\r\nParentProcessGuid: {25cfb7e9-497a-6a87-2b00-000000000400}\r\nParentProcessId: 2028\r\nParentImage: C:\\Windows\\System32\\svchost.exe\r\nParentCommandLine: C:\\WINDOWS\\system32\\svchost.exe -k netsvcs -p -s Schedule\r\nParentUser: NT AUTHORITY\\SYSTEM"
    },
    {
        "timestamp":  "2026-08-21T14:12:48.8786833+02:00",
        "log_source":  "Sysmon",
        "event_id":  1,
        "raw_message":  "Process Create:\r\nRuleName: -\r\nUtcTime: 2026-08-21 12:12:48.876\r\nProcessGuid: {25cfb7e9-40c0-6a88-0205-000000000400}\r\nProcessId: 7756\r\nImage: C:\\Windows\\System32\\taskhostw.exe\r\nFileVersion: 10.0.26100.8328 (WinBuild.160101.0800)\r\nDescription: Host Process for Windows Tasks\r\nProduct: Microsoft® Windows® Operating System\r\nCompany: Microsoft Corporation\r\nOriginalFileName: taskhostw.exe\r\nCommandLine: taskhostw.exe\r\nCurrentDirectory: C:\\WINDOWS\\system32\\\r\nUser: NT AUTHORITY\\SYSTEM\r\nLogonGuid: {25cfb7e9-4979-6a87-e703-000000000000}\r\nLogonId: 0x3E7\r\nTerminalSessionId: 0\r\nIntegrityLevel: System\r\nHashes: MD5=9E9370331B9D14ABBA21091FFFCD1D1E,SHA256=EA8D441DF237FB3D3B7A27A95FDE186E19C94D58A618F5C29ED5FC13CB155E96,IMPHASH=2196268E7A2880E3ADC74481297D0C4B\r\nParentProcessGuid: {25cfb7e9-497a-6a87-2b00-000000000400}\r\nParentProcessId: 2028\r\nParentImage: C:\\Windows\\System32\\svchost.exe\r\nParentCommandLine: C:\\WINDOWS\\system32\\svchost.exe -k netsvcs -p -s Schedule\r\nParentUser: NT AUTHORITY\\SYSTEM"
    },
    {
        "timestamp":  "2026-08-21T14:12:48.7807346+02:00",
        "log_source":  "Sysmon",
        "event_id":  1,
        "raw_message":  "Process Create:\r\nRuleName: -\r\nUtcTime: 2026-08-21 12:12:48.779\r\nProcessGuid: {25cfb7e9-40c0-6a88-0105-000000000400}\r\nProcessId: 5044\r\nImage: C:\\Windows\\UUS\\amd64\\MoUsoCoreWorker.exe\r\nFileVersion: 1509.2607.1012.0\r\nDescription: MoUSO Core Worker Process\r\nProduct: Microsoft® Windows® Operating System\r\nCompany: Microsoft Corporation\r\nOriginalFileName: MoUSOCoreWorker.exe\r\nCommandLine: \"C:\\WINDOWS\\uus\\AMD64\\MoUsoCoreWorker.exe\" useprivatenamespaces\r\nCurrentDirectory: C:\\WINDOWS\\system32\\\r\nUser: NT AUTHORITY\\SYSTEM\r\nLogonGuid: {25cfb7e9-4979-6a87-e703-000000000000}\r\nLogonId: 0x3E7\r\nTerminalSessionId: 0\r\nIntegrityLevel: System\r\nHashes: MD5=620BAE4C8BF599F2289B71E1CDCDD009,SHA256=D74C055552ADB882BBE57D746B5659A75A20552F09D715D904B8A8D82B76E5B8,IMPHASH=6022CD9CBE0FB37CB87DD6C459CEDFA7\r\nParentProcessGuid: {25cfb7e9-49b2-6a87-cc00-000000000400}\r\nParentProcessId: 9516\r\nParentImage: C:\\Windows\\System32\\svchost.exe\r\nParentCommandLine: C:\\WINDOWS\\system32\\svchost.exe -k netsvcs -p -s UsoSvc\r\nParentUser: NT AUTHORITY\\SYSTEM"
    },
