    {
        "timestamp":  "2026-08-21T14:13:52.7738454+02:00",
        "log_source":  "PowerShell",
        "event_id":  4104,
        "raw_message":  "Creating Scriptblock text (1 of 1):\r\n# Name: 5-telemetry_deploy.ps1\n# Purpose: Deploy telemetry (Sysmon + Script Block Logging), run controlled test sequences, verify coverage, and export evidence.\n# Author: Stephen Reilly\n# Exit Codes: 0=Success, 1=Control Failure (verification failed), 2=Environment Error (missing deps/files)\n\nSet-StrictMode -Version Latest\n$ErrorActionPreference = \u0027Stop\u0027\n\n# --- Configuration ---\n$LogDir = \"capstone\\telemetry\"\n$WindowsEventsJson = Join-Path $PWD \"$LogDir\\windows_events.json\"\n$WindowsCoverageJson = Join-Path $PWD \"$LogDir\\windows_coverage.json\"\n$TestUser = \"TestAuditUser\"\n$ScheduledTaskName = \"MedDefenseTestTask\"\n$TestServiceName = \"BITS\"\n\n# Coverage tracking hashtable\n$coverageStatus = [ordered]@{\n    \"user_creation\"      = \"pending\"\n    \"scheduled_task\"     = \"pending\"\n    \"service_start_stop\" = \"pending\"\n    \"powershell_command\" = \"pending\"\n}\n\n# --- Logging Helpers ---\nfunction Write-LogStep {\n    param([string]$Message)\n    $timestamp = Get-Date -Format \"yyyy-MM-dd HH:mm:ss\"\n    Write-Host \"[INFO] $timestamp - $Message\"\n}\n\nfunction Write-FailExit {\n    param([string]$Message)\n    Write-LogStep \"FAILURE: $Message\"\n    exit 1\n}\n\nfunction Write-EnvError {\n    param([string]$Message)\n    Write-LogStep \"ENVIRONMENT ERROR: $Message\"\n    exit 2\n}\n\n# --- Pre-flight Checks ---\n\nWrite-LogStep \"Checking environment dependencies...\"\n\n# Check if running as Administrator\n$isAdmin = ([Security.Principal.WindowsPrincipal][Security.Principal.WindowsIdentity]::GetCurrent()).IsInRole([Security.Principal.WindowsBuiltInRole]::Administrator)\nif (-not $isAdmin) {\n    Write-EnvError \"This script must be run as Administrator.\"\n}\n\n# Check if Sysmon is installed\n$sysmonService = Get-Service -Name \"Sysmon64\" -ErrorAction SilentlyContinue\nif ($null -eq $sysmonService) {\n    $sysmonService = Get-Service -Name \"Sysmon\" -ErrorAction SilentlyContinue\n}\n\nif ($null -eq $sysmonService) {\n    $sysmonPaths = @(\n        \"$env:SystemRoot\\Sysmon64.exe\",\n        \"$env:"
    },
    {
        "timestamp":  "2026-08-21T14:11:36.9395996+02:00",
        "log_source":  "PowerShell",
        "event_id":  4100,
        "raw_message":  "Error Message = System error.\r\n\r\n\r\nContext:\r\n        Severity = Warning\r\n        Host Name = ConsoleHost\r\n        Host Version = 5.1.26100.9168\r\n        Host ID = 2c022520-354d-4e2a-b62a-d599d6346246\r\n        Host Application = C:\\Windows\\System32\\WindowsPowerShell\\v1.0\\powershell.exe\r\n        Engine Version = 5.1.26100.9168\r\n        Runspace ID = d836a06c-ae70-4cf9-a2de-b123194f3db3\r\n        Pipeline ID = 125\r\n        Command Name = \r\n        Command Type = \r\n        Script Name = \r\n        Command Path = \r\n        Sequence Number = 43\r\n        User = HAWTHORNE-ADM-0\\analyst\r\n        Connected User = \r\n        Shell ID = Microsoft.PowerShell\r\n\r\n\r\nUser Data:\r\n\r\n"
    },
    {
        "timestamp":  "2026-08-21T14:11:13.6428076+02:00",
        "log_source":  "PowerShell",
        "event_id":  4104,
        "raw_message":  "Creating Scriptblock text (1 of 1):\r\n# Name: 5-telemetry_deploy.ps1\n# Purpose: Deploy telemetry (Sysmon + Script Block Logging), run controlled test sequences, verify coverage, and export evidence.\n# Author: Stephen Reilly\n# Exit Codes: 0=Success, 1=Control Failure (verification failed), 2=Environment Error (missing deps/files)\n\nSet-StrictMode -Version Latest\n$ErrorActionPreference = \u0027Stop\u0027\n\n# --- Configuration ---\n$LogDir = \"capstone\\telemetry\"\n$WindowsEventsJson = Join-Path $PWD \"$LogDir\\windows_events.json\"\n$WindowsCoverageJson = Join-Path $PWD \"$LogDir\\windows_coverage.json\"\n$TestUser = \"TestAuditUser\"\n$ScheduledTaskName = \"MedDefenseTestTask\"\n$TestServiceName = \"BITS\"\n\n# Coverage tracking hashtable\n$coverageStatus = [ordered]@{\n    \"user_creation\"      = \"pending\"\n    \"scheduled_task\"     = \"pending\"\n    \"service_start_stop\" = \"pending\"\n    \"powershell_command\" = \"pending\"\n}\n\n# --- Logging Helpers ---\nfunction Write-LogStep {\n    param([string]$Message)\n    $timestamp = Get-Date -Format \"yyyy-MM-dd HH:mm:ss\"\n    Write-Host \"[INFO] $timestamp - $Message\"\n}\n\nfunction Write-FailExit {\n    param([string]$Message)\n    Write-LogStep \"FAILURE: $Message\"\n    exit 1\n}\n\nfunction Write-EnvError {\n    param([string]$Message)\n    Write-LogStep \"ENVIRONMENT ERROR: $Message\"\n    exit 2\n}\n\n# --- Pre-flight Checks ---\n\nWrite-LogStep \"Checking environment dependencies...\"\n\n# Check if running as Administrator\n$isAdmin = ([Security.Principal.WindowsPrincipal][Security.Principal.WindowsIdentity]::GetCurrent()).IsInRole([Security.Principal.WindowsBuiltInRole]::Administrator)\nif (-not $isAdmin) {\n    Write-EnvError \"This script must be run as Administrator.\"\n}\n\n# Check if Sysmon is installed\n$sysmonService = Get-Service -Name \"Sysmon64\" -ErrorAction SilentlyContinue\nif ($null -eq $sysmonService) {\n    $sysmonService = Get-Service -Name \"Sysmon\" -ErrorAction SilentlyContinue\n}\n\nif ($null -eq $sysmonService) {\n    $sysmonPaths = @(\n        \"$env:SystemRoot\\Sysmon64.exe\",\n        \"$env:"
    },
    {
        "timestamp":  "2026-08-21T14:10:38.2923046+02:00",
        "log_source":  "PowerShell",
        "event_id":  4104,
        "raw_message":  "Creating Scriptblock text (1 of 1):\r\n$global:?\r\n\r\nScriptBlock ID: b959a884-e6a3-497d-a63e-a4f1f5c0f3da\r\nPath: "
    },
    {
        "timestamp":  "2026-08-21T14:10:38.2874455+02:00",
        "log_source":  "PowerShell",
        "event_id":  4103,
        "raw_message":  "CommandInvocation(Out-Default): \"Out-Default\"\r\n\r\n\r\nContext:\r\n        Severity = Informational\r\n        Host Name = ConsoleHost\r\n        Host Version = 5.1.26100.9168\r\n        Host ID = 8fc4d844-797f-43fa-b268-569aa48ecc99\r\n        Host Application = powershell.exe -ExecutionPolicy Restricted -Command Write-Host \u0027Final result: 1\u0027;\r\n        Engine Version = 5.1.26100.9168\r\n        Runspace ID = 9d364ab4-8861-416f-98fb-5506908998e9\r\n        Pipeline ID = 1\r\n        Command Name = \r\n        Command Type = Script\r\n        Script Name = \r\n        Command Path = \r\n        Sequence Number = 30\r\n        User = WORKGROUP\\SYSTEM\r\n        Connected User = \r\n        Shell ID = Microsoft.PowerShell\r\n\r\n\r\nUser Data:\r\n\r\n"
    },
    {
        "timestamp":  "2026-08-21T14:10:38.2868529+02:00",
        "log_source":  "PowerShell",
        "event_id":  4103,
        "raw_message":  "CommandInvocation(Write-Host): \"Write-Host\"\r\nParameterBinding(Write-Host): name=\"Object\"; value=\"Final result: 1\"\r\n\r\n\r\nContext:\r\n        Severity = Informational\r\n        Host Name = ConsoleHost\r\n        Host Version = 5.1.26100.9168\r\n        Host ID = 8fc4d844-797f-43fa-b268-569aa48ecc99\r\n        Host Application = powershell.exe -ExecutionPolicy Restricted -Command Write-Host \u0027Final result: 1\u0027;\r\n        Engine Version = 5.1.26100.9168\r\n        Runspace ID = 9d364ab4-8861-416f-98fb-5506908998e9\r\n        Pipeline ID = 1\r\n        Command Name = Write-Host\r\n        Command Type = Cmdlet\r\n        Script Name = \r\n        Command Path = \r\n        Sequence Number = 26\r\n        User = WORKGROUP\\SYSTEM\r\n        Connected User = \r\n        Shell ID = Microsoft.PowerShell\r\n\r\n\r\nUser Data:\r\n\r\n"
    },
    {
        "timestamp":  "2026-08-21T14:10:37.8929924+02:00",
        "log_source":  "PowerShell",
        "event_id":  4104,
        "raw_message":  "Creating Scriptblock text (1 of 1):\r\nWrite-Host \u0027Final result: 1\u0027;\r\n\r\nScriptBlock ID: 9fa2963d-bd82-4bd2-8fa3-29afc14467b1\r\nPath: "
    },
    {
        "timestamp":  "2026-08-21T14:10:37.7425099+02:00",
        "log_source":  "PowerShell",
        "event_id":  40962,
        "raw_message":  "PowerShell console is ready for user input"
    },
    {
        "timestamp":  "2026-08-21T14:10:37.5262575+02:00",
        "log_source":  "PowerShell",
        "event_id":  53504,
        "raw_message":  "Windows PowerShell has started an IPC listening thread on process: 4448 in AppDomain: DefaultAppDomain."
    },
    {
        "timestamp":  "2026-08-21T14:10:37.3789093+02:00",
        "log_source":  "PowerShell",
        "event_id":  40961,
        "raw_message":  "PowerShell console is starting up"
    },
    {
        "timestamp":  "2026-08-21T14:10:37.2526747+02:00",
        "log_source":  "PowerShell",
        "event_id":  4104,
        "raw_message":  "Creating Scriptblock text (1 of 1):\r\n$global:?\r\n\r\nScriptBlock ID: 2d9c3234-c61c-4c7b-ae3e-812e9bf5ccd7\r\nPath: "
    },
    {
        "timestamp":  "2026-08-21T14:10:37.2424201+02:00",
        "log_source":  "PowerShell",
        "event_id":  4103,
        "raw_message":  "CommandInvocation(Out-Default): \"Out-Default\"\r\n\r\n\r\nContext:\r\n        Severity = Informational\r\n        Host Name = ConsoleHost\r\n        Host Version = 5.1.26100.9168\r\n        Host ID = ce6334ee-32f9-48fb-ae3e-648f7f754c3a\r\n        Host Application = powershell.exe -ExecutionPolicy Restricted -Command \n $Res = 0\n $InboxIMEs = (@(\n \u0027{0000897b-83df-4b96-be07-0fb58b01c4a4}\u0027,\u0027{03b5835f-f03c-411b-9ce2-aa23e1171e36}\u0027,\n \u0027{531fdebf-9b4c-4a43-a2aa-960e8fcdc732}\u0027,\u0027{6a498709-e00b-4c45-a018-8f9e4081ae40}\u0027,\n \u0027{7c472071-36a7-4709-88cc-859513e583a9}\u0027,\u0027{81d4e9c9-1d3b-41bc-9e6c-4b40bf79e35e}\u0027,\n \u0027{81ea0a17-aa39-455b-ba20-ea79a8f98966}\u0027,\u0027{8613e14c-d0c0-4161-ac0f-1dd2563286bc}\u0027,\n \u0027{a028ae76-01b1-46c2-99c4-acd9858ae02f}\u0027,\u0027{a1e2b86b-924a-4d43-80f6-8a820df7190f}\u0027,\n \u0027{b115690a-ea02-48d5-a231-e3578d2fdf80}\u0027,\u0027{c2cb2cf0-af47-413e-9780-8bc3a3c16068}\u0027,\n \u0027{dcbd6fa8-032f-11d3-b5b1-00c04fc324a1}\u0027,\u0027{e429b25a-e5d3-4d1f-9be3-0c608477e3a1}\u0027,\n \u0027{f25e9f57-2fc8-4eb3-a41a-cce5f08541e6}\u0027,\u0027{fa445657-9379-11d6-b41a-00065b83ee53}\u0027\n ) | ForEach-Object { [regex]::Escape($_) }) -join \u0027|\u0027\n $InboxPattern = \u0027TIP\\\\(?:\u0027 + $InboxIMEs + \u0027)\u0027\n $LanguageProfiles = Get-Item \u0027HKLM:\\SOFTWARE\\Microsoft\\CTF\\TIP\\{????????-????-????-????-????????????}\\LanguageProfile\\0x*\\{????????-????-????-????-????????????}\u0027 -EA SilentlyContinue\n foreach ($prof in @($LanguageProfiles)) {\n if ($prof.PSPath -match $InboxPattern) { continue }\n $pp = Get-ItemProperty $prof.PSPath -EA SilentlyContinue\n $hasEnable = ($pp.PSObject.Properties.Name -contains \u0027Enable\u0027)\n if ((-not $hasEnable) -or ($pp.Enable -eq 1)) {\n $Res = 1\n break\n }\n }\n Write-Host \u0027Final result:\u0027,$Res\n\r\n        Engine Version = 5.1.26100.9168\r\n        Runspace ID = e14a1382-9784-4a9a-a6db-7fbd3ac9846f\r\n        Pipeline ID = 1\r\n        Command Name = \r\n        Command Type = Script\r\n        Script Name = \r\n        Command Path = \r\n        Sequence Number = 40\r\n        User = WORKGROUP\\SYSTEM\r\n        Connected User = \r\n        Shell ID = Microsoft.PowerShell\r\n\r\n\r\nUser Data:\r\n\r\n"
    },
    {
        "timestamp":  "2026-08-21T14:10:37.2418284+02:00",
        "log_source":  "PowerShell",
        "event_id":  4103,
        "raw_message":  "CommandInvocation(Write-Host): \"Write-Host\"\r\nParameterBinding(Write-Host): name=\"Object\"; value=\"System.Object[]\"\r\n\r\n\r\nContext:\r\n        Severity = Informational\r\n        Host Name = ConsoleHost\r\n        Host Version = 5.1.26100.9168\r\n        Host ID = ce6334ee-32f9-48fb-ae3e-648f7f754c3a\r\n        Host Application = powershell.exe -ExecutionPolicy Restricted -Command \n $Res = 0\n $InboxIMEs = (@(\n \u0027{0000897b-83df-4b96-be07-0fb58b01c4a4}\u0027,\u0027{03b5835f-f03c-411b-9ce2-aa23e1171e36}\u0027,\n \u0027{531fdebf-9b4c-4a43-a2aa-960e8fcdc732}\u0027,\u0027{6a498709-e00b-4c45-a018-8f9e4081ae40}\u0027,\n \u0027{7c472071-36a7-4709-88cc-859513e583a9}\u0027,\u0027{81d4e9c9-1d3b-41bc-9e6c-4b40bf79e35e}\u0027,\n \u0027{81ea0a17-aa39-455b-ba20-ea79a8f98966}\u0027,\u0027{8613e14c-d0c0-4161-ac0f-1dd2563286bc}\u0027,\n \u0027{a028ae76-01b1-46c2-99c4-acd9858ae02f}\u0027,\u0027{a1e2b86b-924a-4d43-80f6-8a820df7190f}\u0027,\n \u0027{b115690a-ea02-48d5-a231-e3578d2fdf80}\u0027,\u0027{c2cb2cf0-af47-413e-9780-8bc3a3c16068}\u0027,\n \u0027{dcbd6fa8-032f-11d3-b5b1-00c04fc324a1}\u0027,\u0027{e429b25a-e5d3-4d1f-9be3-0c608477e3a1}\u0027,\n \u0027{f25e9f57-2fc8-4eb3-a41a-cce5f08541e6}\u0027,\u0027{fa445657-9379-11d6-b41a-00065b83ee53}\u0027\n ) | ForEach-Object { [regex]::Escape($_) }) -join \u0027|\u0027\n $InboxPattern = \u0027TIP\\\\(?:\u0027 + $InboxIMEs + \u0027)\u0027\n $LanguageProfiles = Get-Item \u0027HKLM:\\SOFTWARE\\Microsoft\\CTF\\TIP\\{????????-????-????-????-????????????}\\LanguageProfile\\0x*\\{????????-????-????-????-????????????}\u0027 -EA SilentlyContinue\n foreach ($prof in @($LanguageProfiles)) {\n if ($prof.PSPath -match $InboxPattern) { continue }\n $pp = Get-ItemProperty $prof.PSPath -EA SilentlyContinue\n $hasEnable = ($pp.PSObject.Properties.Name -contains \u0027Enable\u0027)\n if ((-not $hasEnable) -or ($pp.Enable -eq 1)) {\n $Res = 1\n break\n }\n }\n Write-Host \u0027Final result:\u0027,$Res\n\r\n        Engine Version = 5.1.26100.9168\r\n        Runspace ID = e14a1382-9784-4a9a-a6db-7fbd3ac9846f\r\n        Pipeline ID = 1\r\n        Command Name = Write-Host\r\n        Command Type = Cmdlet\r\n        Script Name = \r\n        Command Path = \r\n        Sequence Number = 36\r\n        User = WORKGROUP\\SYSTEM\r\n        Connect"
    },
    {
        "timestamp":  "2026-08-21T14:10:37.1514878+02:00",
        "log_source":  "PowerShell",
        "event_id":  4103,
        "raw_message":  "CommandInvocation(Get-Item): \"Get-Item\"\r\nParameterBinding(Get-Item): name=\"ErrorAction\"; value=\"SilentlyContinue\"\r\nParameterBinding(Get-Item): name=\"Path\"; value=\"HKLM:\\SOFTWARE\\Microsoft\\CTF\\TIP\\{????????-????-????-????-????????????}\\LanguageProfile\\0x*\\{????????-????-????-????-????????????}\"\r\n\r\n\r\nContext:\r\n        Severity = Informational\r\n        Host Name = ConsoleHost\r\n        Host Version = 5.1.26100.9168\r\n        Host ID = ce6334ee-32f9-48fb-ae3e-648f7f754c3a\r\n        Host Application = powershell.exe -ExecutionPolicy Restricted -Command \n $Res = 0\n $InboxIMEs = (@(\n \u0027{0000897b-83df-4b96-be07-0fb58b01c4a4}\u0027,\u0027{03b5835f-f03c-411b-9ce2-aa23e1171e36}\u0027,\n \u0027{531fdebf-9b4c-4a43-a2aa-960e8fcdc732}\u0027,\u0027{6a498709-e00b-4c45-a018-8f9e4081ae40}\u0027,\n \u0027{7c472071-36a7-4709-88cc-859513e583a9}\u0027,\u0027{81d4e9c9-1d3b-41bc-9e6c-4b40bf79e35e}\u0027,\n \u0027{81ea0a17-aa39-455b-ba20-ea79a8f98966}\u0027,\u0027{8613e14c-d0c0-4161-ac0f-1dd2563286bc}\u0027,\n \u0027{a028ae76-01b1-46c2-99c4-acd9858ae02f}\u0027,\u0027{a1e2b86b-924a-4d43-80f6-8a820df7190f}\u0027,\n \u0027{b115690a-ea02-48d5-a231-e3578d2fdf80}\u0027,\u0027{c2cb2cf0-af47-413e-9780-8bc3a3c16068}\u0027,\n \u0027{dcbd6fa8-032f-11d3-b5b1-00c04fc324a1}\u0027,\u0027{e429b25a-e5d3-4d1f-9be3-0c608477e3a1}\u0027,\n \u0027{f25e9f57-2fc8-4eb3-a41a-cce5f08541e6}\u0027,\u0027{fa445657-9379-11d6-b41a-00065b83ee53}\u0027\n ) | ForEach-Object { [regex]::Escape($_) }) -join \u0027|\u0027\n $InboxPattern = \u0027TIP\\\\(?:\u0027 + $InboxIMEs + \u0027)\u0027\n $LanguageProfiles = Get-Item \u0027HKLM:\\SOFTWARE\\Microsoft\\CTF\\TIP\\{????????-????-????-????-????????????}\\LanguageProfile\\0x*\\{????????-????-????-????-????????????}\u0027 -EA SilentlyContinue\n foreach ($prof in @($LanguageProfiles)) {\n if ($prof.PSPath -match $InboxPattern) { continue }\n $pp = Get-ItemProperty $prof.PSPath -EA SilentlyContinue\n $hasEnable = ($pp.PSObject.Properties.Name -contains \u0027Enable\u0027)\n if ((-not $hasEnable) -or ($pp.Enable -eq 1)) {\n $Res = 1\n break\n }\n }\n Write-Host \u0027Final result:\u0027,$Res\n\r\n        Engine Version = 5.1.26100.9168\r\n        Runspace ID = e14a1382-9784-4a9a-a6db-7fbd3ac9846f\r\n        Pipeline ID = 1\r\n        Comm"
    },
    {
        "timestamp":  "2026-08-21T14:10:36.3193269+02:00",
        "log_source":  "PowerShell",
        "event_id":  4103,
        "raw_message":  "CommandInvocation(ForEach-Object): \"ForEach-Object\"\r\nParameterBinding(ForEach-Object): name=\"Process\"; value=\" [regex]::Escape($_) \"\r\nParameterBinding(ForEach-Object): name=\"InputObject\"; value=\"{0000897b-83df-4b96-be07-0fb58b01c4a4}\"\r\nParameterBinding(ForEach-Object): name=\"InputObject\"; value=\"{03b5835f-f03c-411b-9ce2-aa23e1171e36}\"\r\nParameterBinding(ForEach-Object): name=\"InputObject\"; value=\"{531fdebf-9b4c-4a43-a2aa-960e8fcdc732}\"\r\nParameterBinding(ForEach-Object): name=\"InputObject\"; value=\"{6a498709-e00b-4c45-a018-8f9e4081ae40}\"\r\nParameterBinding(ForEach-Object): name=\"InputObject\"; value=\"{7c472071-36a7-4709-88cc-859513e583a9}\"\r\nParameterBinding(ForEach-Object): name=\"InputObject\"; value=\"{81d4e9c9-1d3b-41bc-9e6c-4b40bf79e35e}\"\r\nParameterBinding(ForEach-Object): name=\"InputObject\"; value=\"{81ea0a17-aa39-455b-ba20-ea79a8f98966}\"\r\nParameterBinding(ForEach-Object): name=\"InputObject\"; value=\"{8613e14c-d0c0-4161-ac0f-1dd2563286bc}\"\r\nParameterBinding(ForEach-Object): name=\"InputObject\"; value=\"{a028ae76-01b1-46c2-99c4-acd9858ae02f}\"\r\nParameterBinding(ForEach-Object): name=\"InputObject\"; value=\"{a1e2b86b-924a-4d43-80f6-8a820df7190f}\"\r\nParameterBinding(ForEach-Object): name=\"InputObject\"; value=\"{b115690a-ea02-48d5-a231-e3578d2fdf80}\"\r\nParameterBinding(ForEach-Object): name=\"InputObject\"; value=\"{c2cb2cf0-af47-413e-9780-8bc3a3c16068}\"\r\nParameterBinding(ForEach-Object): name=\"InputObject\"; value=\"{dcbd6fa8-032f-11d3-b5b1-00c04fc324a1}\"\r\nParameterBinding(ForEach-Object): name=\"InputObject\"; value=\"{e429b25a-e5d3-4d1f-9be3-0c608477e3a1}\"\r\nParameterBinding(ForEach-Object): name=\"InputObject\"; value=\"{f25e9f57-2fc8-4eb3-a41a-cce5f08541e6}\"\r\nParameterBinding(ForEach-Object): name=\"InputObject\"; value=\"{fa445657-9379-11d6-b41a-00065b83ee53}\"\r\n\r\n\r\nContext:\r\n        Severity = Informational\r\n        Host Name = ConsoleHost\r\n        Host Version = 5.1.26100.9168\r\n        Host ID = ce6334ee-32f9-48fb-ae3e-648f7f754c3a\r\n        Host Application = powershell.exe -ExecutionPolicy"
    },
    {
        "timestamp":  "2026-08-21T14:10:36.2760122+02:00",
        "log_source":  "PowerShell",
        "event_id":  4104,
        "raw_message":  "Creating Scriptblock text (1 of 1):\r\n{ [regex]::Escape($_) }\r\n\r\nScriptBlock ID: 483e179f-3550-4388-927b-ba989fa2537c\r\nPath: "
    },
    {
        "timestamp":  "2026-08-21T14:10:36.1932345+02:00",
        "log_source":  "PowerShell",
        "event_id":  4104,
        "raw_message":  "Creating Scriptblock text (1 of 1):\r\n\n $Res = 0\n $InboxIMEs = (@(\n \u0027{0000897b-83df-4b96-be07-0fb58b01c4a4}\u0027,\u0027{03b5835f-f03c-411b-9ce2-aa23e1171e36}\u0027,\n \u0027{531fdebf-9b4c-4a43-a2aa-960e8fcdc732}\u0027,\u0027{6a498709-e00b-4c45-a018-8f9e4081ae40}\u0027,\n \u0027{7c472071-36a7-4709-88cc-859513e583a9}\u0027,\u0027{81d4e9c9-1d3b-41bc-9e6c-4b40bf79e35e}\u0027,\n \u0027{81ea0a17-aa39-455b-ba20-ea79a8f98966}\u0027,\u0027{8613e14c-d0c0-4161-ac0f-1dd2563286bc}\u0027,\n \u0027{a028ae76-01b1-46c2-99c4-acd9858ae02f}\u0027,\u0027{a1e2b86b-924a-4d43-80f6-8a820df7190f}\u0027,\n \u0027{b115690a-ea02-48d5-a231-e3578d2fdf80}\u0027,\u0027{c2cb2cf0-af47-413e-9780-8bc3a3c16068}\u0027,\n \u0027{dcbd6fa8-032f-11d3-b5b1-00c04fc324a1}\u0027,\u0027{e429b25a-e5d3-4d1f-9be3-0c608477e3a1}\u0027,\n \u0027{f25e9f57-2fc8-4eb3-a41a-cce5f08541e6}\u0027,\u0027{fa445657-9379-11d6-b41a-00065b83ee53}\u0027\n ) | ForEach-Object { [regex]::Escape($_) }) -join \u0027|\u0027\n $InboxPattern = \u0027TIP\\\\(?:\u0027 + $InboxIMEs + \u0027)\u0027\n $LanguageProfiles = Get-Item \u0027HKLM:\\SOFTWARE\\Microsoft\\CTF\\TIP\\{????????-????-????-????-????????????}\\LanguageProfile\\0x*\\{????????-????-????-????-????????????}\u0027 -EA SilentlyContinue\n foreach ($prof in @($LanguageProfiles)) {\n if ($prof.PSPath -match $InboxPattern) { continue }\n $pp = Get-ItemProperty $prof.PSPath -EA SilentlyContinue\n $hasEnable = ($pp.PSObject.Properties.Name -contains \u0027Enable\u0027)\n if ((-not $hasEnable) -or ($pp.Enable -eq 1)) {\n $Res = 1\n break\n }\n }\n Write-Host \u0027Final result:\u0027,$Res\n\r\n\r\nScriptBlock ID: 41b36795-a966-42b6-bc7b-0b502341409e\r\nPath: "
    },
    {
        "timestamp":  "2026-08-21T14:10:35.8992072+02:00",
        "log_source":  "PowerShell",
        "event_id":  40962,
        "raw_message":  "PowerShell console is ready for user input"
    },
    {
        "timestamp":  "2026-08-21T14:10:35.5923098+02:00",
        "log_source":  "PowerShell",
        "event_id":  53504,
        "raw_message":  "Windows PowerShell has started an IPC listening thread on process: 11112 in AppDomain: DefaultAppDomain."
    },
    {
        "timestamp":  "2026-08-21T14:10:35.3640169+02:00",
        "log_source":  "PowerShell",
        "event_id":  40961,
        "raw_message":  "PowerShell console is starting up"
    },
    {
        "timestamp":  "2026-08-21T14:04:02.5393450+02:00",
        "log_source":  "PowerShell",
        "event_id":  4100,
        "raw_message":  "Error Message = System error.\r\n\r\n\r\nContext:\r\n        Severity = Warning\r\n        Host Name = ConsoleHost\r\n        Host Version = 5.1.26100.9168\r\n        Host ID = 2c022520-354d-4e2a-b62a-d599d6346246\r\n        Host Application = C:\\Windows\\System32\\WindowsPowerShell\\v1.0\\powershell.exe\r\n        Engine Version = 5.1.26100.9168\r\n        Runspace ID = d836a06c-ae70-4cf9-a2de-b123194f3db3\r\n        Pipeline ID = 122\r\n        Command Name = \r\n        Command Type = \r\n        Script Name = \r\n        Command Path = \r\n        Sequence Number = 42\r\n        User = HAWTHORNE-ADM-0\\analyst\r\n        Connected User = \r\n        Shell ID = Microsoft.PowerShell\r\n\r\n\r\nUser Data:\r\n\r\n"
    },
    {
        "timestamp":  "2026-08-21T14:03:56.9926878+02:00",
        "log_source":  "PowerShell",
        "event_id":  4100,
        "raw_message":  "Error Message = The running command stopped because the preference variable \"ErrorActionPreference\" or common parameter is set to Stop: Exception of type \u0027Microsoft.PowerShell.Commands.InvalidPasswordException\u0027 was thrown.\r\nFully Qualified Error ID = InvalidPassword,Microsoft.PowerShell.Commands.NewLocalUserCommand\r\n\r\n\r\nContext:\r\n        Severity = Warning\r\n        Host Name = ConsoleHost\r\n        Host Version = 5.1.26100.9168\r\n        Host ID = 2c022520-354d-4e2a-b62a-d599d6346246\r\n        Host Application = C:\\Windows\\System32\\WindowsPowerShell\\v1.0\\powershell.exe\r\n        Engine Version = 5.1.26100.9168\r\n        Runspace ID = d836a06c-ae70-4cf9-a2de-b123194f3db3\r\n        Pipeline ID = 122\r\n        Command Name = New-LocalUser\r\n        Command Type = Cmdlet\r\n        Script Name = C:\\Users\\analyst\\Script\\5-telemetry_deploy.ps1\r\n        Command Path = \r\n        Sequence Number = 41\r\n        User = HAWTHORNE-ADM-0\\analyst\r\n        Connected User = \r\n        Shell ID = Microsoft.PowerShell\r\n\r\n\r\nUser Data:\r\n\r\n"
    },
    {
        "timestamp":  "2026-08-21T14:03:56.9798346+02:00",
        "log_source":  "PowerShell",
        "event_id":  4104,
        "raw_message":  "Creating Scriptblock text (1 of 1):\r\n# Name: 5-telemetry_deploy.ps1\n# Purpose: Deploy telemetry (Sysmon + Script Block Logging), run controlled test sequences, verify coverage, and export evidence.\n# Author: Stephen Reilly\n# Exit Codes: 0=Success, 1=Control Failure (verification failed), 2=Environment Error (missing deps/files)\n\nSet-StrictMode -Version Latest\n$ErrorActionPreference = \u0027Stop\u0027\n\n# --- Configuration ---\n$LogDir = \"capstone\\telemetry\"\n$WindowsEventsJson = Join-Path $PWD \"$LogDir\\windows_events.json\"\n$WindowsCoverageJson = Join-Path $PWD \"$LogDir\\windows_coverage.json\"\n$TestUser = \"TestAuditUser\"\n$ScheduledTaskName = \"MedDefenseTestTask\"\n$TestServiceName = \"BITS\"\n\n# Coverage tracking hashtable\n$coverageStatus = [ordered]@{\n    \"user_creation\"      = \"pending\"\n    \"scheduled_task\"     = \"pending\"\n    \"service_start_stop\" = \"pending\"\n    \"powershell_command\" = \"pending\"\n}\n\n# --- Logging Helpers ---\nfunction Write-LogStep {\n    param([string]$Message)\n    $timestamp = Get-Date -Format \"yyyy-MM-dd HH:mm:ss\"\n    Write-Host \"[INFO] $timestamp - $Message\"\n}\n\nfunction Write-FailExit {\n    param([string]$Message)\n    Write-LogStep \"FAILURE: $Message\"\n    exit 1\n}\n\nfunction Write-EnvError {\n    param([string]$Message)\n    Write-LogStep \"ENVIRONMENT ERROR: $Message\"\n    exit 2\n}\n\n# --- Pre-flight Checks ---\n\nWrite-LogStep \"Checking environment dependencies...\"\n\n# Check if running as Administrator\n$isAdmin = ([Security.Principal.WindowsPrincipal][Security.Principal.WindowsIdentity]::GetCurrent()).IsInRole([Security.Principal.WindowsBuiltInRole]::Administrator)\nif (-not $isAdmin) {\n    Write-EnvError \"This script must be run as Administrator.\"\n}\n\n# Check if Sysmon is installed\n$sysmonService = Get-Service -Name \"Sysmon64\" -ErrorAction SilentlyContinue\nif ($null -eq $sysmonService) {\n    $sysmonService = Get-Service -Name \"Sysmon\" -ErrorAction SilentlyContinue\n}\n\nif ($null -eq $sysmonService) {\n    $sysmonPaths = @(\n        \"$env:SystemRoot\\Sysmon64.exe\",\n        \"$env:"
    },
    {
        "timestamp":  "2026-08-21T14:01:36.7939495+02:00",
        "log_source":  "PowerShell",
        "event_id":  4100,
        "raw_message":  "Error Message = System error.\r\n\r\n\r\nContext:\r\n        Severity = Warning\r\n        Host Name = ConsoleHost\r\n        Host Version = 5.1.26100.9168\r\n        Host ID = 2c022520-354d-4e2a-b62a-d599d6346246\r\n        Host Application = C:\\Windows\\System32\\WindowsPowerShell\\v1.0\\powershell.exe\r\n        Engine Version = 5.1.26100.9168\r\n        Runspace ID = d836a06c-ae70-4cf9-a2de-b123194f3db3\r\n        Pipeline ID = 117\r\n        Command Name = \r\n        Command Type = \r\n        Script Name = \r\n        Command Path = \r\n        Sequence Number = 40\r\n        User = HAWTHORNE-ADM-0\\analyst\r\n        Connected User = \r\n        Shell ID = Microsoft.PowerShell\r\n\r\n\r\nUser Data:\r\n\r\n"
    },
    {
        "timestamp":  "2026-08-21T14:01:23.6607607+02:00",
        "log_source":  "PowerShell",
        "event_id":  4104,
        "raw_message":  "Creating Scriptblock text (6 of 6):\r\n    }\r\n        { @(\u0027Object\u0027) -contains $_ } {\r\n        [object]$__cmdletization_defaultValue = $null\r\n        [object]$__cmdletization_defaultValueIsPresent = $false\r\n        if ($PSBoundParameters.ContainsKey(\u0027InputObject\u0027)) {\r\n          [object]$__cmdletization_value = ${InputObject}\r\n          $__cmdletization_methodParameter = [Microsoft.PowerShell.Cmdletization.MethodParameter]@{Name = \u0027InputObject\u0027; ParameterType = \u0027Microsoft.Management.Infrastructure.CimInstance\u0027; Bindings = \u0027In\u0027; Value = $__cmdletization_value; IsValuePresent = $true}\r\n        } else {\r\n          $__cmdletization_methodParameter = [Microsoft.PowerShell.Cmdletization.MethodParameter]@{Name = \u0027InputObject\u0027; ParameterType = \u0027Microsoft.Management.Infrastructure.CimInstance\u0027; Bindings = \u0027In\u0027; Value = $__cmdletization_defaultValue; IsValuePresent = $__cmdletization_defaultValueIsPresent}\r\n        }\r\n        $__cmdletization_methodParameter.ParameterTypeName = \u0027Microsoft.Management.Infrastructure.CimInstance#MSFT_ClusteredScheduledTask\u0027\r\n        $__cmdletization_methodParameters.Add($__cmdletization_methodParameter)\r\n\r\n      $__cmdletization_returnValue = [Microsoft.PowerShell.Cmdletization.MethodParameter]@{ Name = \u0027ReturnValue\u0027; ParameterType = \u0027System.Int32\u0027; Bindings = \u0027Error\u0027; Value = $null; IsValuePresent = $false }\r\n      $__cmdletization_methodInvocationInfo = [Microsoft.PowerShell.Cmdletization.MethodInvocationInfo]::new(\u0027UnregisterByObject\u0027, $__cmdletization_methodParameters, $__cmdletization_returnValue)\r\n      $__cmdletization_objectModelWrapper.ProcessRecord($__cmdletization_methodInvocationInfo)\r\n        }\r\n    }\r\n\r\n            }\r\n        }\r\n        catch\r\n        {\r\n            $__cmdletization_exceptionHasBeenThrown = $true\r\n            throw\r\n        }\r\n    }\r\n        \r\n\r\n    End {\r\n        try\r\n        {\r\n            if (-not $__cmdletization_exceptionHasBeenThrown)\r\n            {\r\n                $__cmdletization_objectModelWrapper.EndProcessi"
    },
    {
        "timestamp":  "2026-08-21T14:01:23.6607575+02:00",
        "log_source":  "PowerShell",
        "event_id":  4104,
        "raw_message":  "Creating Scriptblock text (5 of 6):\r\n          $__cmdletization_methodParameter = [Microsoft.PowerShell.Cmdletization.MethodParameter]@{Name = \u0027Trigger\u0027; ParameterType = \u0027Microsoft.Management.Infrastructure.CimInstance[]\u0027; Bindings = \u0027In\u0027; Value = $__cmdletization_defaultValue; IsValuePresent = $__cmdletization_defaultValueIsPresent}\r\n        }\r\n        $__cmdletization_methodParameter.ParameterTypeName = \u0027Microsoft.Management.Infrastructure.CimInstance#MSFT_TaskTrigger\u0027\r\n        $__cmdletization_methodParameters.Add($__cmdletization_methodParameter)\r\n\r\n        [object]$__cmdletization_defaultValue = $null\r\n        [object]$__cmdletization_defaultValueIsPresent = $false\r\n        if ($PSBoundParameters.ContainsKey(\u0027Description\u0027)) {\r\n          [object]$__cmdletization_value = ${Description}\r\n          $__cmdletization_methodParameter = [Microsoft.PowerShell.Cmdletization.MethodParameter]@{Name = \u0027Description\u0027; ParameterType = \u0027System.String\u0027; Bindings = \u0027In\u0027; Value = $__cmdletization_value; IsValuePresent = $true}\r\n        } else {\r\n          $__cmdletization_methodParameter = [Microsoft.PowerShell.Cmdletization.MethodParameter]@{Name = \u0027Description\u0027; ParameterType = \u0027System.String\u0027; Bindings = \u0027In\u0027; Value = $__cmdletization_defaultValue; IsValuePresent = $__cmdletization_defaultValueIsPresent}\r\n        }\r\n        $__cmdletization_methodParameters.Add($__cmdletization_methodParameter)\r\n\r\n        [object]$__cmdletization_defaultValue = $null\r\n        [object]$__cmdletization_defaultValueIsPresent = $false\r\n          $__cmdletization_methodParameter = [Microsoft.PowerShell.Cmdletization.MethodParameter]@{Name = \u0027CmdletOutput\u0027; ParameterType = \u0027Microsoft.Management.Infrastructure.CimInstance\u0027; Bindings = \u0027Out\u0027; Value = $__cmdletization_defaultValue; IsValuePresent = $__cmdletization_defaultValueIsPresent}\r\n        $__cmdletization_methodParameter.ParameterTypeName = \u0027Microsoft.Management.Infrastructure.CimInstance#MSFT_ClusteredScheduledTask\u0027\r\n        $__cmdletization_me"
    },
    {
        "timestamp":  "2026-08-21T14:01:23.6607492+02:00",
        "log_source":  "PowerShell",
        "event_id":  4104,
        "raw_message":  "Creating Scriptblock text (4 of 6):\r\nlidateNotNull()]\r\n    [ValidateNotNullOrEmpty()]\r\n    [string]\r\n    ${Cluster},\r\n\r\n    [Parameter(ParameterSetName=\u0027Object\u0027, Mandatory=$true, Position=1, ValueFromPipeline=$true)]\r\n    [PSTypeName(\u0027Microsoft.Management.Infrastructure.CimInstance#MSFT_ScheduledTask\u0027)]\r\n    [ValidateNotNull()]\r\n    [ValidateNotNullOrEmpty()]\r\n    [ciminstance]\r\n    ${InputObject},\r\n\r\n    [Parameter(ParameterSetName=\u0027Params\u0027, Position=1)]\r\n    [PSTypeName(\u0027Microsoft.Management.Infrastructure.CimInstance#MSFT_TaskAction\u0027)]\r\n    [ValidateNotNull()]\r\n    [ValidateNotNullOrEmpty()]\r\n    [ciminstance[]]\r\n    ${Action},\r\n\r\n    [Parameter(ParameterSetName=\u0027Params\u0027, Position=3)]\r\n    [PSTypeName(\u0027Microsoft.Management.Infrastructure.CimInstance#MSFT_TaskSettings\u0027)]\r\n    [ValidateNotNull()]\r\n    [ValidateNotNullOrEmpty()]\r\n    [ciminstance]\r\n    ${Settings},\r\n\r\n    [Parameter(ParameterSetName=\u0027Params\u0027, Position=2)]\r\n    [PSTypeName(\u0027Microsoft.Management.Infrastructure.CimInstance#MSFT_TaskTrigger\u0027)]\r\n    [ValidateNotNull()]\r\n    [ValidateNotNullOrEmpty()]\r\n    [ciminstance[]]\r\n    ${Trigger},\r\n\r\n    [Parameter(ParameterSetName=\u0027Params\u0027, Position=4)]\r\n    [ValidateNotNull()]\r\n    [ValidateNotNullOrEmpty()]\r\n    [string]\r\n    ${Description},\r\n\r\n    [Parameter(ParameterSetName=\u0027Xml\u0027, Mandatory=$true, Position=1, ValueFromPipeline=$true)]\r\n    [ValidateNotNull()]\r\n    [ValidateNotNullOrEmpty()]\r\n    [string]\r\n    ${Xml},\r\n\r\n    [Parameter(ParameterSetName=\u0027Object\u0027)]\r\n    [Parameter(ParameterSetName=\u0027Params\u0027)]\r\n    [Parameter(ParameterSetName=\u0027Xml\u0027)]\r\n    [Alias(\u0027Session\u0027)]\r\n    [ValidateNotNullOrEmpty()]\r\n    [CimSession[]]\r\n    ${CimSession},\r\n\r\n    [Parameter(ParameterSetName=\u0027Object\u0027)]\r\n    [Parameter(ParameterSetName=\u0027Params\u0027)]\r\n    [Parameter(ParameterSetName=\u0027Xml\u0027)]\r\n    [int]\r\n    ${ThrottleLimit},\r\n\r\n    [Parameter(ParameterSetName=\u0027Object\u0027)]\r\n    [Parameter(ParameterSetName=\u0027Params\u0027)]\r\n    [Parameter(ParameterSetName=\u0027Xml\u0027)]\r\n    [switch]\r\n    ${AsJob})\r"
    },
    {
        "timestamp":  "2026-08-21T14:01:23.6607387+02:00",
        "log_source":  "PowerShell",
        "event_id":  4104,
        "raw_message":  "Creating Scriptblock text (3 of 6):\r\ndParameter]@{Name = \u0027Cluster\u0027; ParameterType = \u0027System.String\u0027; Bindings = \u0027In\u0027; Value = $__cmdletization_value; IsValuePresent = $true}\r\n        } else {\r\n          $__cmdletization_methodParameter = [Microsoft.PowerShell.Cmdletization.MethodParameter]@{Name = \u0027Cluster\u0027; ParameterType = \u0027System.String\u0027; Bindings = \u0027In\u0027; Value = $__cmdletization_defaultValue; IsValuePresent = $__cmdletization_defaultValueIsPresent}\r\n        }\r\n        $__cmdletization_methodParameters.Add($__cmdletization_methodParameter)\r\n\r\n        [object]$__cmdletization_defaultValue = $null\r\n        [object]$__cmdletization_defaultValueIsPresent = $false\r\n        if ($PSBoundParameters.ContainsKey(\u0027Action\u0027)) {\r\n          [object]$__cmdletization_value = ${Action}\r\n          $__cmdletization_methodParameter = [Microsoft.PowerShell.Cmdletization.MethodParameter]@{Name = \u0027Action\u0027; ParameterType = \u0027Microsoft.Management.Infrastructure.CimInstance[]\u0027; Bindings = \u0027In\u0027; Value = $__cmdletization_value; IsValuePresent = $true}\r\n        } else {\r\n          $__cmdletization_methodParameter = [Microsoft.PowerShell.Cmdletization.MethodParameter]@{Name = \u0027Action\u0027; ParameterType = \u0027Microsoft.Management.Infrastructure.CimInstance[]\u0027; Bindings = \u0027In\u0027; Value = $__cmdletization_defaultValue; IsValuePresent = $__cmdletization_defaultValueIsPresent}\r\n        }\r\n        $__cmdletization_methodParameter.ParameterTypeName = \u0027Microsoft.Management.Infrastructure.CimInstance#MSFT_TaskAction\u0027\r\n        $__cmdletization_methodParameters.Add($__cmdletization_methodParameter)\r\n\r\n        [object]$__cmdletization_defaultValue = $null\r\n        [object]$__cmdletization_defaultValueIsPresent = $false\r\n        if ($PSBoundParameters.ContainsKey(\u0027TaskType\u0027)) {\r\n          [object]$__cmdletization_value = ${TaskType}\r\n          $__cmdletization_methodParameter = [Microsoft.PowerShell.Cmdletization.MethodParameter]@{Name = \u0027TaskType\u0027; ParameterType = \u0027Microsoft.PowerShell.Cmdletization.GeneratedTypes."
    },
    {
        "timestamp":  "2026-08-21T14:01:23.6607252+02:00",
        "log_source":  "PowerShell",
        "event_id":  4104,
        "raw_message":  "Creating Scriptblock text (2 of 6):\r\nrameter(ParameterSetName=\u0027Object\u0027)]\r\n    [Parameter(ParameterSetName=\u0027Params\u0027)]\r\n    [Parameter(ParameterSetName=\u0027Xml\u0027)]\r\n    [int]\r\n    ${ThrottleLimit},\r\n\r\n    [Parameter(ParameterSetName=\u0027Object\u0027)]\r\n    [Parameter(ParameterSetName=\u0027Params\u0027)]\r\n    [Parameter(ParameterSetName=\u0027Xml\u0027)]\r\n    [switch]\r\n    ${AsJob})\r\n\r\n    DynamicParam {\r\n        try \r\n        {\r\n            if (-not $__cmdletization_exceptionHasBeenThrown)\r\n            {\r\n                $__cmdletization_objectModelWrapper = $script:ObjectModelWrapper::new()\r\n                $__cmdletization_objectModelWrapper.Initialize($PSCmdlet, $script:ClassName, $script:ClassVersion, $script:ModuleVersion, $script:PrivateData)\r\n\r\n                if ($__cmdletization_objectModelWrapper -is [System.Management.Automation.IDynamicParameters])\r\n                {\r\n                    ([System.Management.Automation.IDynamicParameters]$__cmdletization_objectModelWrapper).GetDynamicParameters()\r\n                }\r\n            }\r\n        }\r\n        catch\r\n        {\r\n            $__cmdletization_exceptionHasBeenThrown = $true\r\n            throw\r\n        }\r\n    }\r\n\r\n    Begin {\r\n        $__cmdletization_exceptionHasBeenThrown = $false\r\n        try \r\n        {\r\n            __cmdletization_BindCommonParameters $__cmdletization_objectModelWrapper $PSBoundParameters\r\n            $__cmdletization_objectModelWrapper.BeginProcessing()\r\n        }\r\n        catch\r\n        {\r\n            $__cmdletization_exceptionHasBeenThrown = $true\r\n            throw\r\n        }\r\n    }\r\n        \r\n\r\n    Process {\r\n        try \r\n        {\r\n            if (-not $__cmdletization_exceptionHasBeenThrown)\r\n            {\r\n      $__cmdletization_methodParameters = [System.Collections.Generic.List[Microsoft.PowerShell.Cmdletization.MethodParameter]]::new()\r\n\r\n      switch -exact ($PSCmdlet.ParameterSetName) { \r\n        { @(\u0027Object\u0027) -contains $_ } {\r\n        [object]$__cmdletization_defaultValue = $null\r\n        [object]$__"
    },
    {
        "timestamp":  "2026-08-21T14:01:23.6607140+02:00",
        "log_source":  "PowerShell",
        "event_id":  4104,
        "raw_message":  "Creating Scriptblock text (1 of 6):\r\n\r\n#requires -version 3.0\r\n\r\ntry { Microsoft.PowerShell.Core\\Set-StrictMode -Off } catch { }\r\n\r\n$script:MyModule = $MyInvocation.MyCommand.ScriptBlock.Module\r\n\r\n$script:ClassName = \u0027Root/Microsoft/Windows/TaskScheduler/PS_ClusteredScheduledTask\u0027\r\n$script:ClassVersion = \u00271.0\u0027\r\n$script:ModuleVersion = \u00271.0\u0027\r\n$script:ObjectModelWrapper = [Microsoft.PowerShell.Cmdletization.Cim.CimCmdletAdapter]\r\n\r\n$script:PrivateData = [System.Collections.Generic.Dictionary[string,string]]::new()\r\n\r\nMicrosoft.PowerShell.Core\\Export-ModuleMember -Function @()\r\n        \r\n\r\nfunction __cmdletization_BindCommonParameters\r\n{\r\n    param(\r\n        $__cmdletization_objectModelWrapper,\r\n        $myPSBoundParameters\r\n    )       \r\n                \r\n\r\n        if ($myPSBoundParameters.ContainsKey(\u0027CimSession\u0027)) { \r\n            $__cmdletization_objectModelWrapper.PSObject.Properties[\u0027CimSession\u0027].Value = $myPSBoundParameters[\u0027CimSession\u0027] \r\n        }\r\n                    \r\n\r\n        if ($myPSBoundParameters.ContainsKey(\u0027ThrottleLimit\u0027)) { \r\n            $__cmdletization_objectModelWrapper.PSObject.Properties[\u0027ThrottleLimit\u0027].Value = $myPSBoundParameters[\u0027ThrottleLimit\u0027] \r\n        }\r\n                    \r\n\r\n        if ($myPSBoundParameters.ContainsKey(\u0027AsJob\u0027)) { \r\n            $__cmdletization_objectModelWrapper.PSObject.Properties[\u0027AsJob\u0027].Value = $myPSBoundParameters[\u0027AsJob\u0027] \r\n        }\r\n                    \r\n\r\n}\r\n                \r\n\r\nfunction Get-ClusteredScheduledTask\r\n{\r\n    [CmdletBinding(PositionalBinding=$false)]\r\n    \r\n    [OutputType([Microsoft.Management.Infrastructure.CimInstance[]])][OutputType(\u0027Microsoft.Management.Infrastructure.CimInstance#MSFT_ClusteredScheduledTask\u0027)]\r\n    param(\r\n    \r\n    [Parameter(ParameterSetName=\u0027Get0\u0027, Position=0)]\r\n    [ValidateNotNull()]\r\n    [ValidateNotNullOrEmpty()]\r\n    [string]\r\n    ${TaskName},\r\n\r\n    [Parameter(ParameterSetName=\u0027Get0\u0027, Position=1)]\r\n    [ValidateNotNull()]\r\n    [ValidateNotNullOrEmpty()]\r\n    [strin"
    },
    {
        "timestamp":  "2026-08-21T14:01:23.5974021+02:00",
        "log_source":  "PowerShell",
        "event_id":  4104,
        "raw_message":  "Creating Scriptblock text (17 of 17):\r\nk\u0027)]\r\n    [ValidateNotNull()]\r\n    [ValidateNotNullOrEmpty()]\r\n    [ciminstance]\r\n    ${InputObject},\r\n\r\n    [Parameter(ParameterSetName=\u0027Path\u0027, Position=1)]\r\n    [ValidateNotNull()]\r\n    [ValidateNotNullOrEmpty()]\r\n    [string]\r\n    ${TaskPath},\r\n\r\n    [Parameter(ParameterSetName=\u0027Path\u0027, Mandatory=$true, Position=0)]\r\n    [ValidateNotNull()]\r\n    [ValidateNotNullOrEmpty()]\r\n    [string]\r\n    ${TaskName},\r\n\r\n    [Parameter(ParameterSetName=\u0027Object\u0027)]\r\n    [Parameter(ParameterSetName=\u0027Path\u0027)]\r\n    [Alias(\u0027Session\u0027)]\r\n    [ValidateNotNullOrEmpty()]\r\n    [CimSession[]]\r\n    ${CimSession},\r\n\r\n    [Parameter(ParameterSetName=\u0027Object\u0027)]\r\n    [Parameter(ParameterSetName=\u0027Path\u0027)]\r\n    [int]\r\n    ${ThrottleLimit},\r\n\r\n    [Parameter(ParameterSetName=\u0027Object\u0027)]\r\n    [Parameter(ParameterSetName=\u0027Path\u0027)]\r\n    [switch]\r\n    ${AsJob})\r\n\r\n    DynamicParam {\r\n        try \r\n        {\r\n            if (-not $__cmdletization_exceptionHasBeenThrown)\r\n            {\r\n                $__cmdletization_objectModelWrapper = $script:ObjectModelWrapper::new()\r\n                $__cmdletization_objectModelWrapper.Initialize($PSCmdlet, $script:ClassName, $script:ClassVersion, $script:ModuleVersion, $script:PrivateData)\r\n\r\n                if ($__cmdletization_objectModelWrapper -is [System.Management.Automation.IDynamicParameters])\r\n                {\r\n                    ([System.Management.Automation.IDynamicParameters]$__cmdletization_objectModelWrapper).GetDynamicParameters()\r\n                }\r\n            }\r\n        }\r\n        catch\r\n        {\r\n            $__cmdletization_exceptionHasBeenThrown = $true\r\n            throw\r\n        }\r\n    }\r\n\r\n    Begin {\r\n        $__cmdletization_exceptionHasBeenThrown = $false\r\n        try \r\n        {\r\n            __cmdletization_BindCommonParameters $__cmdletization_objectModelWrapper $PSBoundParameters\r\n            $__cmdletization_objectModelWrapper.BeginProcessing()\r\n        }\r\n        catch\r\n        {\r\n            $_"
    },
    {
        "timestamp":  "2026-08-21T14:01:23.5973976+02:00",
        "log_source":  "PowerShell",
        "event_id":  4104,
        "raw_message":  "Creating Scriptblock text (16 of 17):\r\ndParameters.ContainsKey(\u0027Trigger\u0027)) {\r\n          [object]$__cmdletization_value = ${Trigger}\r\n          $__cmdletization_methodParameter = [Microsoft.PowerShell.Cmdletization.MethodParameter]@{Name = \u0027Trigger\u0027; ParameterType = \u0027Microsoft.Management.Infrastructure.CimInstance[]\u0027; Bindings = \u0027In\u0027; Value = $__cmdletization_value; IsValuePresent = $true}\r\n        } else {\r\n          $__cmdletization_methodParameter = [Microsoft.PowerShell.Cmdletization.MethodParameter]@{Name = \u0027Trigger\u0027; ParameterType = \u0027Microsoft.Management.Infrastructure.CimInstance[]\u0027; Bindings = \u0027In\u0027; Value = $__cmdletization_defaultValue; IsValuePresent = $__cmdletization_defaultValueIsPresent}\r\n        }\r\n        $__cmdletization_methodParameter.ParameterTypeName = \u0027Microsoft.Management.Infrastructure.CimInstance#MSFT_TaskTrigger\u0027\r\n        $__cmdletization_methodParameters.Add($__cmdletization_methodParameter)\r\n\r\n        [object]$__cmdletization_defaultValue = $null\r\n        [object]$__cmdletization_defaultValueIsPresent = $false\r\n        if ($PSBoundParameters.ContainsKey(\u0027Password\u0027)) {\r\n          [object]$__cmdletization_value = ${Password}\r\n          $__cmdletization_methodParameter = [Microsoft.PowerShell.Cmdletization.MethodParameter]@{Name = \u0027Password\u0027; ParameterType = \u0027System.String\u0027; Bindings = \u0027In\u0027; Value = $__cmdletization_value; IsValuePresent = $true}\r\n        } else {\r\n          $__cmdletization_methodParameter = [Microsoft.PowerShell.Cmdletization.MethodParameter]@{Name = \u0027Password\u0027; ParameterType = \u0027System.String\u0027; Bindings = \u0027In\u0027; Value = $__cmdletization_defaultValue; IsValuePresent = $__cmdletization_defaultValueIsPresent}\r\n        }\r\n        $__cmdletization_methodParameters.Add($__cmdletization_methodParameter)\r\n\r\n        [object]$__cmdletization_defaultValue = $null\r\n        [object]$__cmdletization_defaultValueIsPresent = $false\r\n        if ($PSBoundParameters.ContainsKey(\u0027User\u0027)) {\r\n          [object]$__cmdletization_value = ${User}\r\n  "
    },
    {
        "timestamp":  "2026-08-21T14:01:23.5973905+02:00",
        "log_source":  "PowerShell",
        "event_id":  4104,
        "raw_message":  "Creating Scriptblock text (15 of 17):\r\nMethodParameter]@{Name = \u0027Password\u0027; ParameterType = \u0027System.String\u0027; Bindings = \u0027In\u0027; Value = $__cmdletization_value; IsValuePresent = $true}\r\n        } else {\r\n          $__cmdletization_methodParameter = [Microsoft.PowerShell.Cmdletization.MethodParameter]@{Name = \u0027Password\u0027; ParameterType = \u0027System.String\u0027; Bindings = \u0027In\u0027; Value = $__cmdletization_defaultValue; IsValuePresent = $__cmdletization_defaultValueIsPresent}\r\n        }\r\n        $__cmdletization_methodParameters.Add($__cmdletization_methodParameter)\r\n\r\n        [object]$__cmdletization_defaultValue = $null\r\n        [object]$__cmdletization_defaultValueIsPresent = $false\r\n        if ($PSBoundParameters.ContainsKey(\u0027User\u0027)) {\r\n          [object]$__cmdletization_value = ${User}\r\n          $__cmdletization_methodParameter = [Microsoft.PowerShell.Cmdletization.MethodParameter]@{Name = \u0027User\u0027; ParameterType = \u0027System.String\u0027; Bindings = \u0027In\u0027; Value = $__cmdletization_value; IsValuePresent = $true}\r\n        } else {\r\n          $__cmdletization_methodParameter = [Microsoft.PowerShell.Cmdletization.MethodParameter]@{Name = \u0027User\u0027; ParameterType = \u0027System.String\u0027; Bindings = \u0027In\u0027; Value = $__cmdletization_defaultValue; IsValuePresent = $__cmdletization_defaultValueIsPresent}\r\n        }\r\n        $__cmdletization_methodParameters.Add($__cmdletization_methodParameter)\r\n\r\n        [object]$__cmdletization_defaultValue = $null\r\n        [object]$__cmdletization_defaultValueIsPresent = $false\r\n          $__cmdletization_methodParameter = [Microsoft.PowerShell.Cmdletization.MethodParameter]@{Name = \u0027CmdletOutput\u0027; ParameterType = \u0027Microsoft.Management.Infrastructure.CimInstance\u0027; Bindings = \u0027Out\u0027; Value = $__cmdletization_defaultValue; IsValuePresent = $__cmdletization_defaultValueIsPresent}\r\n        $__cmdletization_methodParameter.ParameterTypeName = \u0027Microsoft.Management.Infrastructure.CimInstance#MSFT_ScheduledTask\u0027\r\n        $__cmdletization_methodParameters.Add($__cmdletization_m"
    },
